<?xml version="1.0" encoding="utf-8" standalone="no"?>
<!--This file represents the results of running a test suite-->
<test-results name="\\vmware-host\Shared Folders\Documenten\Health-Informatics-Social-Phobia\Code\NijnCoach\NijnCoach\NijnCoach.csproj" total="0" errors="0" failures="0" not-run="0" inconclusive="0" ignored="0" skipped="0" invalid="0" date="2013-05-05" time="18:07:11">
  <environment nunit-version="2.6.2.12296" clr-version="2.0.50727.5466" os-version="Microsoft Windows NT 6.1.7601 Service Pack 1" platform="Win32NT" cwd="\\vmware-host\Shared Folders\Documenten\Health-Informatics-Social-Phobia\Code\NijnCoach_Test\bin\Debug" machine-name="VIRTUALWINDOWS" user="Johnny Verhoeff" user-domain="VirtualWindows" />
  <culture-info current-culture="en-US" current-uiculture="en-US" />
  <test-suite type="Project" name="\\vmware-host\Shared Folders\Documenten\Health-Informatics-Social-Phobia\Code\NijnCoach\NijnCoach\NijnCoach.csproj" executed="True" result="Inconclusive" success="False" time="0.016" asserts="0">
    <results>
      <test-suite type="Assembly" name="\\vmware-host\Shared Folders\Documenten\Health-Informatics-Social-Phobia\Code\NijnCoach\NijnCoach\bin\Debug\NijnCoach.exe" executed="True" result="Inconclusive" success="False" time="0.000" asserts="0" />
    </results>
  </test-suite>
</test-results>