<?xml version="1.0" encoding="utf-8" standalone="no"?>
<!--This file represents the results of running a test suite-->
<test-results name="\\vmware-host\Shared Folders\Documenten\Health-Informatics-Social-Phobia\Code\NijnCoach_Test\NijnCoach_Test.csproj" total="155" errors="0" failures="0" not-run="0" inconclusive="0" ignored="0" skipped="0" invalid="0" date="2013-05-13" time="12:13:26">
  <environment nunit-version="2.6.2.12296" clr-version="2.0.50727.5466" os-version="Microsoft Windows NT 6.1.7601 Service Pack 1" platform="Win32NT" cwd="\\vmware-host\Shared Folders\Documenten\Health-Informatics-Social-Phobia\Code\NijnCoach_Test\bin\Debug" machine-name="VIRTUALWINDOWS" user="Johnny Verhoeff" user-domain="VirtualWindows" />
  <culture-info current-culture="en-US" current-uiculture="en-US" />
  <test-suite type="Project" name="\\vmware-host\Shared Folders\Documenten\Health-Informatics-Social-Phobia\Code\NijnCoach_Test\NijnCoach_Test.csproj" executed="True" result="Success" success="True" time="12.467" asserts="0">
    <results>
      <test-suite type="Assembly" name="\\vmware-host\Shared Folders\Documenten\Health-Informatics-Social-Phobia\Code\NijnCoach_Test\bin\Debug\NijnCoach_Test.exe" executed="True" result="Success" success="True" time="12.436" asserts="0">
        <results>
          <test-suite type="Namespace" name="NijnCoach_Test" executed="True" result="Success" success="True" time="12.420" asserts="0">
            <results>
              <test-suite type="TestFixture" name="PatientQuestionnaireGUITest" executed="True" result="Success" success="True" time="1.576" asserts="0">
                <results>
                  <test-case name="NijnCoach_Test.PatientQuestionnaireGUITest.commentTest" executed="True" result="Success" success="True" time="1.108" asserts="1" />
                  <test-case name="NijnCoach_Test.PatientQuestionnaireGUITest.mcQuestionOptionsTest" executed="True" result="Success" success="True" time="0.250" asserts="1" />
                  <test-case name="NijnCoach_Test.PatientQuestionnaireGUITest.mcQuestionTextTest" executed="True" result="Success" success="True" time="0.094" asserts="1" />
                  <test-case name="NijnCoach_Test.PatientQuestionnaireGUITest.openQuestionTextTest" executed="True" result="Success" success="True" time="0.062" asserts="2" />
                </results>
              </test-suite>
              <test-suite type="TestFixture" name="TherapistGUITest" executed="True" result="Success" success="True" time="2.621" asserts="0">
                <results>
                  <test-case name="NijnCoach_Test.TherapistGUITest.testForCheckedMCradioButtonInMC" executed="True" result="Success" success="True" time="0.203" asserts="1" />
                  <test-case name="NijnCoach_Test.TherapistGUITest.testForCorrectRadioButtonCheckedinComment" executed="True" result="Success" success="True" time="0.062" asserts="1" />
                  <test-case name="NijnCoach_Test.TherapistGUITest.testForCorrectRadioButtonCheckedinOpen" executed="True" result="Success" success="True" time="0.062" asserts="1" />
                  <test-case name="NijnCoach_Test.TherapistGUITest.testForEmptyQuestionBoxinComment" executed="True" result="Success" success="True" time="0.062" asserts="1" />
                  <test-case name="NijnCoach_Test.TherapistGUITest.testForEmptyQuestionBoxinOpen" executed="True" result="Success" success="True" time="0.062" asserts="1" />
                  <test-case name="NijnCoach_Test.TherapistGUITest.testForFinishQuestionWithoutQuestions" executed="True" result="Success" success="True" time="0.062" asserts="1" />
                  <test-case name="NijnCoach_Test.TherapistGUITest.testForInvisibleAddButtoninComment" executed="True" result="Success" success="True" time="0.062" asserts="1" />
                  <test-case name="NijnCoach_Test.TherapistGUITest.testForInvisibleAddButtoninOpen" executed="True" result="Success" success="True" time="0.062" asserts="1" />
                  <test-case name="NijnCoach_Test.TherapistGUITest.testForInvisibleAnswerEmotionLabelinComment" executed="True" result="Success" success="True" time="0.062" asserts="2" />
                  <test-case name="NijnCoach_Test.TherapistGUITest.testForInvisibleAnswerEmotionLabelinOpen" executed="True" result="Success" success="True" time="0.062" asserts="2" />
                  <test-case name="NijnCoach_Test.TherapistGUITest.testForInvisibleEmotionComboBoxinComment" executed="True" result="Success" success="True" time="0.062" asserts="7" />
                  <test-case name="NijnCoach_Test.TherapistGUITest.testForInVisibleEmotionComboBoxInMC" executed="True" result="Success" success="True" time="0.062" asserts="6" />
                  <test-case name="NijnCoach_Test.TherapistGUITest.testForInvisibleEmotionComboBoxinOpen" executed="True" result="Success" success="True" time="0.062" asserts="7" />
                  <test-case name="NijnCoach_Test.TherapistGUITest.testForInvisibleQuestionLabelsinComment" executed="True" result="Success" success="True" time="0.062" asserts="8" />
                  <test-case name="NijnCoach_Test.TherapistGUITest.testForInVisibleQuestionLabelsInMC" executed="True" result="Success" success="True" time="0.062" asserts="6" />
                  <test-case name="NijnCoach_Test.TherapistGUITest.testForInvisibleQuestionLabelsinOpen" executed="True" result="Success" success="True" time="0.062" asserts="8" />
                  <test-case name="NijnCoach_Test.TherapistGUITest.testForInvisibleQuestionTextBoxesinComment" executed="True" result="Success" success="True" time="0.062" asserts="8" />
                  <test-case name="NijnCoach_Test.TherapistGUITest.testForInVisibleQuestionTextBoxesInMC" executed="True" result="Success" success="True" time="0.078" asserts="6" />
                  <test-case name="NijnCoach_Test.TherapistGUITest.testForInvisibleQuestionTextBoxesinOpen" executed="True" result="Success" success="True" time="0.062" asserts="8" />
                  <test-case name="NijnCoach_Test.TherapistGUITest.testForInvisibleRemoveButtoninComment" executed="True" result="Success" success="True" time="0.062" asserts="1" />
                  <test-case name="NijnCoach_Test.TherapistGUITest.testForInvisibleRemoveButtoninOpen" executed="True" result="Success" success="True" time="0.062" asserts="1" />
                  <test-case name="NijnCoach_Test.TherapistGUITest.testForLabelQisCommentinComment" executed="True" result="Success" success="True" time="0.062" asserts="1" />
                  <test-case name="NijnCoach_Test.TherapistGUITest.testForLabelQisQuestionInMC" executed="True" result="Success" success="True" time="0.078" asserts="1" />
                  <test-case name="NijnCoach_Test.TherapistGUITest.testForLabelQisQuestioninOpen" executed="True" result="Success" success="True" time="0.047" asserts="1" />
                  <test-case name="NijnCoach_Test.TherapistGUITest.testForNextButton" executed="True" result="Success" success="True" time="0.062" asserts="1" />
                  <test-case name="NijnCoach_Test.TherapistGUITest.testForVerifyWhenAddClickedInMC" executed="True" result="Success" success="True" time="0.078" asserts="24" />
                  <test-case name="NijnCoach_Test.TherapistGUITest.testForVerifyWhenRemoveClickedWithThreeOptionsInMC" executed="True" result="Success" success="True" time="0.094" asserts="24" />
                  <test-case name="NijnCoach_Test.TherapistGUITest.testForVerifyWhenRemoveClickedWithTwoOptionsInMC" executed="True" result="Success" success="True" time="0.078" asserts="24" />
                  <test-case name="NijnCoach_Test.TherapistGUITest.testForVisibleAddButtonInMC" executed="True" result="Success" success="True" time="0.062" asserts="1" />
                  <test-case name="NijnCoach_Test.TherapistGUITest.testForVisibleEmotionAnswerLabelInMC" executed="True" result="Success" success="True" time="0.078" asserts="2" />
                  <test-case name="NijnCoach_Test.TherapistGUITest.testForVisibleEmotionComboBoxInComment" executed="True" result="Success" success="True" time="0.062" asserts="1" />
                  <test-case name="NijnCoach_Test.TherapistGUITest.testForVisibleEmotionComboBoxInMC" executed="True" result="Success" success="True" time="0.094" asserts="2" />
                  <test-case name="NijnCoach_Test.TherapistGUITest.testForVisibleEmotionComboBoxinOpen" executed="True" result="Success" success="True" time="0.062" asserts="1" />
                  <test-case name="NijnCoach_Test.TherapistGUITest.testForVisibleQuestionLabelsInMC" executed="True" result="Success" success="True" time="0.078" asserts="2" />
                  <test-case name="NijnCoach_Test.TherapistGUITest.testForVisibleQuestionTextBoxesInMC" executed="True" result="Success" success="True" time="0.078" asserts="2" />
                  <test-case name="NijnCoach_Test.TherapistGUITest.testForVisibleRemoveButtonInMC" executed="True" result="Success" success="True" time="0.062" asserts="1" />
                </results>
              </test-suite>
              <test-suite type="TestFixture" name="TherapistGUITestCommentViaOpenAndMC" executed="True" result="Success" success="True" time="2.746" asserts="0">
                <results>
                  <test-case name="NijnCoach_Test.TherapistGUITestCommentViaOpenAndMC.TherapistGUITest.testForCheckedMCradioButtonInMC" executed="True" result="Success" success="True" time="0.062" asserts="1" />
                  <test-case name="NijnCoach_Test.TherapistGUITestCommentViaOpenAndMC.TherapistGUITest.testForCorrectRadioButtonCheckedinComment" executed="True" result="Success" success="True" time="0.094" asserts="1" />
                  <test-case name="NijnCoach_Test.TherapistGUITestCommentViaOpenAndMC.TherapistGUITest.testForCorrectRadioButtonCheckedinOpen" executed="True" result="Success" success="True" time="0.062" asserts="1" />
                  <test-case name="NijnCoach_Test.TherapistGUITestCommentViaOpenAndMC.TherapistGUITest.testForEmptyQuestionBoxinComment" executed="True" result="Success" success="True" time="0.078" asserts="1" />
                  <test-case name="NijnCoach_Test.TherapistGUITestCommentViaOpenAndMC.TherapistGUITest.testForEmptyQuestionBoxinOpen" executed="True" result="Success" success="True" time="0.062" asserts="1" />
                  <test-case name="NijnCoach_Test.TherapistGUITestCommentViaOpenAndMC.TherapistGUITest.testForFinishQuestionWithoutQuestions" executed="True" result="Success" success="True" time="0.062" asserts="1" />
                  <test-case name="NijnCoach_Test.TherapistGUITestCommentViaOpenAndMC.TherapistGUITest.testForInvisibleAddButtoninComment" executed="True" result="Success" success="True" time="0.078" asserts="1" />
                  <test-case name="NijnCoach_Test.TherapistGUITestCommentViaOpenAndMC.TherapistGUITest.testForInvisibleAddButtoninOpen" executed="True" result="Success" success="True" time="0.078" asserts="1" />
                  <test-case name="NijnCoach_Test.TherapistGUITestCommentViaOpenAndMC.TherapistGUITest.testForInvisibleAnswerEmotionLabelinComment" executed="True" result="Success" success="True" time="0.078" asserts="2" />
                  <test-case name="NijnCoach_Test.TherapistGUITestCommentViaOpenAndMC.TherapistGUITest.testForInvisibleAnswerEmotionLabelinOpen" executed="True" result="Success" success="True" time="0.047" asserts="2" />
                  <test-case name="NijnCoach_Test.TherapistGUITestCommentViaOpenAndMC.TherapistGUITest.testForInvisibleEmotionComboBoxinComment" executed="True" result="Success" success="True" time="0.109" asserts="7" />
                  <test-case name="NijnCoach_Test.TherapistGUITestCommentViaOpenAndMC.TherapistGUITest.testForInVisibleEmotionComboBoxInMC" executed="True" result="Success" success="True" time="0.078" asserts="6" />
                  <test-case name="NijnCoach_Test.TherapistGUITestCommentViaOpenAndMC.TherapistGUITest.testForInvisibleEmotionComboBoxinOpen" executed="True" result="Success" success="True" time="0.062" asserts="7" />
                  <test-case name="NijnCoach_Test.TherapistGUITestCommentViaOpenAndMC.TherapistGUITest.testForInvisibleQuestionLabelsinComment" executed="True" result="Success" success="True" time="0.078" asserts="8" />
                  <test-case name="NijnCoach_Test.TherapistGUITestCommentViaOpenAndMC.TherapistGUITest.testForInVisibleQuestionLabelsInMC" executed="True" result="Success" success="True" time="0.062" asserts="6" />
                  <test-case name="NijnCoach_Test.TherapistGUITestCommentViaOpenAndMC.TherapistGUITest.testForInvisibleQuestionLabelsinOpen" executed="True" result="Success" success="True" time="0.062" asserts="8" />
                  <test-case name="NijnCoach_Test.TherapistGUITestCommentViaOpenAndMC.TherapistGUITest.testForInvisibleQuestionTextBoxesinComment" executed="True" result="Success" success="True" time="0.094" asserts="8" />
                  <test-case name="NijnCoach_Test.TherapistGUITestCommentViaOpenAndMC.TherapistGUITest.testForInVisibleQuestionTextBoxesInMC" executed="True" result="Success" success="True" time="0.062" asserts="6" />
                  <test-case name="NijnCoach_Test.TherapistGUITestCommentViaOpenAndMC.TherapistGUITest.testForInvisibleQuestionTextBoxesinOpen" executed="True" result="Success" success="True" time="0.062" asserts="8" />
                  <test-case name="NijnCoach_Test.TherapistGUITestCommentViaOpenAndMC.TherapistGUITest.testForInvisibleRemoveButtoninComment" executed="True" result="Success" success="True" time="0.078" asserts="1" />
                  <test-case name="NijnCoach_Test.TherapistGUITestCommentViaOpenAndMC.TherapistGUITest.testForInvisibleRemoveButtoninOpen" executed="True" result="Success" success="True" time="0.062" asserts="1" />
                  <test-case name="NijnCoach_Test.TherapistGUITestCommentViaOpenAndMC.TherapistGUITest.testForLabelQisCommentinComment" executed="True" result="Success" success="True" time="0.078" asserts="1" />
                  <test-case name="NijnCoach_Test.TherapistGUITestCommentViaOpenAndMC.TherapistGUITest.testForLabelQisQuestionInMC" executed="True" result="Success" success="True" time="0.062" asserts="1" />
                  <test-case name="NijnCoach_Test.TherapistGUITestCommentViaOpenAndMC.TherapistGUITest.testForLabelQisQuestioninOpen" executed="True" result="Success" success="True" time="0.062" asserts="1" />
                  <test-case name="NijnCoach_Test.TherapistGUITestCommentViaOpenAndMC.TherapistGUITest.testForNextButton" executed="True" result="Success" success="True" time="0.062" asserts="1" />
                  <test-case name="NijnCoach_Test.TherapistGUITestCommentViaOpenAndMC.TherapistGUITest.testForVerifyWhenAddClickedInMC" executed="True" result="Success" success="True" time="0.078" asserts="24" />
                  <test-case name="NijnCoach_Test.TherapistGUITestCommentViaOpenAndMC.TherapistGUITest.testForVerifyWhenRemoveClickedWithThreeOptionsInMC" executed="True" result="Success" success="True" time="0.078" asserts="24" />
                  <test-case name="NijnCoach_Test.TherapistGUITestCommentViaOpenAndMC.TherapistGUITest.testForVerifyWhenRemoveClickedWithTwoOptionsInMC" executed="True" result="Success" success="True" time="0.062" asserts="24" />
                  <test-case name="NijnCoach_Test.TherapistGUITestCommentViaOpenAndMC.TherapistGUITest.testForVisibleAddButtonInMC" executed="True" result="Success" success="True" time="0.078" asserts="1" />
                  <test-case name="NijnCoach_Test.TherapistGUITestCommentViaOpenAndMC.TherapistGUITest.testForVisibleEmotionAnswerLabelInMC" executed="True" result="Success" success="True" time="0.078" asserts="2" />
                  <test-case name="NijnCoach_Test.TherapistGUITestCommentViaOpenAndMC.TherapistGUITest.testForVisibleEmotionComboBoxInComment" executed="True" result="Success" success="True" time="0.078" asserts="1" />
                  <test-case name="NijnCoach_Test.TherapistGUITestCommentViaOpenAndMC.TherapistGUITest.testForVisibleEmotionComboBoxInMC" executed="True" result="Success" success="True" time="0.062" asserts="2" />
                  <test-case name="NijnCoach_Test.TherapistGUITestCommentViaOpenAndMC.TherapistGUITest.testForVisibleEmotionComboBoxinOpen" executed="True" result="Success" success="True" time="0.062" asserts="1" />
                  <test-case name="NijnCoach_Test.TherapistGUITestCommentViaOpenAndMC.TherapistGUITest.testForVisibleQuestionLabelsInMC" executed="True" result="Success" success="True" time="0.078" asserts="2" />
                  <test-case name="NijnCoach_Test.TherapistGUITestCommentViaOpenAndMC.TherapistGUITest.testForVisibleQuestionTextBoxesInMC" executed="True" result="Success" success="True" time="0.062" asserts="2" />
                  <test-case name="NijnCoach_Test.TherapistGUITestCommentViaOpenAndMC.TherapistGUITest.testForVisibleRemoveButtonInMC" executed="True" result="Success" success="True" time="0.078" asserts="1" />
                </results>
              </test-suite>
              <test-suite type="TestFixture" name="TherapistGUITestMCViaOpenAndComment" executed="True" result="Success" success="True" time="2.528" asserts="0">
                <results>
                  <test-case name="NijnCoach_Test.TherapistGUITestMCViaOpenAndComment.TherapistGUITest.testForCheckedMCradioButtonInMC" executed="True" result="Success" success="True" time="0.078" asserts="1" />
                  <test-case name="NijnCoach_Test.TherapistGUITestMCViaOpenAndComment.TherapistGUITest.testForCorrectRadioButtonCheckedinComment" executed="True" result="Success" success="True" time="0.062" asserts="1" />
                  <test-case name="NijnCoach_Test.TherapistGUITestMCViaOpenAndComment.TherapistGUITest.testForCorrectRadioButtonCheckedinOpen" executed="True" result="Success" success="True" time="0.062" asserts="1" />
                  <test-case name="NijnCoach_Test.TherapistGUITestMCViaOpenAndComment.TherapistGUITest.testForEmptyQuestionBoxinComment" executed="True" result="Success" success="True" time="0.062" asserts="1" />
                  <test-case name="NijnCoach_Test.TherapistGUITestMCViaOpenAndComment.TherapistGUITest.testForEmptyQuestionBoxinOpen" executed="True" result="Success" success="True" time="0.047" asserts="1" />
                  <test-case name="NijnCoach_Test.TherapistGUITestMCViaOpenAndComment.TherapistGUITest.testForFinishQuestionWithoutQuestions" executed="True" result="Success" success="True" time="0.062" asserts="1" />
                  <test-case name="NijnCoach_Test.TherapistGUITestMCViaOpenAndComment.TherapistGUITest.testForInvisibleAddButtoninComment" executed="True" result="Success" success="True" time="0.078" asserts="1" />
                  <test-case name="NijnCoach_Test.TherapistGUITestMCViaOpenAndComment.TherapistGUITest.testForInvisibleAddButtoninOpen" executed="True" result="Success" success="True" time="0.062" asserts="1" />
                  <test-case name="NijnCoach_Test.TherapistGUITestMCViaOpenAndComment.TherapistGUITest.testForInvisibleAnswerEmotionLabelinComment" executed="True" result="Success" success="True" time="0.062" asserts="2" />
                  <test-case name="NijnCoach_Test.TherapistGUITestMCViaOpenAndComment.TherapistGUITest.testForInvisibleAnswerEmotionLabelinOpen" executed="True" result="Success" success="True" time="0.062" asserts="2" />
                  <test-case name="NijnCoach_Test.TherapistGUITestMCViaOpenAndComment.TherapistGUITest.testForInvisibleEmotionComboBoxinComment" executed="True" result="Success" success="True" time="0.062" asserts="7" />
                  <test-case name="NijnCoach_Test.TherapistGUITestMCViaOpenAndComment.TherapistGUITest.testForInVisibleEmotionComboBoxInMC" executed="True" result="Success" success="True" time="0.078" asserts="6" />
                  <test-case name="NijnCoach_Test.TherapistGUITestMCViaOpenAndComment.TherapistGUITest.testForInvisibleEmotionComboBoxinOpen" executed="True" result="Success" success="True" time="0.062" asserts="7" />
                  <test-case name="NijnCoach_Test.TherapistGUITestMCViaOpenAndComment.TherapistGUITest.testForInvisibleQuestionLabelsinComment" executed="True" result="Success" success="True" time="0.062" asserts="8" />
                  <test-case name="NijnCoach_Test.TherapistGUITestMCViaOpenAndComment.TherapistGUITest.testForInVisibleQuestionLabelsInMC" executed="True" result="Success" success="True" time="0.094" asserts="6" />
                  <test-case name="NijnCoach_Test.TherapistGUITestMCViaOpenAndComment.TherapistGUITest.testForInvisibleQuestionLabelsinOpen" executed="True" result="Success" success="True" time="0.062" asserts="8" />
                  <test-case name="NijnCoach_Test.TherapistGUITestMCViaOpenAndComment.TherapistGUITest.testForInvisibleQuestionTextBoxesinComment" executed="True" result="Success" success="True" time="0.062" asserts="8" />
                  <test-case name="NijnCoach_Test.TherapistGUITestMCViaOpenAndComment.TherapistGUITest.testForInVisibleQuestionTextBoxesInMC" executed="True" result="Success" success="True" time="0.078" asserts="6" />
                  <test-case name="NijnCoach_Test.TherapistGUITestMCViaOpenAndComment.TherapistGUITest.testForInvisibleQuestionTextBoxesinOpen" executed="True" result="Success" success="True" time="0.062" asserts="8" />
                  <test-case name="NijnCoach_Test.TherapistGUITestMCViaOpenAndComment.TherapistGUITest.testForInvisibleRemoveButtoninComment" executed="True" result="Success" success="True" time="0.062" asserts="1" />
                  <test-case name="NijnCoach_Test.TherapistGUITestMCViaOpenAndComment.TherapistGUITest.testForInvisibleRemoveButtoninOpen" executed="True" result="Success" success="True" time="0.062" asserts="1" />
                  <test-case name="NijnCoach_Test.TherapistGUITestMCViaOpenAndComment.TherapistGUITest.testForLabelQisCommentinComment" executed="True" result="Success" success="True" time="0.047" asserts="1" />
                  <test-case name="NijnCoach_Test.TherapistGUITestMCViaOpenAndComment.TherapistGUITest.testForLabelQisQuestionInMC" executed="True" result="Success" success="True" time="0.078" asserts="1" />
                  <test-case name="NijnCoach_Test.TherapistGUITestMCViaOpenAndComment.TherapistGUITest.testForLabelQisQuestioninOpen" executed="True" result="Success" success="True" time="0.078" asserts="1" />
                  <test-case name="NijnCoach_Test.TherapistGUITestMCViaOpenAndComment.TherapistGUITest.testForNextButton" executed="True" result="Success" success="True" time="0.062" asserts="1" />
                  <test-case name="NijnCoach_Test.TherapistGUITestMCViaOpenAndComment.TherapistGUITest.testForVerifyWhenAddClickedInMC" executed="True" result="Success" success="True" time="0.078" asserts="24" />
                  <test-case name="NijnCoach_Test.TherapistGUITestMCViaOpenAndComment.TherapistGUITest.testForVerifyWhenRemoveClickedWithThreeOptionsInMC" executed="True" result="Success" success="True" time="0.078" asserts="24" />
                  <test-case name="NijnCoach_Test.TherapistGUITestMCViaOpenAndComment.TherapistGUITest.testForVerifyWhenRemoveClickedWithTwoOptionsInMC" executed="True" result="Success" success="True" time="0.062" asserts="24" />
                  <test-case name="NijnCoach_Test.TherapistGUITestMCViaOpenAndComment.TherapistGUITest.testForVisibleAddButtonInMC" executed="True" result="Success" success="True" time="0.078" asserts="1" />
                  <test-case name="NijnCoach_Test.TherapistGUITestMCViaOpenAndComment.TherapistGUITest.testForVisibleEmotionAnswerLabelInMC" executed="True" result="Success" success="True" time="0.062" asserts="2" />
                  <test-case name="NijnCoach_Test.TherapistGUITestMCViaOpenAndComment.TherapistGUITest.testForVisibleEmotionComboBoxInComment" executed="True" result="Success" success="True" time="0.062" asserts="1" />
                  <test-case name="NijnCoach_Test.TherapistGUITestMCViaOpenAndComment.TherapistGUITest.testForVisibleEmotionComboBoxInMC" executed="True" result="Success" success="True" time="0.078" asserts="2" />
                  <test-case name="NijnCoach_Test.TherapistGUITestMCViaOpenAndComment.TherapistGUITest.testForVisibleEmotionComboBoxinOpen" executed="True" result="Success" success="True" time="0.047" asserts="1" />
                  <test-case name="NijnCoach_Test.TherapistGUITestMCViaOpenAndComment.TherapistGUITest.testForVisibleQuestionLabelsInMC" executed="True" result="Success" success="True" time="0.062" asserts="2" />
                  <test-case name="NijnCoach_Test.TherapistGUITestMCViaOpenAndComment.TherapistGUITest.testForVisibleQuestionTextBoxesInMC" executed="True" result="Success" success="True" time="0.078" asserts="2" />
                  <test-case name="NijnCoach_Test.TherapistGUITestMCViaOpenAndComment.TherapistGUITest.testForVisibleRemoveButtonInMC" executed="True" result="Success" success="True" time="0.062" asserts="1" />
                </results>
              </test-suite>
              <test-suite type="TestFixture" name="TherapistGUITestOpenViaCommentAndMC" executed="True" result="Success" success="True" time="2.871" asserts="0">
                <results>
                  <test-case name="NijnCoach_Test.TherapistGUITestOpenViaCommentAndMC.TherapistGUITest.testForCheckedMCradioButtonInMC" executed="True" result="Success" success="True" time="0.062" asserts="1" />
                  <test-case name="NijnCoach_Test.TherapistGUITestOpenViaCommentAndMC.TherapistGUITest.testForCorrectRadioButtonCheckedinComment" executed="True" result="Success" success="True" time="0.062" asserts="1" />
                  <test-case name="NijnCoach_Test.TherapistGUITestOpenViaCommentAndMC.TherapistGUITest.testForCorrectRadioButtonCheckedinOpen" executed="True" result="Success" success="True" time="0.078" asserts="1" />
                  <test-case name="NijnCoach_Test.TherapistGUITestOpenViaCommentAndMC.TherapistGUITest.testForEmptyQuestionBoxinComment" executed="True" result="Success" success="True" time="0.062" asserts="1" />
                  <test-case name="NijnCoach_Test.TherapistGUITestOpenViaCommentAndMC.TherapistGUITest.testForEmptyQuestionBoxinOpen" executed="True" result="Success" success="True" time="0.078" asserts="1" />
                  <test-case name="NijnCoach_Test.TherapistGUITestOpenViaCommentAndMC.TherapistGUITest.testForFinishQuestionWithoutQuestions" executed="True" result="Success" success="True" time="0.062" asserts="1" />
                  <test-case name="NijnCoach_Test.TherapistGUITestOpenViaCommentAndMC.TherapistGUITest.testForInvisibleAddButtoninComment" executed="True" result="Success" success="True" time="0.047" asserts="1" />
                  <test-case name="NijnCoach_Test.TherapistGUITestOpenViaCommentAndMC.TherapistGUITest.testForInvisibleAddButtoninOpen" executed="True" result="Success" success="True" time="0.078" asserts="1" />
                  <test-case name="NijnCoach_Test.TherapistGUITestOpenViaCommentAndMC.TherapistGUITest.testForInvisibleAnswerEmotionLabelinComment" executed="True" result="Success" success="True" time="0.078" asserts="2" />
                  <test-case name="NijnCoach_Test.TherapistGUITestOpenViaCommentAndMC.TherapistGUITest.testForInvisibleAnswerEmotionLabelinOpen" executed="True" result="Success" success="True" time="0.078" asserts="2" />
                  <test-case name="NijnCoach_Test.TherapistGUITestOpenViaCommentAndMC.TherapistGUITest.testForInvisibleEmotionComboBoxinComment" executed="True" result="Success" success="True" time="0.062" asserts="7" />
                  <test-case name="NijnCoach_Test.TherapistGUITestOpenViaCommentAndMC.TherapistGUITest.testForInVisibleEmotionComboBoxInMC" executed="True" result="Success" success="True" time="0.062" asserts="6" />
                  <test-case name="NijnCoach_Test.TherapistGUITestOpenViaCommentAndMC.TherapistGUITest.testForInvisibleEmotionComboBoxinOpen" executed="True" result="Success" success="True" time="0.078" asserts="7" />
                  <test-case name="NijnCoach_Test.TherapistGUITestOpenViaCommentAndMC.TherapistGUITest.testForInvisibleQuestionLabelsinComment" executed="True" result="Success" success="True" time="0.062" asserts="8" />
                  <test-case name="NijnCoach_Test.TherapistGUITestOpenViaCommentAndMC.TherapistGUITest.testForInVisibleQuestionLabelsInMC" executed="True" result="Success" success="True" time="0.062" asserts="6" />
                  <test-case name="NijnCoach_Test.TherapistGUITestOpenViaCommentAndMC.TherapistGUITest.testForInvisibleQuestionLabelsinOpen" executed="True" result="Success" success="True" time="0.078" asserts="8" />
                  <test-case name="NijnCoach_Test.TherapistGUITestOpenViaCommentAndMC.TherapistGUITest.testForInvisibleQuestionTextBoxesinComment" executed="True" result="Success" success="True" time="0.062" asserts="8" />
                  <test-case name="NijnCoach_Test.TherapistGUITestOpenViaCommentAndMC.TherapistGUITest.testForInVisibleQuestionTextBoxesInMC" executed="True" result="Success" success="True" time="0.078" asserts="6" />
                  <test-case name="NijnCoach_Test.TherapistGUITestOpenViaCommentAndMC.TherapistGUITest.testForInvisibleQuestionTextBoxesinOpen" executed="True" result="Success" success="True" time="0.094" asserts="8" />
                  <test-case name="NijnCoach_Test.TherapistGUITestOpenViaCommentAndMC.TherapistGUITest.testForInvisibleRemoveButtoninComment" executed="True" result="Success" success="True" time="0.062" asserts="1" />
                  <test-case name="NijnCoach_Test.TherapistGUITestOpenViaCommentAndMC.TherapistGUITest.testForInvisibleRemoveButtoninOpen" executed="True" result="Success" success="True" time="0.094" asserts="1" />
                  <test-case name="NijnCoach_Test.TherapistGUITestOpenViaCommentAndMC.TherapistGUITest.testForLabelQisCommentinComment" executed="True" result="Success" success="True" time="0.062" asserts="1" />
                  <test-case name="NijnCoach_Test.TherapistGUITestOpenViaCommentAndMC.TherapistGUITest.testForLabelQisQuestionInMC" executed="True" result="Success" success="True" time="0.078" asserts="1" />
                  <test-case name="NijnCoach_Test.TherapistGUITestOpenViaCommentAndMC.TherapistGUITest.testForLabelQisQuestioninOpen" executed="True" result="Success" success="True" time="0.078" asserts="1" />
                  <test-case name="NijnCoach_Test.TherapistGUITestOpenViaCommentAndMC.TherapistGUITest.testForNextButton" executed="True" result="Success" success="True" time="0.109" asserts="1" />
                  <test-case name="NijnCoach_Test.TherapistGUITestOpenViaCommentAndMC.TherapistGUITest.testForVerifyWhenAddClickedInMC" executed="True" result="Success" success="True" time="0.109" asserts="24" />
                  <test-case name="NijnCoach_Test.TherapistGUITestOpenViaCommentAndMC.TherapistGUITest.testForVerifyWhenRemoveClickedWithThreeOptionsInMC" executed="True" result="Success" success="True" time="0.078" asserts="24" />
                  <test-case name="NijnCoach_Test.TherapistGUITestOpenViaCommentAndMC.TherapistGUITest.testForVerifyWhenRemoveClickedWithTwoOptionsInMC" executed="True" result="Success" success="True" time="0.062" asserts="24" />
                  <test-case name="NijnCoach_Test.TherapistGUITestOpenViaCommentAndMC.TherapistGUITest.testForVisibleAddButtonInMC" executed="True" result="Success" success="True" time="0.078" asserts="1" />
                  <test-case name="NijnCoach_Test.TherapistGUITestOpenViaCommentAndMC.TherapistGUITest.testForVisibleEmotionAnswerLabelInMC" executed="True" result="Success" success="True" time="0.078" asserts="2" />
                  <test-case name="NijnCoach_Test.TherapistGUITestOpenViaCommentAndMC.TherapistGUITest.testForVisibleEmotionComboBoxInComment" executed="True" result="Success" success="True" time="0.062" asserts="1" />
                  <test-case name="NijnCoach_Test.TherapistGUITestOpenViaCommentAndMC.TherapistGUITest.testForVisibleEmotionComboBoxInMC" executed="True" result="Success" success="True" time="0.062" asserts="2" />
                  <test-case name="NijnCoach_Test.TherapistGUITestOpenViaCommentAndMC.TherapistGUITest.testForVisibleEmotionComboBoxinOpen" executed="True" result="Success" success="True" time="0.094" asserts="1" />
                  <test-case name="NijnCoach_Test.TherapistGUITestOpenViaCommentAndMC.TherapistGUITest.testForVisibleQuestionLabelsInMC" executed="True" result="Success" success="True" time="0.078" asserts="2" />
                  <test-case name="NijnCoach_Test.TherapistGUITestOpenViaCommentAndMC.TherapistGUITest.testForVisibleQuestionTextBoxesInMC" executed="True" result="Success" success="True" time="0.062" asserts="2" />
                  <test-case name="NijnCoach_Test.TherapistGUITestOpenViaCommentAndMC.TherapistGUITest.testForVisibleRemoveButtonInMC" executed="True" result="Success" success="True" time="0.078" asserts="1" />
                </results>
              </test-suite>
              <test-suite type="TestFixture" name="XMLParserTest" executed="True" result="Success" success="True" time="0.047" asserts="0">
                <results>
                  <test-case name="NijnCoach_Test.XMLParserTest.commentTest" executed="True" result="Success" success="True" time="0.016" asserts="5" />
                  <test-case name="NijnCoach_Test.XMLParserTest.emptyQuestionnaireTest" executed="True" result="Success" success="True" time="0.000" asserts="6" />
                  <test-case name="NijnCoach_Test.XMLParserTest.invalidFileTest" executed="True" result="Success" success="True" time="0.000" asserts="0" />
                  <test-case name="NijnCoach_Test.XMLParserTest.invalidXMLTest" executed="True" result="Success" success="True" time="0.000" asserts="0" />
                  <test-case name="NijnCoach_Test.XMLParserTest.mcQuestionOptionsTest" executed="True" result="Success" success="True" time="0.000" asserts="11" />
                  <test-case name="NijnCoach_Test.XMLParserTest.mcQuestionTest" executed="True" result="Success" success="True" time="0.000" asserts="4" />
                  <test-case name="NijnCoach_Test.XMLParserTest.openQuestionTest" executed="True" result="Success" success="True" time="0.000" asserts="4" />
                </results>
              </test-suite>
            </results>
          </test-suite>
        </results>
      </test-suite>
    </results>
  </test-suite>
</test-results>