<?xml version="1.0" encoding="utf-8" standalone="no"?>
<!--This file represents the results of running a test suite-->
<test-results name="\\vmware-host\Shared Folders\Documenten\Health-Informatics-Social-Phobia\Code\NijnCoach_Test\NijnCoach_Test.csproj" total="4" errors="0" failures="0" not-run="0" inconclusive="0" ignored="0" skipped="0" invalid="0" date="2013-05-24" time="11:07:57">
  <environment nunit-version="2.6.2.12296" clr-version="2.0.50727.5466" os-version="Microsoft Windows NT 6.1.7601 Service Pack 1" platform="Win32NT" cwd="\\vmware-host\Shared Folders\Documenten\Health-Informatics-Social-Phobia\Code\NijnCoach_Test\bin\Debug" machine-name="VIRTUALWINDOWS" user="Johnny Verhoeff" user-domain="VirtualWindows" />
  <culture-info current-culture="en-US" current-uiculture="en-US" />
  <test-suite type="Project" name="\\vmware-host\Shared Folders\Documenten\Health-Informatics-Social-Phobia\Code\NijnCoach_Test\NijnCoach_Test.csproj" executed="True" result="Success" success="True" time="0.328" asserts="0">
    <results>
      <test-suite type="Assembly" name="\\vmware-host\Shared Folders\Documenten\Health-Informatics-Social-Phobia\Code\NijnCoach_Test\bin\Debug\NijnCoach_Test.exe" executed="True" result="Success" success="True" time="0.328" asserts="0">
        <results>
          <test-suite type="Namespace" name="NijnCoach_Test" executed="True" result="Success" success="True" time="0.328" asserts="0">
            <results>
              <test-suite type="Namespace" name="View" executed="True" result="Success" success="True" time="0.328" asserts="0">
                <results>
                  <test-suite type="Namespace" name="QuestionnaireForm" executed="True" result="Success" success="True" time="0.312" asserts="0">
                    <results>
                      <test-suite type="TestFixture" name="PatientQuestionnaireGUITest" executed="True" result="Success" success="True" time="0.312" asserts="0">
                        <results>
                          <test-case name="NijnCoach_Test.View.QuestionnaireForm.PatientQuestionnaireGUITest.commentTest" executed="True" result="Success" success="True" time="0.062" asserts="1" />
                          <test-case name="NijnCoach_Test.View.QuestionnaireForm.PatientQuestionnaireGUITest.mcQuestionOptionsTest" executed="True" result="Success" success="True" time="0.078" asserts="1" />
                          <test-case name="NijnCoach_Test.View.QuestionnaireForm.PatientQuestionnaireGUITest.mcQuestionTextTest" executed="True" result="Success" success="True" time="0.094" asserts="1" />
                          <test-case name="NijnCoach_Test.View.QuestionnaireForm.PatientQuestionnaireGUITest.openQuestionTextTest" executed="True" result="Success" success="True" time="0.078" asserts="2" />
                        </results>
                      </test-suite>
                    </results>
                  </test-suite>
                </results>
              </test-suite>
            </results>
          </test-suite>
        </results>
      </test-suite>
    </results>
  </test-suite>
</test-results>