<?xml version="1.0" encoding="utf-8" standalone="no"?>
<!--This file represents the results of running a test suite-->
<test-results name="\\vmware-host\Shared Folders\Documenten\Health-Informatics-Social-Phobia\Code\NijnCoach_Test\NijnCoach_Test.csproj" total="156" errors="0" failures="0" not-run="0" inconclusive="0" ignored="0" skipped="0" invalid="0" date="2013-05-17" time="11:10:28">
  <environment nunit-version="2.6.2.12296" clr-version="2.0.50727.5466" os-version="Microsoft Windows NT 6.1.7601 Service Pack 1" platform="Win32NT" cwd="\\vmware-host\Shared Folders\Documenten\Health-Informatics-Social-Phobia\Code\NijnCoach_Test\bin\Debug" machine-name="VIRTUALWINDOWS" user="Johnny Verhoeff" user-domain="VirtualWindows" />
  <culture-info current-culture="en-US" current-uiculture="en-US" />
  <test-suite type="Project" name="\\vmware-host\Shared Folders\Documenten\Health-Informatics-Social-Phobia\Code\NijnCoach_Test\NijnCoach_Test.csproj" executed="True" result="Success" success="True" time="39.069" asserts="0">
    <results>
      <test-suite type="Assembly" name="\\vmware-host\Shared Folders\Documenten\Health-Informatics-Social-Phobia\Code\NijnCoach_Test\bin\Debug\NijnCoach_Test.exe" executed="True" result="Success" success="True" time="39.053" asserts="0">
        <results>
          <test-suite type="Namespace" name="NijnCoach_Test" executed="True" result="Success" success="True" time="39.038" asserts="0">
            <results>
              <test-suite type="Namespace" name="Model" executed="True" result="Success" success="True" time="0.764" asserts="0">
                <results>
                  <test-suite type="TestFixture" name="XMLParserTest" executed="True" result="Success" success="True" time="0.749" asserts="0">
                    <results>
                      <test-case name="NijnCoach_Test.Model.XMLParserTest.commentTest" executed="True" result="Success" success="True" time="0.484" asserts="5" />
                      <test-case name="NijnCoach_Test.Model.XMLParserTest.emptyQuestionnaireTest" executed="True" result="Success" success="True" time="0.000" asserts="6" />
                      <test-case name="NijnCoach_Test.Model.XMLParserTest.invalidFileTest" executed="True" result="Success" success="True" time="0.000" asserts="0" />
                      <test-case name="NijnCoach_Test.Model.XMLParserTest.invalidXMLTest" executed="True" result="Success" success="True" time="0.000" asserts="0" />
                      <test-case name="NijnCoach_Test.Model.XMLParserTest.mcQuestionOptionsTest" executed="True" result="Success" success="True" time="0.109" asserts="11" />
                      <test-case name="NijnCoach_Test.Model.XMLParserTest.mcQuestionTest" executed="True" result="Success" success="True" time="0.000" asserts="4" />
                      <test-case name="NijnCoach_Test.Model.XMLParserTest.openQuestionTest" executed="True" result="Success" success="True" time="0.094" asserts="4" />
                    </results>
                  </test-suite>
                </results>
              </test-suite>
              <test-suite type="Namespace" name="View" executed="True" result="Success" success="True" time="38.258" asserts="0">
                <results>
                  <test-suite type="Namespace" name="Avatar" executed="True" result="Success" success="True" time="24.905" asserts="0">
                    <results>
                      <test-suite type="TestFixture" name="MultipleAvatarTest" executed="True" result="Success" success="True" time="24.905" asserts="0">
                        <results>
                          <test-case name="NijnCoach_Test.View.Avatar.MultipleAvatarTest.Test" executed="True" result="Success" success="True" time="24.890" asserts="1" />
                        </results>
                      </test-suite>
                    </results>
                  </test-suite>
                  <test-suite type="Namespace" name="QuestionnaireForm" executed="True" result="Success" success="True" time="0.468" asserts="0">
                    <results>
                      <test-suite type="TestFixture" name="PatientQuestionnaireGUITest" executed="True" result="Success" success="True" time="0.468" asserts="0">
                        <results>
                          <test-case name="NijnCoach_Test.View.QuestionnaireForm.PatientQuestionnaireGUITest.commentTest" executed="True" result="Success" success="True" time="0.156" asserts="1" />
                          <test-case name="NijnCoach_Test.View.QuestionnaireForm.PatientQuestionnaireGUITest.mcQuestionOptionsTest" executed="True" result="Success" success="True" time="0.125" asserts="1" />
                          <test-case name="NijnCoach_Test.View.QuestionnaireForm.PatientQuestionnaireGUITest.mcQuestionTextTest" executed="True" result="Success" success="True" time="0.062" asserts="1" />
                          <test-case name="NijnCoach_Test.View.QuestionnaireForm.PatientQuestionnaireGUITest.openQuestionTextTest" executed="True" result="Success" success="True" time="0.047" asserts="2" />
                        </results>
                      </test-suite>
                    </results>
                  </test-suite>
                  <test-suite type="Namespace" name="TherapistGUI" executed="True" result="Success" success="True" time="12.869" asserts="0">
                    <results>
                      <test-suite type="TestFixture" name="TherapistGUITest" executed="True" result="Success" success="True" time="3.354" asserts="0">
                        <results>
                          <test-case name="NijnCoach_Test.View.TherapistGUI.TherapistGUITest.testForCheckedMCradioButtonInMC" executed="True" result="Success" success="True" time="0.172" asserts="1" />
                          <test-case name="NijnCoach_Test.View.TherapistGUI.TherapistGUITest.testForCorrectRadioButtonCheckedinComment" executed="True" result="Success" success="True" time="0.062" asserts="1" />
                          <test-case name="NijnCoach_Test.View.TherapistGUI.TherapistGUITest.testForCorrectRadioButtonCheckedinOpen" executed="True" result="Success" success="True" time="0.094" asserts="1" />
                          <test-case name="NijnCoach_Test.View.TherapistGUI.TherapistGUITest.testForEmptyQuestionBoxinComment" executed="True" result="Success" success="True" time="0.047" asserts="1" />
                          <test-case name="NijnCoach_Test.View.TherapistGUI.TherapistGUITest.testForEmptyQuestionBoxinOpen" executed="True" result="Success" success="True" time="0.062" asserts="1" />
                          <test-case name="NijnCoach_Test.View.TherapistGUI.TherapistGUITest.testForFinishQuestionWithoutQuestions" executed="True" result="Success" success="True" time="0.062" asserts="1" />
                          <test-case name="NijnCoach_Test.View.TherapistGUI.TherapistGUITest.testForInvisibleAddButtoninComment" executed="True" result="Success" success="True" time="0.062" asserts="1" />
                          <test-case name="NijnCoach_Test.View.TherapistGUI.TherapistGUITest.testForInvisibleAddButtoninOpen" executed="True" result="Success" success="True" time="0.078" asserts="1" />
                          <test-case name="NijnCoach_Test.View.TherapistGUI.TherapistGUITest.testForInvisibleAnswerEmotionLabelinComment" executed="True" result="Success" success="True" time="0.047" asserts="2" />
                          <test-case name="NijnCoach_Test.View.TherapistGUI.TherapistGUITest.testForInvisibleAnswerEmotionLabelinOpen" executed="True" result="Success" success="True" time="0.062" asserts="2" />
                          <test-case name="NijnCoach_Test.View.TherapistGUI.TherapistGUITest.testForInvisibleEmotionComboBoxinComment" executed="True" result="Success" success="True" time="0.062" asserts="7" />
                          <test-case name="NijnCoach_Test.View.TherapistGUI.TherapistGUITest.testForInVisibleEmotionComboBoxInMC" executed="True" result="Success" success="True" time="0.125" asserts="6" />
                          <test-case name="NijnCoach_Test.View.TherapistGUI.TherapistGUITest.testForInvisibleEmotionComboBoxinOpen" executed="True" result="Success" success="True" time="0.109" asserts="7" />
                          <test-case name="NijnCoach_Test.View.TherapistGUI.TherapistGUITest.testForInvisibleQuestionLabelsinComment" executed="True" result="Success" success="True" time="0.125" asserts="8" />
                          <test-case name="NijnCoach_Test.View.TherapistGUI.TherapistGUITest.testForInVisibleQuestionLabelsInMC" executed="True" result="Success" success="True" time="0.125" asserts="6" />
                          <test-case name="NijnCoach_Test.View.TherapistGUI.TherapistGUITest.testForInvisibleQuestionLabelsinOpen" executed="True" result="Success" success="True" time="0.109" asserts="8" />
                          <test-case name="NijnCoach_Test.View.TherapistGUI.TherapistGUITest.testForInvisibleQuestionTextBoxesinComment" executed="True" result="Success" success="True" time="0.125" asserts="8" />
                          <test-case name="NijnCoach_Test.View.TherapistGUI.TherapistGUITest.testForInVisibleQuestionTextBoxesInMC" executed="True" result="Success" success="True" time="0.094" asserts="6" />
                          <test-case name="NijnCoach_Test.View.TherapistGUI.TherapistGUITest.testForInvisibleQuestionTextBoxesinOpen" executed="True" result="Success" success="True" time="0.031" asserts="8" />
                          <test-case name="NijnCoach_Test.View.TherapistGUI.TherapistGUITest.testForInvisibleRemoveButtoninComment" executed="True" result="Success" success="True" time="0.094" asserts="1" />
                          <test-case name="NijnCoach_Test.View.TherapistGUI.TherapistGUITest.testForInvisibleRemoveButtoninOpen" executed="True" result="Success" success="True" time="0.062" asserts="1" />
                          <test-case name="NijnCoach_Test.View.TherapistGUI.TherapistGUITest.testForLabelQisCommentinComment" executed="True" result="Success" success="True" time="0.062" asserts="1" />
                          <test-case name="NijnCoach_Test.View.TherapistGUI.TherapistGUITest.testForLabelQisQuestionInMC" executed="True" result="Success" success="True" time="0.078" asserts="1" />
                          <test-case name="NijnCoach_Test.View.TherapistGUI.TherapistGUITest.testForLabelQisQuestioninOpen" executed="True" result="Success" success="True" time="0.031" asserts="1" />
                          <test-case name="NijnCoach_Test.View.TherapistGUI.TherapistGUITest.testForNextButton" executed="True" result="Success" success="True" time="0.062" asserts="1" />
                          <test-case name="NijnCoach_Test.View.TherapistGUI.TherapistGUITest.testForVerifyWhenAddClickedInMC" executed="True" result="Success" success="True" time="0.062" asserts="24" />
                          <test-case name="NijnCoach_Test.View.TherapistGUI.TherapistGUITest.testForVerifyWhenRemoveClickedWithThreeOptionsInMC" executed="True" result="Success" success="True" time="0.078" asserts="24" />
                          <test-case name="NijnCoach_Test.View.TherapistGUI.TherapistGUITest.testForVerifyWhenRemoveClickedWithTwoOptionsInMC" executed="True" result="Success" success="True" time="0.047" asserts="24" />
                          <test-case name="NijnCoach_Test.View.TherapistGUI.TherapistGUITest.testForVisibleAddButtonInMC" executed="True" result="Success" success="True" time="0.078" asserts="1" />
                          <test-case name="NijnCoach_Test.View.TherapistGUI.TherapistGUITest.testForVisibleEmotionAnswerLabelInMC" executed="True" result="Success" success="True" time="0.094" asserts="2" />
                          <test-case name="NijnCoach_Test.View.TherapistGUI.TherapistGUITest.testForVisibleEmotionComboBoxInComment" executed="True" result="Success" success="True" time="0.078" asserts="1" />
                          <test-case name="NijnCoach_Test.View.TherapistGUI.TherapistGUITest.testForVisibleEmotionComboBoxInMC" executed="True" result="Success" success="True" time="0.109" asserts="2" />
                          <test-case name="NijnCoach_Test.View.TherapistGUI.TherapistGUITest.testForVisibleEmotionComboBoxinOpen" executed="True" result="Success" success="True" time="0.109" asserts="1" />
                          <test-case name="NijnCoach_Test.View.TherapistGUI.TherapistGUITest.testForVisibleQuestionLabelsInMC" executed="True" result="Success" success="True" time="0.156" asserts="2" />
                          <test-case name="NijnCoach_Test.View.TherapistGUI.TherapistGUITest.testForVisibleQuestionTextBoxesInMC" executed="True" result="Success" success="True" time="0.125" asserts="2" />
                          <test-case name="NijnCoach_Test.View.TherapistGUI.TherapistGUITest.testForVisibleRemoveButtonInMC" executed="True" result="Success" success="True" time="0.140" asserts="1" />
                        </results>
                      </test-suite>
                      <test-suite type="TestFixture" name="TherapistGUITestCommentViaOpenAndMC" executed="True" result="Success" success="True" time="3.151" asserts="0">
                        <results>
                          <test-case name="NijnCoach_Test.View.TherapistGUI.TherapistGUITestCommentViaOpenAndMC.TherapistGUITest.testForCheckedMCradioButtonInMC" executed="True" result="Success" success="True" time="0.094" asserts="1" />
                          <test-case name="NijnCoach_Test.View.TherapistGUI.TherapistGUITestCommentViaOpenAndMC.TherapistGUITest.testForCorrectRadioButtonCheckedinComment" executed="True" result="Success" success="True" time="0.062" asserts="1" />
                          <test-case name="NijnCoach_Test.View.TherapistGUI.TherapistGUITestCommentViaOpenAndMC.TherapistGUITest.testForCorrectRadioButtonCheckedinOpen" executed="True" result="Success" success="True" time="0.062" asserts="1" />
                          <test-case name="NijnCoach_Test.View.TherapistGUI.TherapistGUITestCommentViaOpenAndMC.TherapistGUITest.testForEmptyQuestionBoxinComment" executed="True" result="Success" success="True" time="0.078" asserts="1" />
                          <test-case name="NijnCoach_Test.View.TherapistGUI.TherapistGUITestCommentViaOpenAndMC.TherapistGUITest.testForEmptyQuestionBoxinOpen" executed="True" result="Success" success="True" time="0.047" asserts="1" />
                          <test-case name="NijnCoach_Test.View.TherapistGUI.TherapistGUITestCommentViaOpenAndMC.TherapistGUITest.testForFinishQuestionWithoutQuestions" executed="True" result="Success" success="True" time="0.062" asserts="1" />
                          <test-case name="NijnCoach_Test.View.TherapistGUI.TherapistGUITestCommentViaOpenAndMC.TherapistGUITest.testForInvisibleAddButtoninComment" executed="True" result="Success" success="True" time="0.094" asserts="1" />
                          <test-case name="NijnCoach_Test.View.TherapistGUI.TherapistGUITestCommentViaOpenAndMC.TherapistGUITest.testForInvisibleAddButtoninOpen" executed="True" result="Success" success="True" time="0.031" asserts="1" />
                          <test-case name="NijnCoach_Test.View.TherapistGUI.TherapistGUITestCommentViaOpenAndMC.TherapistGUITest.testForInvisibleAnswerEmotionLabelinComment" executed="True" result="Success" success="True" time="0.125" asserts="2" />
                          <test-case name="NijnCoach_Test.View.TherapistGUI.TherapistGUITestCommentViaOpenAndMC.TherapistGUITest.testForInvisibleAnswerEmotionLabelinOpen" executed="True" result="Success" success="True" time="0.078" asserts="2" />
                          <test-case name="NijnCoach_Test.View.TherapistGUI.TherapistGUITestCommentViaOpenAndMC.TherapistGUITest.testForInvisibleEmotionComboBoxinComment" executed="True" result="Success" success="True" time="0.078" asserts="7" />
                          <test-case name="NijnCoach_Test.View.TherapistGUI.TherapistGUITestCommentViaOpenAndMC.TherapistGUITest.testForInVisibleEmotionComboBoxInMC" executed="True" result="Success" success="True" time="0.062" asserts="6" />
                          <test-case name="NijnCoach_Test.View.TherapistGUI.TherapistGUITestCommentViaOpenAndMC.TherapistGUITest.testForInvisibleEmotionComboBoxinOpen" executed="True" result="Success" success="True" time="0.047" asserts="7" />
                          <test-case name="NijnCoach_Test.View.TherapistGUI.TherapistGUITestCommentViaOpenAndMC.TherapistGUITest.testForInvisibleQuestionLabelsinComment" executed="True" result="Success" success="True" time="0.094" asserts="8" />
                          <test-case name="NijnCoach_Test.View.TherapistGUI.TherapistGUITestCommentViaOpenAndMC.TherapistGUITest.testForInVisibleQuestionLabelsInMC" executed="True" result="Success" success="True" time="0.140" asserts="6" />
                          <test-case name="NijnCoach_Test.View.TherapistGUI.TherapistGUITestCommentViaOpenAndMC.TherapistGUITest.testForInvisibleQuestionLabelsinOpen" executed="True" result="Success" success="True" time="0.125" asserts="8" />
                          <test-case name="NijnCoach_Test.View.TherapistGUI.TherapistGUITestCommentViaOpenAndMC.TherapistGUITest.testForInvisibleQuestionTextBoxesinComment" executed="True" result="Success" success="True" time="0.156" asserts="8" />
                          <test-case name="NijnCoach_Test.View.TherapistGUI.TherapistGUITestCommentViaOpenAndMC.TherapistGUITest.testForInVisibleQuestionTextBoxesInMC" executed="True" result="Success" success="True" time="0.140" asserts="6" />
                          <test-case name="NijnCoach_Test.View.TherapistGUI.TherapistGUITestCommentViaOpenAndMC.TherapistGUITest.testForInvisibleQuestionTextBoxesinOpen" executed="True" result="Success" success="True" time="0.078" asserts="8" />
                          <test-case name="NijnCoach_Test.View.TherapistGUI.TherapistGUITestCommentViaOpenAndMC.TherapistGUITest.testForInvisibleRemoveButtoninComment" executed="True" result="Success" success="True" time="0.047" asserts="1" />
                          <test-case name="NijnCoach_Test.View.TherapistGUI.TherapistGUITestCommentViaOpenAndMC.TherapistGUITest.testForInvisibleRemoveButtoninOpen" executed="True" result="Success" success="True" time="0.047" asserts="1" />
                          <test-case name="NijnCoach_Test.View.TherapistGUI.TherapistGUITestCommentViaOpenAndMC.TherapistGUITest.testForLabelQisCommentinComment" executed="True" result="Success" success="True" time="0.094" asserts="1" />
                          <test-case name="NijnCoach_Test.View.TherapistGUI.TherapistGUITestCommentViaOpenAndMC.TherapistGUITest.testForLabelQisQuestionInMC" executed="True" result="Success" success="True" time="0.047" asserts="1" />
                          <test-case name="NijnCoach_Test.View.TherapistGUI.TherapistGUITestCommentViaOpenAndMC.TherapistGUITest.testForLabelQisQuestioninOpen" executed="True" result="Success" success="True" time="0.078" asserts="1" />
                          <test-case name="NijnCoach_Test.View.TherapistGUI.TherapistGUITestCommentViaOpenAndMC.TherapistGUITest.testForNextButton" executed="True" result="Success" success="True" time="0.062" asserts="1" />
                          <test-case name="NijnCoach_Test.View.TherapistGUI.TherapistGUITestCommentViaOpenAndMC.TherapistGUITest.testForVerifyWhenAddClickedInMC" executed="True" result="Success" success="True" time="0.078" asserts="24" />
                          <test-case name="NijnCoach_Test.View.TherapistGUI.TherapistGUITestCommentViaOpenAndMC.TherapistGUITest.testForVerifyWhenRemoveClickedWithThreeOptionsInMC" executed="True" result="Success" success="True" time="0.078" asserts="24" />
                          <test-case name="NijnCoach_Test.View.TherapistGUI.TherapistGUITestCommentViaOpenAndMC.TherapistGUITest.testForVerifyWhenRemoveClickedWithTwoOptionsInMC" executed="True" result="Success" success="True" time="0.078" asserts="24" />
                          <test-case name="NijnCoach_Test.View.TherapistGUI.TherapistGUITestCommentViaOpenAndMC.TherapistGUITest.testForVisibleAddButtonInMC" executed="True" result="Success" success="True" time="0.078" asserts="1" />
                          <test-case name="NijnCoach_Test.View.TherapistGUI.TherapistGUITestCommentViaOpenAndMC.TherapistGUITest.testForVisibleEmotionAnswerLabelInMC" executed="True" result="Success" success="True" time="0.094" asserts="2" />
                          <test-case name="NijnCoach_Test.View.TherapistGUI.TherapistGUITestCommentViaOpenAndMC.TherapistGUITest.testForVisibleEmotionComboBoxInComment" executed="True" result="Success" success="True" time="0.109" asserts="1" />
                          <test-case name="NijnCoach_Test.View.TherapistGUI.TherapistGUITestCommentViaOpenAndMC.TherapistGUITest.testForVisibleEmotionComboBoxInMC" executed="True" result="Success" success="True" time="0.094" asserts="2" />
                          <test-case name="NijnCoach_Test.View.TherapistGUI.TherapistGUITestCommentViaOpenAndMC.TherapistGUITest.testForVisibleEmotionComboBoxinOpen" executed="True" result="Success" success="True" time="0.125" asserts="1" />
                          <test-case name="NijnCoach_Test.View.TherapistGUI.TherapistGUITestCommentViaOpenAndMC.TherapistGUITest.testForVisibleQuestionLabelsInMC" executed="True" result="Success" success="True" time="0.140" asserts="2" />
                          <test-case name="NijnCoach_Test.View.TherapistGUI.TherapistGUITestCommentViaOpenAndMC.TherapistGUITest.testForVisibleQuestionTextBoxesInMC" executed="True" result="Success" success="True" time="0.078" asserts="2" />
                          <test-case name="NijnCoach_Test.View.TherapistGUI.TherapistGUITestCommentViaOpenAndMC.TherapistGUITest.testForVisibleRemoveButtonInMC" executed="True" result="Success" success="True" time="0.094" asserts="1" />
                        </results>
                      </test-suite>
                      <test-suite type="TestFixture" name="TherapistGUITestMCViaOpenAndComment" executed="True" result="Success" success="True" time="3.073" asserts="0">
                        <results>
                          <test-case name="NijnCoach_Test.View.TherapistGUI.TherapistGUITestMCViaOpenAndComment.TherapistGUITest.testForCheckedMCradioButtonInMC" executed="True" result="Success" success="True" time="0.109" asserts="1" />
                          <test-case name="NijnCoach_Test.View.TherapistGUI.TherapistGUITestMCViaOpenAndComment.TherapistGUITest.testForCorrectRadioButtonCheckedinComment" executed="True" result="Success" success="True" time="0.062" asserts="1" />
                          <test-case name="NijnCoach_Test.View.TherapistGUI.TherapistGUITestMCViaOpenAndComment.TherapistGUITest.testForCorrectRadioButtonCheckedinOpen" executed="True" result="Success" success="True" time="0.062" asserts="1" />
                          <test-case name="NijnCoach_Test.View.TherapistGUI.TherapistGUITestMCViaOpenAndComment.TherapistGUITest.testForEmptyQuestionBoxinComment" executed="True" result="Success" success="True" time="0.062" asserts="1" />
                          <test-case name="NijnCoach_Test.View.TherapistGUI.TherapistGUITestMCViaOpenAndComment.TherapistGUITest.testForEmptyQuestionBoxinOpen" executed="True" result="Success" success="True" time="0.109" asserts="1" />
                          <test-case name="NijnCoach_Test.View.TherapistGUI.TherapistGUITestMCViaOpenAndComment.TherapistGUITest.testForFinishQuestionWithoutQuestions" executed="True" result="Success" success="True" time="0.094" asserts="1" />
                          <test-case name="NijnCoach_Test.View.TherapistGUI.TherapistGUITestMCViaOpenAndComment.TherapistGUITest.testForInvisibleAddButtoninComment" executed="True" result="Success" success="True" time="0.031" asserts="1" />
                          <test-case name="NijnCoach_Test.View.TherapistGUI.TherapistGUITestMCViaOpenAndComment.TherapistGUITest.testForInvisibleAddButtoninOpen" executed="True" result="Success" success="True" time="0.094" asserts="1" />
                          <test-case name="NijnCoach_Test.View.TherapistGUI.TherapistGUITestMCViaOpenAndComment.TherapistGUITest.testForInvisibleAnswerEmotionLabelinComment" executed="True" result="Success" success="True" time="0.031" asserts="2" />
                          <test-case name="NijnCoach_Test.View.TherapistGUI.TherapistGUITestMCViaOpenAndComment.TherapistGUITest.testForInvisibleAnswerEmotionLabelinOpen" executed="True" result="Success" success="True" time="0.078" asserts="2" />
                          <test-case name="NijnCoach_Test.View.TherapistGUI.TherapistGUITestMCViaOpenAndComment.TherapistGUITest.testForInvisibleEmotionComboBoxinComment" executed="True" result="Success" success="True" time="0.078" asserts="7" />
                          <test-case name="NijnCoach_Test.View.TherapistGUI.TherapistGUITestMCViaOpenAndComment.TherapistGUITest.testForInVisibleEmotionComboBoxInMC" executed="True" result="Success" success="True" time="0.047" asserts="6" />
                          <test-case name="NijnCoach_Test.View.TherapistGUI.TherapistGUITestMCViaOpenAndComment.TherapistGUITest.testForInvisibleEmotionComboBoxinOpen" executed="True" result="Success" success="True" time="0.109" asserts="7" />
                          <test-case name="NijnCoach_Test.View.TherapistGUI.TherapistGUITestMCViaOpenAndComment.TherapistGUITest.testForInvisibleQuestionLabelsinComment" executed="True" result="Success" success="True" time="0.109" asserts="8" />
                          <test-case name="NijnCoach_Test.View.TherapistGUI.TherapistGUITestMCViaOpenAndComment.TherapistGUITest.testForInVisibleQuestionLabelsInMC" executed="True" result="Success" success="True" time="0.156" asserts="6" />
                          <test-case name="NijnCoach_Test.View.TherapistGUI.TherapistGUITestMCViaOpenAndComment.TherapistGUITest.testForInvisibleQuestionLabelsinOpen" executed="True" result="Success" success="True" time="0.078" asserts="8" />
                          <test-case name="NijnCoach_Test.View.TherapistGUI.TherapistGUITestMCViaOpenAndComment.TherapistGUITest.testForInvisibleQuestionTextBoxesinComment" executed="True" result="Success" success="True" time="0.031" asserts="8" />
                          <test-case name="NijnCoach_Test.View.TherapistGUI.TherapistGUITestMCViaOpenAndComment.TherapistGUITest.testForInVisibleQuestionTextBoxesInMC" executed="True" result="Success" success="True" time="0.094" asserts="6" />
                          <test-case name="NijnCoach_Test.View.TherapistGUI.TherapistGUITestMCViaOpenAndComment.TherapistGUITest.testForInvisibleQuestionTextBoxesinOpen" executed="True" result="Success" success="True" time="0.078" asserts="8" />
                          <test-case name="NijnCoach_Test.View.TherapistGUI.TherapistGUITestMCViaOpenAndComment.TherapistGUITest.testForInvisibleRemoveButtoninComment" executed="True" result="Success" success="True" time="0.062" asserts="1" />
                          <test-case name="NijnCoach_Test.View.TherapistGUI.TherapistGUITestMCViaOpenAndComment.TherapistGUITest.testForInvisibleRemoveButtoninOpen" executed="True" result="Success" success="True" time="0.047" asserts="1" />
                          <test-case name="NijnCoach_Test.View.TherapistGUI.TherapistGUITestMCViaOpenAndComment.TherapistGUITest.testForLabelQisCommentinComment" executed="True" result="Success" success="True" time="0.031" asserts="1" />
                          <test-case name="NijnCoach_Test.View.TherapistGUI.TherapistGUITestMCViaOpenAndComment.TherapistGUITest.testForLabelQisQuestionInMC" executed="True" result="Success" success="True" time="0.078" asserts="1" />
                          <test-case name="NijnCoach_Test.View.TherapistGUI.TherapistGUITestMCViaOpenAndComment.TherapistGUITest.testForLabelQisQuestioninOpen" executed="True" result="Success" success="True" time="0.078" asserts="1" />
                          <test-case name="NijnCoach_Test.View.TherapistGUI.TherapistGUITestMCViaOpenAndComment.TherapistGUITest.testForNextButton" executed="True" result="Success" success="True" time="0.031" asserts="1" />
                          <test-case name="NijnCoach_Test.View.TherapistGUI.TherapistGUITestMCViaOpenAndComment.TherapistGUITest.testForVerifyWhenAddClickedInMC" executed="True" result="Success" success="True" time="0.094" asserts="24" />
                          <test-case name="NijnCoach_Test.View.TherapistGUI.TherapistGUITestMCViaOpenAndComment.TherapistGUITest.testForVerifyWhenRemoveClickedWithThreeOptionsInMC" executed="True" result="Success" success="True" time="0.094" asserts="24" />
                          <test-case name="NijnCoach_Test.View.TherapistGUI.TherapistGUITestMCViaOpenAndComment.TherapistGUITest.testForVerifyWhenRemoveClickedWithTwoOptionsInMC" executed="True" result="Success" success="True" time="0.094" asserts="24" />
                          <test-case name="NijnCoach_Test.View.TherapistGUI.TherapistGUITestMCViaOpenAndComment.TherapistGUITest.testForVisibleAddButtonInMC" executed="True" result="Success" success="True" time="0.062" asserts="1" />
                          <test-case name="NijnCoach_Test.View.TherapistGUI.TherapistGUITestMCViaOpenAndComment.TherapistGUITest.testForVisibleEmotionAnswerLabelInMC" executed="True" result="Success" success="True" time="0.140" asserts="2" />
                          <test-case name="NijnCoach_Test.View.TherapistGUI.TherapistGUITestMCViaOpenAndComment.TherapistGUITest.testForVisibleEmotionComboBoxInComment" executed="True" result="Success" success="True" time="0.109" asserts="1" />
                          <test-case name="NijnCoach_Test.View.TherapistGUI.TherapistGUITestMCViaOpenAndComment.TherapistGUITest.testForVisibleEmotionComboBoxInMC" executed="True" result="Success" success="True" time="0.140" asserts="2" />
                          <test-case name="NijnCoach_Test.View.TherapistGUI.TherapistGUITestMCViaOpenAndComment.TherapistGUITest.testForVisibleEmotionComboBoxinOpen" executed="True" result="Success" success="True" time="0.125" asserts="1" />
                          <test-case name="NijnCoach_Test.View.TherapistGUI.TherapistGUITestMCViaOpenAndComment.TherapistGUITest.testForVisibleQuestionLabelsInMC" executed="True" result="Success" success="True" time="0.078" asserts="2" />
                          <test-case name="NijnCoach_Test.View.TherapistGUI.TherapistGUITestMCViaOpenAndComment.TherapistGUITest.testForVisibleQuestionTextBoxesInMC" executed="True" result="Success" success="True" time="0.062" asserts="2" />
                          <test-case name="NijnCoach_Test.View.TherapistGUI.TherapistGUITestMCViaOpenAndComment.TherapistGUITest.testForVisibleRemoveButtonInMC" executed="True" result="Success" success="True" time="0.062" asserts="1" />
                        </results>
                      </test-suite>
                      <test-suite type="TestFixture" name="TherapistGUITestOpenViaCommentAndMC" executed="True" result="Success" success="True" time="3.276" asserts="0">
                        <results>
                          <test-case name="NijnCoach_Test.View.TherapistGUI.TherapistGUITestOpenViaCommentAndMC.TherapistGUITest.testForCheckedMCradioButtonInMC" executed="True" result="Success" success="True" time="0.047" asserts="1" />
                          <test-case name="NijnCoach_Test.View.TherapistGUI.TherapistGUITestOpenViaCommentAndMC.TherapistGUITest.testForCorrectRadioButtonCheckedinComment" executed="True" result="Success" success="True" time="0.062" asserts="1" />
                          <test-case name="NijnCoach_Test.View.TherapistGUI.TherapistGUITestOpenViaCommentAndMC.TherapistGUITest.testForCorrectRadioButtonCheckedinOpen" executed="True" result="Success" success="True" time="0.094" asserts="1" />
                          <test-case name="NijnCoach_Test.View.TherapistGUI.TherapistGUITestOpenViaCommentAndMC.TherapistGUITest.testForEmptyQuestionBoxinComment" executed="True" result="Success" success="True" time="0.031" asserts="1" />
                          <test-case name="NijnCoach_Test.View.TherapistGUI.TherapistGUITestOpenViaCommentAndMC.TherapistGUITest.testForEmptyQuestionBoxinOpen" executed="True" result="Success" success="True" time="0.109" asserts="1" />
                          <test-case name="NijnCoach_Test.View.TherapistGUI.TherapistGUITestOpenViaCommentAndMC.TherapistGUITest.testForFinishQuestionWithoutQuestions" executed="True" result="Success" success="True" time="0.062" asserts="1" />
                          <test-case name="NijnCoach_Test.View.TherapistGUI.TherapistGUITestOpenViaCommentAndMC.TherapistGUITest.testForInvisibleAddButtoninComment" executed="True" result="Success" success="True" time="0.047" asserts="1" />
                          <test-case name="NijnCoach_Test.View.TherapistGUI.TherapistGUITestOpenViaCommentAndMC.TherapistGUITest.testForInvisibleAddButtoninOpen" executed="True" result="Success" success="True" time="0.109" asserts="1" />
                          <test-case name="NijnCoach_Test.View.TherapistGUI.TherapistGUITestOpenViaCommentAndMC.TherapistGUITest.testForInvisibleAnswerEmotionLabelinComment" executed="True" result="Success" success="True" time="0.078" asserts="2" />
                          <test-case name="NijnCoach_Test.View.TherapistGUI.TherapistGUITestOpenViaCommentAndMC.TherapistGUITest.testForInvisibleAnswerEmotionLabelinOpen" executed="True" result="Success" success="True" time="0.094" asserts="2" />
                          <test-case name="NijnCoach_Test.View.TherapistGUI.TherapistGUITestOpenViaCommentAndMC.TherapistGUITest.testForInvisibleEmotionComboBoxinComment" executed="True" result="Success" success="True" time="0.094" asserts="7" />
                          <test-case name="NijnCoach_Test.View.TherapistGUI.TherapistGUITestOpenViaCommentAndMC.TherapistGUITest.testForInVisibleEmotionComboBoxInMC" executed="True" result="Success" success="True" time="0.109" asserts="6" />
                          <test-case name="NijnCoach_Test.View.TherapistGUI.TherapistGUITestOpenViaCommentAndMC.TherapistGUITest.testForInvisibleEmotionComboBoxinOpen" executed="True" result="Success" success="True" time="0.140" asserts="7" />
                          <test-case name="NijnCoach_Test.View.TherapistGUI.TherapistGUITestOpenViaCommentAndMC.TherapistGUITest.testForInvisibleQuestionLabelsinComment" executed="True" result="Success" success="True" time="0.140" asserts="8" />
                          <test-case name="NijnCoach_Test.View.TherapistGUI.TherapistGUITestOpenViaCommentAndMC.TherapistGUITest.testForInVisibleQuestionLabelsInMC" executed="True" result="Success" success="True" time="0.094" asserts="6" />
                          <test-case name="NijnCoach_Test.View.TherapistGUI.TherapistGUITestOpenViaCommentAndMC.TherapistGUITest.testForInvisibleQuestionLabelsinOpen" executed="True" result="Success" success="True" time="0.078" asserts="8" />
                          <test-case name="NijnCoach_Test.View.TherapistGUI.TherapistGUITestOpenViaCommentAndMC.TherapistGUITest.testForInvisibleQuestionTextBoxesinComment" executed="True" result="Success" success="True" time="0.094" asserts="8" />
                          <test-case name="NijnCoach_Test.View.TherapistGUI.TherapistGUITestOpenViaCommentAndMC.TherapistGUITest.testForInVisibleQuestionTextBoxesInMC" executed="True" result="Success" success="True" time="0.078" asserts="6" />
                          <test-case name="NijnCoach_Test.View.TherapistGUI.TherapistGUITestOpenViaCommentAndMC.TherapistGUITest.testForInvisibleQuestionTextBoxesinOpen" executed="True" result="Success" success="True" time="0.094" asserts="8" />
                          <test-case name="NijnCoach_Test.View.TherapistGUI.TherapistGUITestOpenViaCommentAndMC.TherapistGUITest.testForInvisibleRemoveButtoninComment" executed="True" result="Success" success="True" time="0.094" asserts="1" />
                          <test-case name="NijnCoach_Test.View.TherapistGUI.TherapistGUITestOpenViaCommentAndMC.TherapistGUITest.testForInvisibleRemoveButtoninOpen" executed="True" result="Success" success="True" time="0.062" asserts="1" />
                          <test-case name="NijnCoach_Test.View.TherapistGUI.TherapistGUITestOpenViaCommentAndMC.TherapistGUITest.testForLabelQisCommentinComment" executed="True" result="Success" success="True" time="0.062" asserts="1" />
                          <test-case name="NijnCoach_Test.View.TherapistGUI.TherapistGUITestOpenViaCommentAndMC.TherapistGUITest.testForLabelQisQuestionInMC" executed="True" result="Success" success="True" time="0.078" asserts="1" />
                          <test-case name="NijnCoach_Test.View.TherapistGUI.TherapistGUITestOpenViaCommentAndMC.TherapistGUITest.testForLabelQisQuestioninOpen" executed="True" result="Success" success="True" time="0.062" asserts="1" />
                          <test-case name="NijnCoach_Test.View.TherapistGUI.TherapistGUITestOpenViaCommentAndMC.TherapistGUITest.testForNextButton" executed="True" result="Success" success="True" time="0.062" asserts="1" />
                          <test-case name="NijnCoach_Test.View.TherapistGUI.TherapistGUITestOpenViaCommentAndMC.TherapistGUITest.testForVerifyWhenAddClickedInMC" executed="True" result="Success" success="True" time="0.062" asserts="24" />
                          <test-case name="NijnCoach_Test.View.TherapistGUI.TherapistGUITestOpenViaCommentAndMC.TherapistGUITest.testForVerifyWhenRemoveClickedWithThreeOptionsInMC" executed="True" result="Success" success="True" time="0.078" asserts="24" />
                          <test-case name="NijnCoach_Test.View.TherapistGUI.TherapistGUITestOpenViaCommentAndMC.TherapistGUITest.testForVerifyWhenRemoveClickedWithTwoOptionsInMC" executed="True" result="Success" success="True" time="0.125" asserts="24" />
                          <test-case name="NijnCoach_Test.View.TherapistGUI.TherapistGUITestOpenViaCommentAndMC.TherapistGUITest.testForVisibleAddButtonInMC" executed="True" result="Success" success="True" time="0.125" asserts="1" />
                          <test-case name="NijnCoach_Test.View.TherapistGUI.TherapistGUITestOpenViaCommentAndMC.TherapistGUITest.testForVisibleEmotionAnswerLabelInMC" executed="True" result="Success" success="True" time="0.109" asserts="2" />
                          <test-case name="NijnCoach_Test.View.TherapistGUI.TherapistGUITestOpenViaCommentAndMC.TherapistGUITest.testForVisibleEmotionComboBoxInComment" executed="True" result="Success" success="True" time="0.109" asserts="1" />
                          <test-case name="NijnCoach_Test.View.TherapistGUI.TherapistGUITestOpenViaCommentAndMC.TherapistGUITest.testForVisibleEmotionComboBoxInMC" executed="True" result="Success" success="True" time="0.078" asserts="2" />
                          <test-case name="NijnCoach_Test.View.TherapistGUI.TherapistGUITestOpenViaCommentAndMC.TherapistGUITest.testForVisibleEmotionComboBoxinOpen" executed="True" result="Success" success="True" time="0.062" asserts="1" />
                          <test-case name="NijnCoach_Test.View.TherapistGUI.TherapistGUITestOpenViaCommentAndMC.TherapistGUITest.testForVisibleQuestionLabelsInMC" executed="True" result="Success" success="True" time="0.094" asserts="2" />
                          <test-case name="NijnCoach_Test.View.TherapistGUI.TherapistGUITestOpenViaCommentAndMC.TherapistGUITest.testForVisibleQuestionTextBoxesInMC" executed="True" result="Success" success="True" time="0.094" asserts="2" />
                          <test-case name="NijnCoach_Test.View.TherapistGUI.TherapistGUITestOpenViaCommentAndMC.TherapistGUITest.testForVisibleRemoveButtonInMC" executed="True" result="Success" success="True" time="0.078" asserts="1" />
                        </results>
                      </test-suite>
                    </results>
                  </test-suite>
                </results>
              </test-suite>
            </results>
          </test-suite>
        </results>
      </test-suite>
    </results>
  </test-suite>
</test-results>