<?xml version="1.0" encoding="utf-8" standalone="no"?>
<!--This file represents the results of running a test suite-->
<test-results name="\\vmware-host\Shared Folders\Documenten\Health-Informatics-Social-Phobia\Code\NijnCoach_Test\NijnCoach_Test.csproj" total="160" errors="4" failures="0" not-run="4" inconclusive="0" ignored="4" skipped="0" invalid="0" date="2013-05-30" time="09:13:09">
  <environment nunit-version="2.6.2.12296" clr-version="2.0.50727.5466" os-version="Microsoft Windows NT 6.1.7601 Service Pack 1" platform="Win32NT" cwd="\\vmware-host\Shared Folders\Documenten\Health-Informatics-Social-Phobia\Code\NijnCoach_Test\bin\Debug" machine-name="VIRTUALWINDOWS" user="Johnny Verhoeff" user-domain="VirtualWindows" />
  <culture-info current-culture="en-US" current-uiculture="en-US" />
  <test-suite type="Project" name="\\vmware-host\Shared Folders\Documenten\Health-Informatics-Social-Phobia\Code\NijnCoach_Test\NijnCoach_Test.csproj" executed="True" result="Failure" success="False" time="55.248" asserts="0">
    <results>
      <test-suite type="Assembly" name="\\vmware-host\Shared Folders\Documenten\Health-Informatics-Social-Phobia\Code\NijnCoach_Test\bin\Debug\NijnCoach_Test.exe" executed="True" result="Failure" success="False" time="55.221" asserts="0">
        <results>
          <test-suite type="Namespace" name="NijnCoach_Test" executed="True" result="Failure" success="False" time="55.202" asserts="0">
            <results>
              <test-suite type="Namespace" name="Model" executed="True" result="Success" success="True" time="0.877" asserts="0">
                <results>
                  <test-suite type="TestFixture" name="XMLParserTest" executed="True" result="Success" success="True" time="0.871" asserts="0">
                    <results>
                      <test-case name="NijnCoach_Test.Model.XMLParserTest.commentTest" executed="True" result="Success" success="True" time="0.552" asserts="5" />
                      <test-case name="NijnCoach_Test.Model.XMLParserTest.emptyQuestionnaireTest" executed="True" result="Success" success="True" time="0.003" asserts="6" />
                      <test-case name="NijnCoach_Test.Model.XMLParserTest.invalidFileTest" executed="True" result="Success" success="True" time="0.007" asserts="0" />
                      <test-case name="NijnCoach_Test.Model.XMLParserTest.invalidXMLTest" executed="True" result="Success" success="True" time="0.007" asserts="0" />
                      <test-case name="NijnCoach_Test.Model.XMLParserTest.mcQuestionOptionsTest" executed="True" result="Success" success="True" time="0.135" asserts="11" />
                      <test-case name="NijnCoach_Test.Model.XMLParserTest.mcQuestionTest" executed="True" result="Success" success="True" time="0.001" asserts="4" />
                      <test-case name="NijnCoach_Test.Model.XMLParserTest.openQuestionTest" executed="True" result="Success" success="True" time="0.110" asserts="4" />
                    </results>
                  </test-suite>
                </results>
              </test-suite>
              <test-suite type="Namespace" name="View" executed="True" result="Failure" success="False" time="54.296" asserts="0">
                <results>
                  <test-suite type="Namespace" name="Avatar" executed="True" result="Success" success="True" time="26.184" asserts="0">
                    <results>
                      <test-suite type="TestFixture" name="MultipleAvatarTest" executed="True" result="Success" success="True" time="26.183" asserts="0">
                        <results>
                          <test-case name="NijnCoach_Test.View.Avatar.MultipleAvatarTest.Test" executed="True" result="Success" success="True" time="26.119" asserts="1" />
                        </results>
                      </test-suite>
                    </results>
                  </test-suite>
                  <test-suite type="Namespace" name="QuestionnaireForm" executed="True" result="Failure" success="False" time="0.171" asserts="0">
                    <results>
                      <test-suite type="TestFixture" name="PatientQuestionnaireGUITest" executed="True" result="Failure" success="False" time="0.168" asserts="0">
                        <results>
                          <test-case name="NijnCoach_Test.View.QuestionnaireForm.PatientQuestionnaireGUITest.commentTest" executed="True" result="Error" success="False" time="0.089" asserts="0">
                            <failure>
                              <message><![CDATA[SetUp : System.NullReferenceException : Object reference not set to an instance of an object.]]></message>
                              <stack-trace><![CDATA[at NijnCoach_Test.View.GuiTest.setUp() in \\vmware-host\Shared Folders\Documenten\Health-Informatics-Social-Phobia\Code\NijnCoach_Test\View\GuiTest.cs:line 149
at NijnCoach_Test.View.QuestionnaireForm.PatientQuestionnaireGUITest.setUp() in \\vmware-host\Shared Folders\Documenten\Health-Informatics-Social-Phobia\Code\NijnCoach_Test\View\QuestionnaireForm\PatientQuestionnaireGUITest.cs:line 47
]]></stack-trace>
                            </failure>
                          </test-case>
                          <test-case name="NijnCoach_Test.View.QuestionnaireForm.PatientQuestionnaireGUITest.mcQuestionOptionsTest" executed="True" result="Error" success="False" time="0.004" asserts="0">
                            <failure>
                              <message><![CDATA[SetUp : System.NullReferenceException : Object reference not set to an instance of an object.]]></message>
                              <stack-trace><![CDATA[at NijnCoach_Test.View.GuiTest.setUp() in \\vmware-host\Shared Folders\Documenten\Health-Informatics-Social-Phobia\Code\NijnCoach_Test\View\GuiTest.cs:line 149
at NijnCoach_Test.View.QuestionnaireForm.PatientQuestionnaireGUITest.setUp() in \\vmware-host\Shared Folders\Documenten\Health-Informatics-Social-Phobia\Code\NijnCoach_Test\View\QuestionnaireForm\PatientQuestionnaireGUITest.cs:line 47
]]></stack-trace>
                            </failure>
                          </test-case>
                          <test-case name="NijnCoach_Test.View.QuestionnaireForm.PatientQuestionnaireGUITest.mcQuestionTextTest" executed="True" result="Error" success="False" time="0.005" asserts="0">
                            <failure>
                              <message><![CDATA[SetUp : System.NullReferenceException : Object reference not set to an instance of an object.]]></message>
                              <stack-trace><![CDATA[at NijnCoach_Test.View.GuiTest.setUp() in \\vmware-host\Shared Folders\Documenten\Health-Informatics-Social-Phobia\Code\NijnCoach_Test\View\GuiTest.cs:line 149
at NijnCoach_Test.View.QuestionnaireForm.PatientQuestionnaireGUITest.setUp() in \\vmware-host\Shared Folders\Documenten\Health-Informatics-Social-Phobia\Code\NijnCoach_Test\View\QuestionnaireForm\PatientQuestionnaireGUITest.cs:line 47
]]></stack-trace>
                            </failure>
                          </test-case>
                          <test-case name="NijnCoach_Test.View.QuestionnaireForm.PatientQuestionnaireGUITest.openQuestionTextTest" executed="True" result="Error" success="False" time="0.004" asserts="0">
                            <failure>
                              <message><![CDATA[SetUp : System.NullReferenceException : Object reference not set to an instance of an object.]]></message>
                              <stack-trace><![CDATA[at NijnCoach_Test.View.GuiTest.setUp() in \\vmware-host\Shared Folders\Documenten\Health-Informatics-Social-Phobia\Code\NijnCoach_Test\View\GuiTest.cs:line 149
at NijnCoach_Test.View.QuestionnaireForm.PatientQuestionnaireGUITest.setUp() in \\vmware-host\Shared Folders\Documenten\Health-Informatics-Social-Phobia\Code\NijnCoach_Test\View\QuestionnaireForm\PatientQuestionnaireGUITest.cs:line 47
]]></stack-trace>
                            </failure>
                          </test-case>
                        </results>
                      </test-suite>
                    </results>
                  </test-suite>
                  <test-suite type="Namespace" name="TherapistGUI" executed="True" result="Success" success="True" time="27.916" asserts="0">
                    <results>
                      <test-suite type="TestFixture" name="TherapistGUITest" executed="True" result="Success" success="True" time="13.448" asserts="0">
                        <results>
                          <test-case name="NijnCoach_Test.View.TherapistGUI.TherapistGUITest.testForCheckedMCradioButtonInMC" executed="True" result="Success" success="True" time="10.423" asserts="1" />
                          <test-case name="NijnCoach_Test.View.TherapistGUI.TherapistGUITest.testForClearAudioButton" executed="True" result="Success" success="True" time="0.091" asserts="1" />
                          <test-case name="NijnCoach_Test.View.TherapistGUI.TherapistGUITest.testForCorrectRadioButtonCheckedinComment" executed="True" result="Success" success="True" time="0.080" asserts="1" />
                          <test-case name="NijnCoach_Test.View.TherapistGUI.TherapistGUITest.testForCorrectRadioButtonCheckedinOpen" executed="True" result="Success" success="True" time="0.082" asserts="1" />
                          <test-case name="NijnCoach_Test.View.TherapistGUI.TherapistGUITest.testForEmptyQuestionBoxinComment" executed="True" result="Success" success="True" time="0.072" asserts="1" />
                          <test-case name="NijnCoach_Test.View.TherapistGUI.TherapistGUITest.testForEmptyQuestionBoxinOpen" executed="True" result="Success" success="True" time="0.064" asserts="1" />
                          <test-case name="NijnCoach_Test.View.TherapistGUI.TherapistGUITest.testForFinishQuestionWithoutQuestions" executed="False" result="Ignored">
                            <reason>
                              <message><![CDATA[]]></message>
                            </reason>
                          </test-case>
                          <test-case name="NijnCoach_Test.View.TherapistGUI.TherapistGUITest.testForInvisibleAddButtoninComment" executed="True" result="Success" success="True" time="0.071" asserts="1" />
                          <test-case name="NijnCoach_Test.View.TherapistGUI.TherapistGUITest.testForInvisibleAddButtoninOpen" executed="True" result="Success" success="True" time="0.071" asserts="1" />
                          <test-case name="NijnCoach_Test.View.TherapistGUI.TherapistGUITest.testForInvisibleAnswerEmotionLabelinComment" executed="True" result="Success" success="True" time="0.078" asserts="2" />
                          <test-case name="NijnCoach_Test.View.TherapistGUI.TherapistGUITest.testForInvisibleAnswerEmotionLabelinOpen" executed="True" result="Success" success="True" time="0.073" asserts="2" />
                          <test-case name="NijnCoach_Test.View.TherapistGUI.TherapistGUITest.testForInvisibleEmotionComboBoxinComment" executed="True" result="Success" success="True" time="0.084" asserts="7" />
                          <test-case name="NijnCoach_Test.View.TherapistGUI.TherapistGUITest.testForInVisibleEmotionComboBoxInMC" executed="True" result="Success" success="True" time="0.088" asserts="6" />
                          <test-case name="NijnCoach_Test.View.TherapistGUI.TherapistGUITest.testForInvisibleEmotionComboBoxinOpen" executed="True" result="Success" success="True" time="0.074" asserts="7" />
                          <test-case name="NijnCoach_Test.View.TherapistGUI.TherapistGUITest.testForInvisibleQuestionLabelsinComment" executed="True" result="Success" success="True" time="0.078" asserts="8" />
                          <test-case name="NijnCoach_Test.View.TherapistGUI.TherapistGUITest.testForInVisibleQuestionLabelsInMC" executed="True" result="Success" success="True" time="0.092" asserts="6" />
                          <test-case name="NijnCoach_Test.View.TherapistGUI.TherapistGUITest.testForInvisibleQuestionLabelsinOpen" executed="True" result="Success" success="True" time="0.071" asserts="8" />
                          <test-case name="NijnCoach_Test.View.TherapistGUI.TherapistGUITest.testForInvisibleQuestionTextBoxesinComment" executed="True" result="Success" success="True" time="0.074" asserts="8" />
                          <test-case name="NijnCoach_Test.View.TherapistGUI.TherapistGUITest.testForInVisibleQuestionTextBoxesInMC" executed="True" result="Success" success="True" time="0.083" asserts="6" />
                          <test-case name="NijnCoach_Test.View.TherapistGUI.TherapistGUITest.testForInvisibleQuestionTextBoxesinOpen" executed="True" result="Success" success="True" time="0.070" asserts="8" />
                          <test-case name="NijnCoach_Test.View.TherapistGUI.TherapistGUITest.testForInvisibleRemoveButtoninComment" executed="True" result="Success" success="True" time="0.076" asserts="1" />
                          <test-case name="NijnCoach_Test.View.TherapistGUI.TherapistGUITest.testForInvisibleRemoveButtoninOpen" executed="True" result="Success" success="True" time="0.067" asserts="1" />
                          <test-case name="NijnCoach_Test.View.TherapistGUI.TherapistGUITest.testForLabelQisCommentinComment" executed="True" result="Success" success="True" time="0.076" asserts="1" />
                          <test-case name="NijnCoach_Test.View.TherapistGUI.TherapistGUITest.testForLabelQisQuestionInMC" executed="True" result="Success" success="True" time="0.088" asserts="1" />
                          <test-case name="NijnCoach_Test.View.TherapistGUI.TherapistGUITest.testForLabelQisQuestioninOpen" executed="True" result="Success" success="True" time="0.070" asserts="1" />
                          <test-case name="NijnCoach_Test.View.TherapistGUI.TherapistGUITest.testForNextButton" executed="True" result="Success" success="True" time="0.084" asserts="1" />
                          <test-case name="NijnCoach_Test.View.TherapistGUI.TherapistGUITest.testForVerifyWhenAddClickedInMC" executed="True" result="Success" success="True" time="0.085" asserts="24" />
                          <test-case name="NijnCoach_Test.View.TherapistGUI.TherapistGUITest.testForVerifyWhenRemoveClickedWithThreeOptionsInMC" executed="True" result="Success" success="True" time="0.092" asserts="24" />
                          <test-case name="NijnCoach_Test.View.TherapistGUI.TherapistGUITest.testForVerifyWhenRemoveClickedWithTwoOptionsInMC" executed="True" result="Success" success="True" time="0.079" asserts="24" />
                          <test-case name="NijnCoach_Test.View.TherapistGUI.TherapistGUITest.testForVisibleAddButtonInMC" executed="True" result="Success" success="True" time="0.091" asserts="1" />
                          <test-case name="NijnCoach_Test.View.TherapistGUI.TherapistGUITest.testForVisibleAudioFrag" executed="True" result="Success" success="True" time="0.071" asserts="1" />
                          <test-case name="NijnCoach_Test.View.TherapistGUI.TherapistGUITest.testForVisibleEmotionAnswerLabelInMC" executed="True" result="Success" success="True" time="0.080" asserts="2" />
                          <test-case name="NijnCoach_Test.View.TherapistGUI.TherapistGUITest.testForVisibleEmotionComboBoxInComment" executed="True" result="Success" success="True" time="0.070" asserts="1" />
                          <test-case name="NijnCoach_Test.View.TherapistGUI.TherapistGUITest.testForVisibleEmotionComboBoxInMC" executed="True" result="Success" success="True" time="0.080" asserts="2" />
                          <test-case name="NijnCoach_Test.View.TherapistGUI.TherapistGUITest.testForVisibleEmotionComboBoxinOpen" executed="True" result="Success" success="True" time="0.068" asserts="1" />
                          <test-case name="NijnCoach_Test.View.TherapistGUI.TherapistGUITest.testForVisibleQuestionLabelsInMC" executed="True" result="Success" success="True" time="0.095" asserts="2" />
                          <test-case name="NijnCoach_Test.View.TherapistGUI.TherapistGUITest.testForVisibleQuestionTextBoxesInMC" executed="True" result="Success" success="True" time="0.080" asserts="2" />
                          <test-case name="NijnCoach_Test.View.TherapistGUI.TherapistGUITest.testForVisibleRemoveButtonInMC" executed="True" result="Success" success="True" time="0.086" asserts="1" />
                        </results>
                      </test-suite>
                      <test-suite type="TestFixture" name="TherapistGUITestCommentViaOpenAndMC" executed="True" result="Success" success="True" time="7.818" asserts="0">
                        <results>
                          <test-case name="NijnCoach_Test.View.TherapistGUI.TherapistGUITestCommentViaOpenAndMC.TherapistGUITest.testForCheckedMCradioButtonInMC" executed="True" result="Success" success="True" time="0.082" asserts="1" />
                          <test-case name="NijnCoach_Test.View.TherapistGUI.TherapistGUITestCommentViaOpenAndMC.TherapistGUITest.testForClearAudioButton" executed="True" result="Success" success="True" time="0.071" asserts="1" />
                          <test-case name="NijnCoach_Test.View.TherapistGUI.TherapistGUITestCommentViaOpenAndMC.TherapistGUITest.testForCorrectRadioButtonCheckedinComment" executed="True" result="Success" success="True" time="0.100" asserts="1" />
                          <test-case name="NijnCoach_Test.View.TherapistGUI.TherapistGUITestCommentViaOpenAndMC.TherapistGUITest.testForCorrectRadioButtonCheckedinOpen" executed="True" result="Success" success="True" time="0.066" asserts="1" />
                          <test-case name="NijnCoach_Test.View.TherapistGUI.TherapistGUITestCommentViaOpenAndMC.TherapistGUITest.testForEmptyQuestionBoxinComment" executed="True" result="Success" success="True" time="0.141" asserts="1" />
                          <test-case name="NijnCoach_Test.View.TherapistGUI.TherapistGUITestCommentViaOpenAndMC.TherapistGUITest.testForEmptyQuestionBoxinOpen" executed="True" result="Success" success="True" time="0.065" asserts="1" />
                          <test-case name="NijnCoach_Test.View.TherapistGUI.TherapistGUITestCommentViaOpenAndMC.TherapistGUITest.testForFinishQuestionWithoutQuestions" executed="False" result="Ignored">
                            <reason>
                              <message><![CDATA[]]></message>
                            </reason>
                          </test-case>
                          <test-case name="NijnCoach_Test.View.TherapistGUI.TherapistGUITestCommentViaOpenAndMC.TherapistGUITest.testForInvisibleAddButtoninComment" executed="True" result="Success" success="True" time="0.110" asserts="1" />
                          <test-case name="NijnCoach_Test.View.TherapistGUI.TherapistGUITestCommentViaOpenAndMC.TherapistGUITest.testForInvisibleAddButtoninOpen" executed="True" result="Success" success="True" time="0.067" asserts="1" />
                          <test-case name="NijnCoach_Test.View.TherapistGUI.TherapistGUITestCommentViaOpenAndMC.TherapistGUITest.testForInvisibleAnswerEmotionLabelinComment" executed="True" result="Success" success="True" time="0.103" asserts="2" />
                          <test-case name="NijnCoach_Test.View.TherapistGUI.TherapistGUITestCommentViaOpenAndMC.TherapistGUITest.testForInvisibleAnswerEmotionLabelinOpen" executed="True" result="Success" success="True" time="0.070" asserts="2" />
                          <test-case name="NijnCoach_Test.View.TherapistGUI.TherapistGUITestCommentViaOpenAndMC.TherapistGUITest.testForInvisibleEmotionComboBoxinComment" executed="True" result="Success" success="True" time="0.112" asserts="7" />
                          <test-case name="NijnCoach_Test.View.TherapistGUI.TherapistGUITestCommentViaOpenAndMC.TherapistGUITest.testForInVisibleEmotionComboBoxInMC" executed="True" result="Success" success="True" time="0.085" asserts="6" />
                          <test-case name="NijnCoach_Test.View.TherapistGUI.TherapistGUITestCommentViaOpenAndMC.TherapistGUITest.testForInvisibleEmotionComboBoxinOpen" executed="True" result="Success" success="True" time="0.074" asserts="7" />
                          <test-case name="NijnCoach_Test.View.TherapistGUI.TherapistGUITestCommentViaOpenAndMC.TherapistGUITest.testForInvisibleQuestionLabelsinComment" executed="True" result="Success" success="True" time="0.109" asserts="8" />
                          <test-case name="NijnCoach_Test.View.TherapistGUI.TherapistGUITestCommentViaOpenAndMC.TherapistGUITest.testForInVisibleQuestionLabelsInMC" executed="True" result="Success" success="True" time="0.083" asserts="6" />
                          <test-case name="NijnCoach_Test.View.TherapistGUI.TherapistGUITestCommentViaOpenAndMC.TherapistGUITest.testForInvisibleQuestionLabelsinOpen" executed="True" result="Success" success="True" time="4.361" asserts="8" />
                          <test-case name="NijnCoach_Test.View.TherapistGUI.TherapistGUITestCommentViaOpenAndMC.TherapistGUITest.testForInvisibleQuestionTextBoxesinComment" executed="True" result="Success" success="True" time="0.097" asserts="8" />
                          <test-case name="NijnCoach_Test.View.TherapistGUI.TherapistGUITestCommentViaOpenAndMC.TherapistGUITest.testForInVisibleQuestionTextBoxesInMC" executed="True" result="Success" success="True" time="0.078" asserts="6" />
                          <test-case name="NijnCoach_Test.View.TherapistGUI.TherapistGUITestCommentViaOpenAndMC.TherapistGUITest.testForInvisibleQuestionTextBoxesinOpen" executed="True" result="Success" success="True" time="0.070" asserts="8" />
                          <test-case name="NijnCoach_Test.View.TherapistGUI.TherapistGUITestCommentViaOpenAndMC.TherapistGUITest.testForInvisibleRemoveButtoninComment" executed="True" result="Success" success="True" time="0.122" asserts="1" />
                          <test-case name="NijnCoach_Test.View.TherapistGUI.TherapistGUITestCommentViaOpenAndMC.TherapistGUITest.testForInvisibleRemoveButtoninOpen" executed="True" result="Success" success="True" time="0.102" asserts="1" />
                          <test-case name="NijnCoach_Test.View.TherapistGUI.TherapistGUITestCommentViaOpenAndMC.TherapistGUITest.testForLabelQisCommentinComment" executed="True" result="Success" success="True" time="0.108" asserts="1" />
                          <test-case name="NijnCoach_Test.View.TherapistGUI.TherapistGUITestCommentViaOpenAndMC.TherapistGUITest.testForLabelQisQuestionInMC" executed="True" result="Success" success="True" time="0.080" asserts="1" />
                          <test-case name="NijnCoach_Test.View.TherapistGUI.TherapistGUITestCommentViaOpenAndMC.TherapistGUITest.testForLabelQisQuestioninOpen" executed="True" result="Success" success="True" time="0.069" asserts="1" />
                          <test-case name="NijnCoach_Test.View.TherapistGUI.TherapistGUITestCommentViaOpenAndMC.TherapistGUITest.testForNextButton" executed="True" result="Success" success="True" time="0.082" asserts="1" />
                          <test-case name="NijnCoach_Test.View.TherapistGUI.TherapistGUITestCommentViaOpenAndMC.TherapistGUITest.testForVerifyWhenAddClickedInMC" executed="True" result="Success" success="True" time="0.108" asserts="24" />
                          <test-case name="NijnCoach_Test.View.TherapistGUI.TherapistGUITestCommentViaOpenAndMC.TherapistGUITest.testForVerifyWhenRemoveClickedWithThreeOptionsInMC" executed="True" result="Success" success="True" time="0.102" asserts="24" />
                          <test-case name="NijnCoach_Test.View.TherapistGUI.TherapistGUITestCommentViaOpenAndMC.TherapistGUITest.testForVerifyWhenRemoveClickedWithTwoOptionsInMC" executed="True" result="Success" success="True" time="0.089" asserts="24" />
                          <test-case name="NijnCoach_Test.View.TherapistGUI.TherapistGUITestCommentViaOpenAndMC.TherapistGUITest.testForVisibleAddButtonInMC" executed="True" result="Success" success="True" time="0.087" asserts="1" />
                          <test-case name="NijnCoach_Test.View.TherapistGUI.TherapistGUITestCommentViaOpenAndMC.TherapistGUITest.testForVisibleAudioFrag" executed="True" result="Success" success="True" time="0.068" asserts="1" />
                          <test-case name="NijnCoach_Test.View.TherapistGUI.TherapistGUITestCommentViaOpenAndMC.TherapistGUITest.testForVisibleEmotionAnswerLabelInMC" executed="True" result="Success" success="True" time="0.087" asserts="2" />
                          <test-case name="NijnCoach_Test.View.TherapistGUI.TherapistGUITestCommentViaOpenAndMC.TherapistGUITest.testForVisibleEmotionComboBoxInComment" executed="True" result="Success" success="True" time="0.121" asserts="1" />
                          <test-case name="NijnCoach_Test.View.TherapistGUI.TherapistGUITestCommentViaOpenAndMC.TherapistGUITest.testForVisibleEmotionComboBoxInMC" executed="True" result="Success" success="True" time="0.086" asserts="2" />
                          <test-case name="NijnCoach_Test.View.TherapistGUI.TherapistGUITestCommentViaOpenAndMC.TherapistGUITest.testForVisibleEmotionComboBoxinOpen" executed="True" result="Success" success="True" time="0.074" asserts="1" />
                          <test-case name="NijnCoach_Test.View.TherapistGUI.TherapistGUITestCommentViaOpenAndMC.TherapistGUITest.testForVisibleQuestionLabelsInMC" executed="True" result="Success" success="True" time="0.092" asserts="2" />
                          <test-case name="NijnCoach_Test.View.TherapistGUI.TherapistGUITestCommentViaOpenAndMC.TherapistGUITest.testForVisibleQuestionTextBoxesInMC" executed="True" result="Success" success="True" time="0.084" asserts="2" />
                          <test-case name="NijnCoach_Test.View.TherapistGUI.TherapistGUITestCommentViaOpenAndMC.TherapistGUITest.testForVisibleRemoveButtonInMC" executed="True" result="Success" success="True" time="0.090" asserts="1" />
                        </results>
                      </test-suite>
                      <test-suite type="TestFixture" name="TherapistGUITestMCViaOpenAndComment" executed="True" result="Success" success="True" time="3.266" asserts="0">
                        <results>
                          <test-case name="NijnCoach_Test.View.TherapistGUI.TherapistGUITestMCViaOpenAndComment.TherapistGUITest.testForCheckedMCradioButtonInMC" executed="True" result="Success" success="True" time="0.099" asserts="1" />
                          <test-case name="NijnCoach_Test.View.TherapistGUI.TherapistGUITestMCViaOpenAndComment.TherapistGUITest.testForClearAudioButton" executed="True" result="Success" success="True" time="0.071" asserts="1" />
                          <test-case name="NijnCoach_Test.View.TherapistGUI.TherapistGUITestMCViaOpenAndComment.TherapistGUITest.testForCorrectRadioButtonCheckedinComment" executed="True" result="Success" success="True" time="0.077" asserts="1" />
                          <test-case name="NijnCoach_Test.View.TherapistGUI.TherapistGUITestMCViaOpenAndComment.TherapistGUITest.testForCorrectRadioButtonCheckedinOpen" executed="True" result="Success" success="True" time="0.078" asserts="1" />
                          <test-case name="NijnCoach_Test.View.TherapistGUI.TherapistGUITestMCViaOpenAndComment.TherapistGUITest.testForEmptyQuestionBoxinComment" executed="True" result="Success" success="True" time="0.080" asserts="1" />
                          <test-case name="NijnCoach_Test.View.TherapistGUI.TherapistGUITestMCViaOpenAndComment.TherapistGUITest.testForEmptyQuestionBoxinOpen" executed="True" result="Success" success="True" time="0.078" asserts="1" />
                          <test-case name="NijnCoach_Test.View.TherapistGUI.TherapistGUITestMCViaOpenAndComment.TherapistGUITest.testForFinishQuestionWithoutQuestions" executed="False" result="Ignored">
                            <reason>
                              <message><![CDATA[]]></message>
                            </reason>
                          </test-case>
                          <test-case name="NijnCoach_Test.View.TherapistGUI.TherapistGUITestMCViaOpenAndComment.TherapistGUITest.testForInvisibleAddButtoninComment" executed="True" result="Success" success="True" time="0.074" asserts="1" />
                          <test-case name="NijnCoach_Test.View.TherapistGUI.TherapistGUITestMCViaOpenAndComment.TherapistGUITest.testForInvisibleAddButtoninOpen" executed="True" result="Success" success="True" time="0.075" asserts="1" />
                          <test-case name="NijnCoach_Test.View.TherapistGUI.TherapistGUITestMCViaOpenAndComment.TherapistGUITest.testForInvisibleAnswerEmotionLabelinComment" executed="True" result="Success" success="True" time="0.071" asserts="2" />
                          <test-case name="NijnCoach_Test.View.TherapistGUI.TherapistGUITestMCViaOpenAndComment.TherapistGUITest.testForInvisibleAnswerEmotionLabelinOpen" executed="True" result="Success" success="True" time="0.075" asserts="2" />
                          <test-case name="NijnCoach_Test.View.TherapistGUI.TherapistGUITestMCViaOpenAndComment.TherapistGUITest.testForInvisibleEmotionComboBoxinComment" executed="True" result="Success" success="True" time="0.074" asserts="7" />
                          <test-case name="NijnCoach_Test.View.TherapistGUI.TherapistGUITestMCViaOpenAndComment.TherapistGUITest.testForInVisibleEmotionComboBoxInMC" executed="True" result="Success" success="True" time="0.104" asserts="6" />
                          <test-case name="NijnCoach_Test.View.TherapistGUI.TherapistGUITestMCViaOpenAndComment.TherapistGUITest.testForInvisibleEmotionComboBoxinOpen" executed="True" result="Success" success="True" time="0.069" asserts="7" />
                          <test-case name="NijnCoach_Test.View.TherapistGUI.TherapistGUITestMCViaOpenAndComment.TherapistGUITest.testForInvisibleQuestionLabelsinComment" executed="True" result="Success" success="True" time="0.069" asserts="8" />
                          <test-case name="NijnCoach_Test.View.TherapistGUI.TherapistGUITestMCViaOpenAndComment.TherapistGUITest.testForInVisibleQuestionLabelsInMC" executed="True" result="Success" success="True" time="0.098" asserts="6" />
                          <test-case name="NijnCoach_Test.View.TherapistGUI.TherapistGUITestMCViaOpenAndComment.TherapistGUITest.testForInvisibleQuestionLabelsinOpen" executed="True" result="Success" success="True" time="0.072" asserts="8" />
                          <test-case name="NijnCoach_Test.View.TherapistGUI.TherapistGUITestMCViaOpenAndComment.TherapistGUITest.testForInvisibleQuestionTextBoxesinComment" executed="True" result="Success" success="True" time="0.070" asserts="8" />
                          <test-case name="NijnCoach_Test.View.TherapistGUI.TherapistGUITestMCViaOpenAndComment.TherapistGUITest.testForInVisibleQuestionTextBoxesInMC" executed="True" result="Success" success="True" time="0.103" asserts="6" />
                          <test-case name="NijnCoach_Test.View.TherapistGUI.TherapistGUITestMCViaOpenAndComment.TherapistGUITest.testForInvisibleQuestionTextBoxesinOpen" executed="True" result="Success" success="True" time="0.073" asserts="8" />
                          <test-case name="NijnCoach_Test.View.TherapistGUI.TherapistGUITestMCViaOpenAndComment.TherapistGUITest.testForInvisibleRemoveButtoninComment" executed="True" result="Success" success="True" time="0.077" asserts="1" />
                          <test-case name="NijnCoach_Test.View.TherapistGUI.TherapistGUITestMCViaOpenAndComment.TherapistGUITest.testForInvisibleRemoveButtoninOpen" executed="True" result="Success" success="True" time="0.073" asserts="1" />
                          <test-case name="NijnCoach_Test.View.TherapistGUI.TherapistGUITestMCViaOpenAndComment.TherapistGUITest.testForLabelQisCommentinComment" executed="True" result="Success" success="True" time="0.082" asserts="1" />
                          <test-case name="NijnCoach_Test.View.TherapistGUI.TherapistGUITestMCViaOpenAndComment.TherapistGUITest.testForLabelQisQuestionInMC" executed="True" result="Success" success="True" time="0.094" asserts="1" />
                          <test-case name="NijnCoach_Test.View.TherapistGUI.TherapistGUITestMCViaOpenAndComment.TherapistGUITest.testForLabelQisQuestioninOpen" executed="True" result="Success" success="True" time="0.081" asserts="1" />
                          <test-case name="NijnCoach_Test.View.TherapistGUI.TherapistGUITestMCViaOpenAndComment.TherapistGUITest.testForNextButton" executed="True" result="Success" success="True" time="0.085" asserts="1" />
                          <test-case name="NijnCoach_Test.View.TherapistGUI.TherapistGUITestMCViaOpenAndComment.TherapistGUITest.testForVerifyWhenAddClickedInMC" executed="True" result="Success" success="True" time="0.106" asserts="24" />
                          <test-case name="NijnCoach_Test.View.TherapistGUI.TherapistGUITestMCViaOpenAndComment.TherapistGUITest.testForVerifyWhenRemoveClickedWithThreeOptionsInMC" executed="True" result="Success" success="True" time="0.103" asserts="24" />
                          <test-case name="NijnCoach_Test.View.TherapistGUI.TherapistGUITestMCViaOpenAndComment.TherapistGUITest.testForVerifyWhenRemoveClickedWithTwoOptionsInMC" executed="True" result="Success" success="True" time="0.099" asserts="24" />
                          <test-case name="NijnCoach_Test.View.TherapistGUI.TherapistGUITestMCViaOpenAndComment.TherapistGUITest.testForVisibleAddButtonInMC" executed="True" result="Success" success="True" time="0.096" asserts="1" />
                          <test-case name="NijnCoach_Test.View.TherapistGUI.TherapistGUITestMCViaOpenAndComment.TherapistGUITest.testForVisibleAudioFrag" executed="True" result="Success" success="True" time="0.061" asserts="1" />
                          <test-case name="NijnCoach_Test.View.TherapistGUI.TherapistGUITestMCViaOpenAndComment.TherapistGUITest.testForVisibleEmotionAnswerLabelInMC" executed="True" result="Success" success="True" time="0.085" asserts="2" />
                          <test-case name="NijnCoach_Test.View.TherapistGUI.TherapistGUITestMCViaOpenAndComment.TherapistGUITest.testForVisibleEmotionComboBoxInComment" executed="True" result="Success" success="True" time="0.075" asserts="1" />
                          <test-case name="NijnCoach_Test.View.TherapistGUI.TherapistGUITestMCViaOpenAndComment.TherapistGUITest.testForVisibleEmotionComboBoxInMC" executed="True" result="Success" success="True" time="0.092" asserts="2" />
                          <test-case name="NijnCoach_Test.View.TherapistGUI.TherapistGUITestMCViaOpenAndComment.TherapistGUITest.testForVisibleEmotionComboBoxinOpen" executed="True" result="Success" success="True" time="0.069" asserts="1" />
                          <test-case name="NijnCoach_Test.View.TherapistGUI.TherapistGUITestMCViaOpenAndComment.TherapistGUITest.testForVisibleQuestionLabelsInMC" executed="True" result="Success" success="True" time="0.095" asserts="2" />
                          <test-case name="NijnCoach_Test.View.TherapistGUI.TherapistGUITestMCViaOpenAndComment.TherapistGUITest.testForVisibleQuestionTextBoxesInMC" executed="True" result="Success" success="True" time="0.096" asserts="2" />
                          <test-case name="NijnCoach_Test.View.TherapistGUI.TherapistGUITestMCViaOpenAndComment.TherapistGUITest.testForVisibleRemoveButtonInMC" executed="True" result="Success" success="True" time="0.100" asserts="1" />
                        </results>
                      </test-suite>
                      <test-suite type="TestFixture" name="TherapistGUITestOpenViaCommentAndMC" executed="True" result="Success" success="True" time="3.350" asserts="0">
                        <results>
                          <test-case name="NijnCoach_Test.View.TherapistGUI.TherapistGUITestOpenViaCommentAndMC.TherapistGUITest.testForCheckedMCradioButtonInMC" executed="True" result="Success" success="True" time="0.093" asserts="1" />
                          <test-case name="NijnCoach_Test.View.TherapistGUI.TherapistGUITestOpenViaCommentAndMC.TherapistGUITest.testForClearAudioButton" executed="True" result="Success" success="True" time="0.071" asserts="1" />
                          <test-case name="NijnCoach_Test.View.TherapistGUI.TherapistGUITestOpenViaCommentAndMC.TherapistGUITest.testForCorrectRadioButtonCheckedinComment" executed="True" result="Success" success="True" time="0.069" asserts="1" />
                          <test-case name="NijnCoach_Test.View.TherapistGUI.TherapistGUITestOpenViaCommentAndMC.TherapistGUITest.testForCorrectRadioButtonCheckedinOpen" executed="True" result="Success" success="True" time="0.093" asserts="1" />
                          <test-case name="NijnCoach_Test.View.TherapistGUI.TherapistGUITestOpenViaCommentAndMC.TherapistGUITest.testForEmptyQuestionBoxinComment" executed="True" result="Success" success="True" time="0.067" asserts="1" />
                          <test-case name="NijnCoach_Test.View.TherapistGUI.TherapistGUITestOpenViaCommentAndMC.TherapistGUITest.testForEmptyQuestionBoxinOpen" executed="True" result="Success" success="True" time="0.102" asserts="1" />
                          <test-case name="NijnCoach_Test.View.TherapistGUI.TherapistGUITestOpenViaCommentAndMC.TherapistGUITest.testForFinishQuestionWithoutQuestions" executed="False" result="Ignored">
                            <reason>
                              <message><![CDATA[]]></message>
                            </reason>
                          </test-case>
                          <test-case name="NijnCoach_Test.View.TherapistGUI.TherapistGUITestOpenViaCommentAndMC.TherapistGUITest.testForInvisibleAddButtoninComment" executed="True" result="Success" success="True" time="0.070" asserts="1" />
                          <test-case name="NijnCoach_Test.View.TherapistGUI.TherapistGUITestOpenViaCommentAndMC.TherapistGUITest.testForInvisibleAddButtoninOpen" executed="True" result="Success" success="True" time="0.096" asserts="1" />
                          <test-case name="NijnCoach_Test.View.TherapistGUI.TherapistGUITestOpenViaCommentAndMC.TherapistGUITest.testForInvisibleAnswerEmotionLabelinComment" executed="True" result="Success" success="True" time="0.080" asserts="2" />
                          <test-case name="NijnCoach_Test.View.TherapistGUI.TherapistGUITestOpenViaCommentAndMC.TherapistGUITest.testForInvisibleAnswerEmotionLabelinOpen" executed="True" result="Success" success="True" time="0.101" asserts="2" />
                          <test-case name="NijnCoach_Test.View.TherapistGUI.TherapistGUITestOpenViaCommentAndMC.TherapistGUITest.testForInvisibleEmotionComboBoxinComment" executed="True" result="Success" success="True" time="0.071" asserts="7" />
                          <test-case name="NijnCoach_Test.View.TherapistGUI.TherapistGUITestOpenViaCommentAndMC.TherapistGUITest.testForInVisibleEmotionComboBoxInMC" executed="True" result="Success" success="True" time="0.087" asserts="6" />
                          <test-case name="NijnCoach_Test.View.TherapistGUI.TherapistGUITestOpenViaCommentAndMC.TherapistGUITest.testForInvisibleEmotionComboBoxinOpen" executed="True" result="Success" success="True" time="0.110" asserts="7" />
                          <test-case name="NijnCoach_Test.View.TherapistGUI.TherapistGUITestOpenViaCommentAndMC.TherapistGUITest.testForInvisibleQuestionLabelsinComment" executed="True" result="Success" success="True" time="0.069" asserts="8" />
                          <test-case name="NijnCoach_Test.View.TherapistGUI.TherapistGUITestOpenViaCommentAndMC.TherapistGUITest.testForInVisibleQuestionLabelsInMC" executed="True" result="Success" success="True" time="0.081" asserts="6" />
                          <test-case name="NijnCoach_Test.View.TherapistGUI.TherapistGUITestOpenViaCommentAndMC.TherapistGUITest.testForInvisibleQuestionLabelsinOpen" executed="True" result="Success" success="True" time="0.104" asserts="8" />
                          <test-case name="NijnCoach_Test.View.TherapistGUI.TherapistGUITestOpenViaCommentAndMC.TherapistGUITest.testForInvisibleQuestionTextBoxesinComment" executed="True" result="Success" success="True" time="0.067" asserts="8" />
                          <test-case name="NijnCoach_Test.View.TherapistGUI.TherapistGUITestOpenViaCommentAndMC.TherapistGUITest.testForInVisibleQuestionTextBoxesInMC" executed="True" result="Success" success="True" time="0.082" asserts="6" />
                          <test-case name="NijnCoach_Test.View.TherapistGUI.TherapistGUITestOpenViaCommentAndMC.TherapistGUITest.testForInvisibleQuestionTextBoxesinOpen" executed="True" result="Success" success="True" time="0.099" asserts="8" />
                          <test-case name="NijnCoach_Test.View.TherapistGUI.TherapistGUITestOpenViaCommentAndMC.TherapistGUITest.testForInvisibleRemoveButtoninComment" executed="True" result="Success" success="True" time="0.065" asserts="1" />
                          <test-case name="NijnCoach_Test.View.TherapistGUI.TherapistGUITestOpenViaCommentAndMC.TherapistGUITest.testForInvisibleRemoveButtoninOpen" executed="True" result="Success" success="True" time="0.112" asserts="1" />
                          <test-case name="NijnCoach_Test.View.TherapistGUI.TherapistGUITestOpenViaCommentAndMC.TherapistGUITest.testForLabelQisCommentinComment" executed="True" result="Success" success="True" time="0.077" asserts="1" />
                          <test-case name="NijnCoach_Test.View.TherapistGUI.TherapistGUITestOpenViaCommentAndMC.TherapistGUITest.testForLabelQisQuestionInMC" executed="True" result="Success" success="True" time="0.091" asserts="1" />
                          <test-case name="NijnCoach_Test.View.TherapistGUI.TherapistGUITestOpenViaCommentAndMC.TherapistGUITest.testForLabelQisQuestioninOpen" executed="True" result="Success" success="True" time="0.104" asserts="1" />
                          <test-case name="NijnCoach_Test.View.TherapistGUI.TherapistGUITestOpenViaCommentAndMC.TherapistGUITest.testForNextButton" executed="True" result="Success" success="True" time="0.105" asserts="1" />
                          <test-case name="NijnCoach_Test.View.TherapistGUI.TherapistGUITestOpenViaCommentAndMC.TherapistGUITest.testForVerifyWhenAddClickedInMC" executed="True" result="Success" success="True" time="0.094" asserts="24" />
                          <test-case name="NijnCoach_Test.View.TherapistGUI.TherapistGUITestOpenViaCommentAndMC.TherapistGUITest.testForVerifyWhenRemoveClickedWithThreeOptionsInMC" executed="True" result="Success" success="True" time="0.081" asserts="24" />
                          <test-case name="NijnCoach_Test.View.TherapistGUI.TherapistGUITestOpenViaCommentAndMC.TherapistGUITest.testForVerifyWhenRemoveClickedWithTwoOptionsInMC" executed="True" result="Success" success="True" time="0.078" asserts="24" />
                          <test-case name="NijnCoach_Test.View.TherapistGUI.TherapistGUITestOpenViaCommentAndMC.TherapistGUITest.testForVisibleAddButtonInMC" executed="True" result="Success" success="True" time="0.089" asserts="1" />
                          <test-case name="NijnCoach_Test.View.TherapistGUI.TherapistGUITestOpenViaCommentAndMC.TherapistGUITest.testForVisibleAudioFrag" executed="True" result="Success" success="True" time="0.062" asserts="1" />
                          <test-case name="NijnCoach_Test.View.TherapistGUI.TherapistGUITestOpenViaCommentAndMC.TherapistGUITest.testForVisibleEmotionAnswerLabelInMC" executed="True" result="Success" success="True" time="0.082" asserts="2" />
                          <test-case name="NijnCoach_Test.View.TherapistGUI.TherapistGUITestOpenViaCommentAndMC.TherapistGUITest.testForVisibleEmotionComboBoxInComment" executed="True" result="Success" success="True" time="0.078" asserts="1" />
                          <test-case name="NijnCoach_Test.View.TherapistGUI.TherapistGUITestOpenViaCommentAndMC.TherapistGUITest.testForVisibleEmotionComboBoxInMC" executed="True" result="Success" success="True" time="0.085" asserts="2" />
                          <test-case name="NijnCoach_Test.View.TherapistGUI.TherapistGUITestOpenViaCommentAndMC.TherapistGUITest.testForVisibleEmotionComboBoxinOpen" executed="True" result="Success" success="True" time="0.100" asserts="1" />
                          <test-case name="NijnCoach_Test.View.TherapistGUI.TherapistGUITestOpenViaCommentAndMC.TherapistGUITest.testForVisibleQuestionLabelsInMC" executed="True" result="Success" success="True" time="0.078" asserts="2" />
                          <test-case name="NijnCoach_Test.View.TherapistGUI.TherapistGUITestOpenViaCommentAndMC.TherapistGUITest.testForVisibleQuestionTextBoxesInMC" executed="True" result="Success" success="True" time="0.077" asserts="2" />
                          <test-case name="NijnCoach_Test.View.TherapistGUI.TherapistGUITestOpenViaCommentAndMC.TherapistGUITest.testForVisibleRemoveButtonInMC" executed="True" result="Success" success="True" time="0.080" asserts="1" />
                        </results>
                      </test-suite>
                    </results>
                  </test-suite>
                </results>
              </test-suite>
            </results>
          </test-suite>
        </results>
      </test-suite>
    </results>
  </test-suite>
</test-results>