<?xml version="1.0" encoding="utf-8" standalone="no"?>
<!--This file represents the results of running a test suite-->
<test-results name="\\vmware-host\Shared Folders\Documenten\Health-Informatics-Social-Phobia\Code\NijnCoach_Test\NijnCoach_Test.csproj" total="148" errors="148" failures="0" not-run="4" inconclusive="0" ignored="4" skipped="0" invalid="0" date="2013-05-27" time="09:31:55">
  <environment nunit-version="2.6.2.12296" clr-version="2.0.50727.5466" os-version="Microsoft Windows NT 6.1.7601 Service Pack 1" platform="Win32NT" cwd="\\vmware-host\Shared Folders\Documenten\Health-Informatics-Social-Phobia\Code\NijnCoach_Test\bin\Debug" machine-name="VIRTUALWINDOWS" user="Johnny Verhoeff" user-domain="VirtualWindows" />
  <culture-info current-culture="en-US" current-uiculture="en-US" />
  <test-suite type="Project" name="\\vmware-host\Shared Folders\Documenten\Health-Informatics-Social-Phobia\Code\NijnCoach_Test\NijnCoach_Test.csproj" executed="True" result="Failure" success="False" time="1.019" asserts="0">
    <results>
      <test-suite type="Assembly" name="\\vmware-host\Shared Folders\Documenten\Health-Informatics-Social-Phobia\Code\NijnCoach_Test\bin\Debug\NijnCoach_Test.exe" executed="True" result="Failure" success="False" time="1.003" asserts="0">
        <results>
          <test-suite type="Namespace" name="NijnCoach_Test" executed="True" result="Failure" success="False" time="0.987" asserts="0">
            <results>
              <test-suite type="Namespace" name="View" executed="True" result="Failure" success="False" time="0.971" asserts="0">
                <results>
                  <test-suite type="Namespace" name="TherapistGUI" executed="True" result="Failure" success="False" time="0.955" asserts="0">
                    <results>
                      <test-suite type="TestFixture" name="TherapistGUITest" executed="True" result="Failure" success="False" time="0.248" asserts="0">
                        <results>
                          <test-case name="NijnCoach_Test.View.TherapistGUI.TherapistGUITest.testForCheckedMCradioButtonInMC" executed="True" result="Error" success="False" time="0.002" asserts="0">
                            <failure>
                              <message><![CDATA[SetUp : System.NullReferenceException : Object reference not set to an instance of an object.]]></message>
                              <stack-trace><![CDATA[at NijnCoach_Test.View.GuiTest.run() in \\vmware-host\Shared Folders\Documenten\Health-Informatics-Social-Phobia\Code\NijnCoach_Test\View\GuiTest.cs:line 154
at NijnCoach_Test.View.GuiTest.setUp() in \\vmware-host\Shared Folders\Documenten\Health-Informatics-Social-Phobia\Code\NijnCoach_Test\View\GuiTest.cs:line 144
at NijnCoach_Test.View.TherapistGUI.TherapistGUITest.setUp() in \\vmware-host\Shared Folders\Documenten\Health-Informatics-Social-Phobia\Code\NijnCoach_Test\View\TherapistGUI\TherapistGUITest.cs:line 45
]]></stack-trace>
                            </failure>
                          </test-case>
                          <test-case name="NijnCoach_Test.View.TherapistGUI.TherapistGUITest.testForClearAudioButton" executed="True" result="Error" success="False" time="0.000" asserts="0">
                            <failure>
                              <message><![CDATA[SetUp : System.NullReferenceException : Object reference not set to an instance of an object.]]></message>
                              <stack-trace><![CDATA[at NijnCoach_Test.View.GuiTest.run() in \\vmware-host\Shared Folders\Documenten\Health-Informatics-Social-Phobia\Code\NijnCoach_Test\View\GuiTest.cs:line 154
at NijnCoach_Test.View.GuiTest.setUp() in \\vmware-host\Shared Folders\Documenten\Health-Informatics-Social-Phobia\Code\NijnCoach_Test\View\GuiTest.cs:line 144
at NijnCoach_Test.View.TherapistGUI.TherapistGUITest.setUp() in \\vmware-host\Shared Folders\Documenten\Health-Informatics-Social-Phobia\Code\NijnCoach_Test\View\TherapistGUI\TherapistGUITest.cs:line 45
]]></stack-trace>
                            </failure>
                          </test-case>
                          <test-case name="NijnCoach_Test.View.TherapistGUI.TherapistGUITest.testForCorrectRadioButtonCheckedinComment" executed="True" result="Error" success="False" time="0.000" asserts="0">
                            <failure>
                              <message><![CDATA[SetUp : System.NullReferenceException : Object reference not set to an instance of an object.]]></message>
                              <stack-trace><![CDATA[at NijnCoach_Test.View.GuiTest.run() in \\vmware-host\Shared Folders\Documenten\Health-Informatics-Social-Phobia\Code\NijnCoach_Test\View\GuiTest.cs:line 154
at NijnCoach_Test.View.GuiTest.setUp() in \\vmware-host\Shared Folders\Documenten\Health-Informatics-Social-Phobia\Code\NijnCoach_Test\View\GuiTest.cs:line 144
at NijnCoach_Test.View.TherapistGUI.TherapistGUITest.setUp() in \\vmware-host\Shared Folders\Documenten\Health-Informatics-Social-Phobia\Code\NijnCoach_Test\View\TherapistGUI\TherapistGUITest.cs:line 45
]]></stack-trace>
                            </failure>
                          </test-case>
                          <test-case name="NijnCoach_Test.View.TherapistGUI.TherapistGUITest.testForCorrectRadioButtonCheckedinOpen" executed="True" result="Error" success="False" time="0.000" asserts="0">
                            <failure>
                              <message><![CDATA[SetUp : System.NullReferenceException : Object reference not set to an instance of an object.]]></message>
                              <stack-trace><![CDATA[at NijnCoach_Test.View.GuiTest.run() in \\vmware-host\Shared Folders\Documenten\Health-Informatics-Social-Phobia\Code\NijnCoach_Test\View\GuiTest.cs:line 154
at NijnCoach_Test.View.GuiTest.setUp() in \\vmware-host\Shared Folders\Documenten\Health-Informatics-Social-Phobia\Code\NijnCoach_Test\View\GuiTest.cs:line 144
at NijnCoach_Test.View.TherapistGUI.TherapistGUITest.setUp() in \\vmware-host\Shared Folders\Documenten\Health-Informatics-Social-Phobia\Code\NijnCoach_Test\View\TherapistGUI\TherapistGUITest.cs:line 45
]]></stack-trace>
                            </failure>
                          </test-case>
                          <test-case name="NijnCoach_Test.View.TherapistGUI.TherapistGUITest.testForEmptyQuestionBoxinComment" executed="True" result="Error" success="False" time="0.000" asserts="0">
                            <failure>
                              <message><![CDATA[SetUp : System.NullReferenceException : Object reference not set to an instance of an object.]]></message>
                              <stack-trace><![CDATA[at NijnCoach_Test.View.GuiTest.run() in \\vmware-host\Shared Folders\Documenten\Health-Informatics-Social-Phobia\Code\NijnCoach_Test\View\GuiTest.cs:line 154
at NijnCoach_Test.View.GuiTest.setUp() in \\vmware-host\Shared Folders\Documenten\Health-Informatics-Social-Phobia\Code\NijnCoach_Test\View\GuiTest.cs:line 144
at NijnCoach_Test.View.TherapistGUI.TherapistGUITest.setUp() in \\vmware-host\Shared Folders\Documenten\Health-Informatics-Social-Phobia\Code\NijnCoach_Test\View\TherapistGUI\TherapistGUITest.cs:line 45
]]></stack-trace>
                            </failure>
                          </test-case>
                          <test-case name="NijnCoach_Test.View.TherapistGUI.TherapistGUITest.testForEmptyQuestionBoxinOpen" executed="True" result="Error" success="False" time="0.000" asserts="0">
                            <failure>
                              <message><![CDATA[SetUp : System.NullReferenceException : Object reference not set to an instance of an object.]]></message>
                              <stack-trace><![CDATA[at NijnCoach_Test.View.GuiTest.run() in \\vmware-host\Shared Folders\Documenten\Health-Informatics-Social-Phobia\Code\NijnCoach_Test\View\GuiTest.cs:line 154
at NijnCoach_Test.View.GuiTest.setUp() in \\vmware-host\Shared Folders\Documenten\Health-Informatics-Social-Phobia\Code\NijnCoach_Test\View\GuiTest.cs:line 144
at NijnCoach_Test.View.TherapistGUI.TherapistGUITest.setUp() in \\vmware-host\Shared Folders\Documenten\Health-Informatics-Social-Phobia\Code\NijnCoach_Test\View\TherapistGUI\TherapistGUITest.cs:line 45
]]></stack-trace>
                            </failure>
                          </test-case>
                          <test-case name="NijnCoach_Test.View.TherapistGUI.TherapistGUITest.testForFinishQuestionWithoutQuestions" executed="False" result="Ignored">
                            <reason>
                              <message><![CDATA[]]></message>
                            </reason>
                          </test-case>
                          <test-case name="NijnCoach_Test.View.TherapistGUI.TherapistGUITest.testForInvisibleAddButtoninComment" executed="True" result="Error" success="False" time="0.000" asserts="0">
                            <failure>
                              <message><![CDATA[SetUp : System.NullReferenceException : Object reference not set to an instance of an object.]]></message>
                              <stack-trace><![CDATA[at NijnCoach_Test.View.GuiTest.run() in \\vmware-host\Shared Folders\Documenten\Health-Informatics-Social-Phobia\Code\NijnCoach_Test\View\GuiTest.cs:line 154
at NijnCoach_Test.View.GuiTest.setUp() in \\vmware-host\Shared Folders\Documenten\Health-Informatics-Social-Phobia\Code\NijnCoach_Test\View\GuiTest.cs:line 144
at NijnCoach_Test.View.TherapistGUI.TherapistGUITest.setUp() in \\vmware-host\Shared Folders\Documenten\Health-Informatics-Social-Phobia\Code\NijnCoach_Test\View\TherapistGUI\TherapistGUITest.cs:line 45
]]></stack-trace>
                            </failure>
                          </test-case>
                          <test-case name="NijnCoach_Test.View.TherapistGUI.TherapistGUITest.testForInvisibleAddButtoninOpen" executed="True" result="Error" success="False" time="0.001" asserts="0">
                            <failure>
                              <message><![CDATA[SetUp : System.NullReferenceException : Object reference not set to an instance of an object.]]></message>
                              <stack-trace><![CDATA[at NijnCoach_Test.View.GuiTest.run() in \\vmware-host\Shared Folders\Documenten\Health-Informatics-Social-Phobia\Code\NijnCoach_Test\View\GuiTest.cs:line 154
at NijnCoach_Test.View.GuiTest.setUp() in \\vmware-host\Shared Folders\Documenten\Health-Informatics-Social-Phobia\Code\NijnCoach_Test\View\GuiTest.cs:line 144
at NijnCoach_Test.View.TherapistGUI.TherapistGUITest.setUp() in \\vmware-host\Shared Folders\Documenten\Health-Informatics-Social-Phobia\Code\NijnCoach_Test\View\TherapistGUI\TherapistGUITest.cs:line 45
]]></stack-trace>
                            </failure>
                          </test-case>
                          <test-case name="NijnCoach_Test.View.TherapistGUI.TherapistGUITest.testForInvisibleAnswerEmotionLabelinComment" executed="True" result="Error" success="False" time="0.002" asserts="0">
                            <failure>
                              <message><![CDATA[SetUp : System.NullReferenceException : Object reference not set to an instance of an object.]]></message>
                              <stack-trace><![CDATA[at NijnCoach_Test.View.GuiTest.run() in \\vmware-host\Shared Folders\Documenten\Health-Informatics-Social-Phobia\Code\NijnCoach_Test\View\GuiTest.cs:line 154
at NijnCoach_Test.View.GuiTest.setUp() in \\vmware-host\Shared Folders\Documenten\Health-Informatics-Social-Phobia\Code\NijnCoach_Test\View\GuiTest.cs:line 144
at NijnCoach_Test.View.TherapistGUI.TherapistGUITest.setUp() in \\vmware-host\Shared Folders\Documenten\Health-Informatics-Social-Phobia\Code\NijnCoach_Test\View\TherapistGUI\TherapistGUITest.cs:line 45
]]></stack-trace>
                            </failure>
                          </test-case>
                          <test-case name="NijnCoach_Test.View.TherapistGUI.TherapistGUITest.testForInvisibleAnswerEmotionLabelinOpen" executed="True" result="Error" success="False" time="0.000" asserts="0">
                            <failure>
                              <message><![CDATA[SetUp : System.NullReferenceException : Object reference not set to an instance of an object.]]></message>
                              <stack-trace><![CDATA[at NijnCoach_Test.View.GuiTest.run() in \\vmware-host\Shared Folders\Documenten\Health-Informatics-Social-Phobia\Code\NijnCoach_Test\View\GuiTest.cs:line 154
at NijnCoach_Test.View.GuiTest.setUp() in \\vmware-host\Shared Folders\Documenten\Health-Informatics-Social-Phobia\Code\NijnCoach_Test\View\GuiTest.cs:line 144
at NijnCoach_Test.View.TherapistGUI.TherapistGUITest.setUp() in \\vmware-host\Shared Folders\Documenten\Health-Informatics-Social-Phobia\Code\NijnCoach_Test\View\TherapistGUI\TherapistGUITest.cs:line 45
]]></stack-trace>
                            </failure>
                          </test-case>
                          <test-case name="NijnCoach_Test.View.TherapistGUI.TherapistGUITest.testForInvisibleEmotionComboBoxinComment" executed="True" result="Error" success="False" time="0.002" asserts="0">
                            <failure>
                              <message><![CDATA[SetUp : System.NullReferenceException : Object reference not set to an instance of an object.]]></message>
                              <stack-trace><![CDATA[at NijnCoach_Test.View.GuiTest.run() in \\vmware-host\Shared Folders\Documenten\Health-Informatics-Social-Phobia\Code\NijnCoach_Test\View\GuiTest.cs:line 154
at NijnCoach_Test.View.GuiTest.setUp() in \\vmware-host\Shared Folders\Documenten\Health-Informatics-Social-Phobia\Code\NijnCoach_Test\View\GuiTest.cs:line 144
at NijnCoach_Test.View.TherapistGUI.TherapistGUITest.setUp() in \\vmware-host\Shared Folders\Documenten\Health-Informatics-Social-Phobia\Code\NijnCoach_Test\View\TherapistGUI\TherapistGUITest.cs:line 45
]]></stack-trace>
                            </failure>
                          </test-case>
                          <test-case name="NijnCoach_Test.View.TherapistGUI.TherapistGUITest.testForInVisibleEmotionComboBoxInMC" executed="True" result="Error" success="False" time="0.001" asserts="0">
                            <failure>
                              <message><![CDATA[SetUp : System.NullReferenceException : Object reference not set to an instance of an object.]]></message>
                              <stack-trace><![CDATA[at NijnCoach_Test.View.GuiTest.run() in \\vmware-host\Shared Folders\Documenten\Health-Informatics-Social-Phobia\Code\NijnCoach_Test\View\GuiTest.cs:line 154
at NijnCoach_Test.View.GuiTest.setUp() in \\vmware-host\Shared Folders\Documenten\Health-Informatics-Social-Phobia\Code\NijnCoach_Test\View\GuiTest.cs:line 144
at NijnCoach_Test.View.TherapistGUI.TherapistGUITest.setUp() in \\vmware-host\Shared Folders\Documenten\Health-Informatics-Social-Phobia\Code\NijnCoach_Test\View\TherapistGUI\TherapistGUITest.cs:line 45
]]></stack-trace>
                            </failure>
                          </test-case>
                          <test-case name="NijnCoach_Test.View.TherapistGUI.TherapistGUITest.testForInvisibleEmotionComboBoxinOpen" executed="True" result="Error" success="False" time="0.000" asserts="0">
                            <failure>
                              <message><![CDATA[SetUp : System.NullReferenceException : Object reference not set to an instance of an object.]]></message>
                              <stack-trace><![CDATA[at NijnCoach_Test.View.GuiTest.run() in \\vmware-host\Shared Folders\Documenten\Health-Informatics-Social-Phobia\Code\NijnCoach_Test\View\GuiTest.cs:line 154
at NijnCoach_Test.View.GuiTest.setUp() in \\vmware-host\Shared Folders\Documenten\Health-Informatics-Social-Phobia\Code\NijnCoach_Test\View\GuiTest.cs:line 144
at NijnCoach_Test.View.TherapistGUI.TherapistGUITest.setUp() in \\vmware-host\Shared Folders\Documenten\Health-Informatics-Social-Phobia\Code\NijnCoach_Test\View\TherapistGUI\TherapistGUITest.cs:line 45
]]></stack-trace>
                            </failure>
                          </test-case>
                          <test-case name="NijnCoach_Test.View.TherapistGUI.TherapistGUITest.testForInvisibleQuestionLabelsinComment" executed="True" result="Error" success="False" time="0.000" asserts="0">
                            <failure>
                              <message><![CDATA[SetUp : System.NullReferenceException : Object reference not set to an instance of an object.]]></message>
                              <stack-trace><![CDATA[at NijnCoach_Test.View.GuiTest.run() in \\vmware-host\Shared Folders\Documenten\Health-Informatics-Social-Phobia\Code\NijnCoach_Test\View\GuiTest.cs:line 154
at NijnCoach_Test.View.GuiTest.setUp() in \\vmware-host\Shared Folders\Documenten\Health-Informatics-Social-Phobia\Code\NijnCoach_Test\View\GuiTest.cs:line 144
at NijnCoach_Test.View.TherapistGUI.TherapistGUITest.setUp() in \\vmware-host\Shared Folders\Documenten\Health-Informatics-Social-Phobia\Code\NijnCoach_Test\View\TherapistGUI\TherapistGUITest.cs:line 45
]]></stack-trace>
                            </failure>
                          </test-case>
                          <test-case name="NijnCoach_Test.View.TherapistGUI.TherapistGUITest.testForInVisibleQuestionLabelsInMC" executed="True" result="Error" success="False" time="0.000" asserts="0">
                            <failure>
                              <message><![CDATA[SetUp : System.NullReferenceException : Object reference not set to an instance of an object.]]></message>
                              <stack-trace><![CDATA[at NijnCoach_Test.View.GuiTest.run() in \\vmware-host\Shared Folders\Documenten\Health-Informatics-Social-Phobia\Code\NijnCoach_Test\View\GuiTest.cs:line 154
at NijnCoach_Test.View.GuiTest.setUp() in \\vmware-host\Shared Folders\Documenten\Health-Informatics-Social-Phobia\Code\NijnCoach_Test\View\GuiTest.cs:line 144
at NijnCoach_Test.View.TherapistGUI.TherapistGUITest.setUp() in \\vmware-host\Shared Folders\Documenten\Health-Informatics-Social-Phobia\Code\NijnCoach_Test\View\TherapistGUI\TherapistGUITest.cs:line 45
]]></stack-trace>
                            </failure>
                          </test-case>
                          <test-case name="NijnCoach_Test.View.TherapistGUI.TherapistGUITest.testForInvisibleQuestionLabelsinOpen" executed="True" result="Error" success="False" time="0.000" asserts="0">
                            <failure>
                              <message><![CDATA[SetUp : System.NullReferenceException : Object reference not set to an instance of an object.]]></message>
                              <stack-trace><![CDATA[at NijnCoach_Test.View.GuiTest.run() in \\vmware-host\Shared Folders\Documenten\Health-Informatics-Social-Phobia\Code\NijnCoach_Test\View\GuiTest.cs:line 154
at NijnCoach_Test.View.GuiTest.setUp() in \\vmware-host\Shared Folders\Documenten\Health-Informatics-Social-Phobia\Code\NijnCoach_Test\View\GuiTest.cs:line 144
at NijnCoach_Test.View.TherapistGUI.TherapistGUITest.setUp() in \\vmware-host\Shared Folders\Documenten\Health-Informatics-Social-Phobia\Code\NijnCoach_Test\View\TherapistGUI\TherapistGUITest.cs:line 45
]]></stack-trace>
                            </failure>
                          </test-case>
                          <test-case name="NijnCoach_Test.View.TherapistGUI.TherapistGUITest.testForInvisibleQuestionTextBoxesinComment" executed="True" result="Error" success="False" time="0.001" asserts="0">
                            <failure>
                              <message><![CDATA[SetUp : System.NullReferenceException : Object reference not set to an instance of an object.]]></message>
                              <stack-trace><![CDATA[at NijnCoach_Test.View.GuiTest.run() in \\vmware-host\Shared Folders\Documenten\Health-Informatics-Social-Phobia\Code\NijnCoach_Test\View\GuiTest.cs:line 154
at NijnCoach_Test.View.GuiTest.setUp() in \\vmware-host\Shared Folders\Documenten\Health-Informatics-Social-Phobia\Code\NijnCoach_Test\View\GuiTest.cs:line 144
at NijnCoach_Test.View.TherapistGUI.TherapistGUITest.setUp() in \\vmware-host\Shared Folders\Documenten\Health-Informatics-Social-Phobia\Code\NijnCoach_Test\View\TherapistGUI\TherapistGUITest.cs:line 45
]]></stack-trace>
                            </failure>
                          </test-case>
                          <test-case name="NijnCoach_Test.View.TherapistGUI.TherapistGUITest.testForInVisibleQuestionTextBoxesInMC" executed="True" result="Error" success="False" time="0.001" asserts="0">
                            <failure>
                              <message><![CDATA[SetUp : System.NullReferenceException : Object reference not set to an instance of an object.]]></message>
                              <stack-trace><![CDATA[at NijnCoach_Test.View.GuiTest.run() in \\vmware-host\Shared Folders\Documenten\Health-Informatics-Social-Phobia\Code\NijnCoach_Test\View\GuiTest.cs:line 154
at NijnCoach_Test.View.GuiTest.setUp() in \\vmware-host\Shared Folders\Documenten\Health-Informatics-Social-Phobia\Code\NijnCoach_Test\View\GuiTest.cs:line 144
at NijnCoach_Test.View.TherapistGUI.TherapistGUITest.setUp() in \\vmware-host\Shared Folders\Documenten\Health-Informatics-Social-Phobia\Code\NijnCoach_Test\View\TherapistGUI\TherapistGUITest.cs:line 45
]]></stack-trace>
                            </failure>
                          </test-case>
                          <test-case name="NijnCoach_Test.View.TherapistGUI.TherapistGUITest.testForInvisibleQuestionTextBoxesinOpen" executed="True" result="Error" success="False" time="0.001" asserts="0">
                            <failure>
                              <message><![CDATA[SetUp : System.NullReferenceException : Object reference not set to an instance of an object.]]></message>
                              <stack-trace><![CDATA[at NijnCoach_Test.View.GuiTest.run() in \\vmware-host\Shared Folders\Documenten\Health-Informatics-Social-Phobia\Code\NijnCoach_Test\View\GuiTest.cs:line 154
at NijnCoach_Test.View.GuiTest.setUp() in \\vmware-host\Shared Folders\Documenten\Health-Informatics-Social-Phobia\Code\NijnCoach_Test\View\GuiTest.cs:line 144
at NijnCoach_Test.View.TherapistGUI.TherapistGUITest.setUp() in \\vmware-host\Shared Folders\Documenten\Health-Informatics-Social-Phobia\Code\NijnCoach_Test\View\TherapistGUI\TherapistGUITest.cs:line 45
]]></stack-trace>
                            </failure>
                          </test-case>
                          <test-case name="NijnCoach_Test.View.TherapistGUI.TherapistGUITest.testForInvisibleRemoveButtoninComment" executed="True" result="Error" success="False" time="0.001" asserts="0">
                            <failure>
                              <message><![CDATA[SetUp : System.NullReferenceException : Object reference not set to an instance of an object.]]></message>
                              <stack-trace><![CDATA[at NijnCoach_Test.View.GuiTest.run() in \\vmware-host\Shared Folders\Documenten\Health-Informatics-Social-Phobia\Code\NijnCoach_Test\View\GuiTest.cs:line 154
at NijnCoach_Test.View.GuiTest.setUp() in \\vmware-host\Shared Folders\Documenten\Health-Informatics-Social-Phobia\Code\NijnCoach_Test\View\GuiTest.cs:line 144
at NijnCoach_Test.View.TherapistGUI.TherapistGUITest.setUp() in \\vmware-host\Shared Folders\Documenten\Health-Informatics-Social-Phobia\Code\NijnCoach_Test\View\TherapistGUI\TherapistGUITest.cs:line 45
]]></stack-trace>
                            </failure>
                          </test-case>
                          <test-case name="NijnCoach_Test.View.TherapistGUI.TherapistGUITest.testForInvisibleRemoveButtoninOpen" executed="True" result="Error" success="False" time="0.000" asserts="0">
                            <failure>
                              <message><![CDATA[SetUp : System.NullReferenceException : Object reference not set to an instance of an object.]]></message>
                              <stack-trace><![CDATA[at NijnCoach_Test.View.GuiTest.run() in \\vmware-host\Shared Folders\Documenten\Health-Informatics-Social-Phobia\Code\NijnCoach_Test\View\GuiTest.cs:line 154
at NijnCoach_Test.View.GuiTest.setUp() in \\vmware-host\Shared Folders\Documenten\Health-Informatics-Social-Phobia\Code\NijnCoach_Test\View\GuiTest.cs:line 144
at NijnCoach_Test.View.TherapistGUI.TherapistGUITest.setUp() in \\vmware-host\Shared Folders\Documenten\Health-Informatics-Social-Phobia\Code\NijnCoach_Test\View\TherapistGUI\TherapistGUITest.cs:line 45
]]></stack-trace>
                            </failure>
                          </test-case>
                          <test-case name="NijnCoach_Test.View.TherapistGUI.TherapistGUITest.testForLabelQisCommentinComment" executed="True" result="Error" success="False" time="0.001" asserts="0">
                            <failure>
                              <message><![CDATA[SetUp : System.NullReferenceException : Object reference not set to an instance of an object.]]></message>
                              <stack-trace><![CDATA[at NijnCoach_Test.View.GuiTest.run() in \\vmware-host\Shared Folders\Documenten\Health-Informatics-Social-Phobia\Code\NijnCoach_Test\View\GuiTest.cs:line 154
at NijnCoach_Test.View.GuiTest.setUp() in \\vmware-host\Shared Folders\Documenten\Health-Informatics-Social-Phobia\Code\NijnCoach_Test\View\GuiTest.cs:line 144
at NijnCoach_Test.View.TherapistGUI.TherapistGUITest.setUp() in \\vmware-host\Shared Folders\Documenten\Health-Informatics-Social-Phobia\Code\NijnCoach_Test\View\TherapistGUI\TherapistGUITest.cs:line 45
]]></stack-trace>
                            </failure>
                          </test-case>
                          <test-case name="NijnCoach_Test.View.TherapistGUI.TherapistGUITest.testForLabelQisQuestionInMC" executed="True" result="Error" success="False" time="0.001" asserts="0">
                            <failure>
                              <message><![CDATA[SetUp : System.NullReferenceException : Object reference not set to an instance of an object.]]></message>
                              <stack-trace><![CDATA[at NijnCoach_Test.View.GuiTest.run() in \\vmware-host\Shared Folders\Documenten\Health-Informatics-Social-Phobia\Code\NijnCoach_Test\View\GuiTest.cs:line 154
at NijnCoach_Test.View.GuiTest.setUp() in \\vmware-host\Shared Folders\Documenten\Health-Informatics-Social-Phobia\Code\NijnCoach_Test\View\GuiTest.cs:line 144
at NijnCoach_Test.View.TherapistGUI.TherapistGUITest.setUp() in \\vmware-host\Shared Folders\Documenten\Health-Informatics-Social-Phobia\Code\NijnCoach_Test\View\TherapistGUI\TherapistGUITest.cs:line 45
]]></stack-trace>
                            </failure>
                          </test-case>
                          <test-case name="NijnCoach_Test.View.TherapistGUI.TherapistGUITest.testForLabelQisQuestioninOpen" executed="True" result="Error" success="False" time="0.001" asserts="0">
                            <failure>
                              <message><![CDATA[SetUp : System.NullReferenceException : Object reference not set to an instance of an object.]]></message>
                              <stack-trace><![CDATA[at NijnCoach_Test.View.GuiTest.run() in \\vmware-host\Shared Folders\Documenten\Health-Informatics-Social-Phobia\Code\NijnCoach_Test\View\GuiTest.cs:line 154
at NijnCoach_Test.View.GuiTest.setUp() in \\vmware-host\Shared Folders\Documenten\Health-Informatics-Social-Phobia\Code\NijnCoach_Test\View\GuiTest.cs:line 144
at NijnCoach_Test.View.TherapistGUI.TherapistGUITest.setUp() in \\vmware-host\Shared Folders\Documenten\Health-Informatics-Social-Phobia\Code\NijnCoach_Test\View\TherapistGUI\TherapistGUITest.cs:line 45
]]></stack-trace>
                            </failure>
                          </test-case>
                          <test-case name="NijnCoach_Test.View.TherapistGUI.TherapistGUITest.testForNextButton" executed="True" result="Error" success="False" time="0.000" asserts="0">
                            <failure>
                              <message><![CDATA[SetUp : System.NullReferenceException : Object reference not set to an instance of an object.]]></message>
                              <stack-trace><![CDATA[at NijnCoach_Test.View.GuiTest.run() in \\vmware-host\Shared Folders\Documenten\Health-Informatics-Social-Phobia\Code\NijnCoach_Test\View\GuiTest.cs:line 154
at NijnCoach_Test.View.GuiTest.setUp() in \\vmware-host\Shared Folders\Documenten\Health-Informatics-Social-Phobia\Code\NijnCoach_Test\View\GuiTest.cs:line 144
at NijnCoach_Test.View.TherapistGUI.TherapistGUITest.setUp() in \\vmware-host\Shared Folders\Documenten\Health-Informatics-Social-Phobia\Code\NijnCoach_Test\View\TherapistGUI\TherapistGUITest.cs:line 45
]]></stack-trace>
                            </failure>
                          </test-case>
                          <test-case name="NijnCoach_Test.View.TherapistGUI.TherapistGUITest.testForVerifyWhenAddClickedInMC" executed="True" result="Error" success="False" time="0.000" asserts="0">
                            <failure>
                              <message><![CDATA[SetUp : System.NullReferenceException : Object reference not set to an instance of an object.]]></message>
                              <stack-trace><![CDATA[at NijnCoach_Test.View.GuiTest.run() in \\vmware-host\Shared Folders\Documenten\Health-Informatics-Social-Phobia\Code\NijnCoach_Test\View\GuiTest.cs:line 154
at NijnCoach_Test.View.GuiTest.setUp() in \\vmware-host\Shared Folders\Documenten\Health-Informatics-Social-Phobia\Code\NijnCoach_Test\View\GuiTest.cs:line 144
at NijnCoach_Test.View.TherapistGUI.TherapistGUITest.setUp() in \\vmware-host\Shared Folders\Documenten\Health-Informatics-Social-Phobia\Code\NijnCoach_Test\View\TherapistGUI\TherapistGUITest.cs:line 45
]]></stack-trace>
                            </failure>
                          </test-case>
                          <test-case name="NijnCoach_Test.View.TherapistGUI.TherapistGUITest.testForVerifyWhenRemoveClickedWithThreeOptionsInMC" executed="True" result="Error" success="False" time="0.000" asserts="0">
                            <failure>
                              <message><![CDATA[SetUp : System.NullReferenceException : Object reference not set to an instance of an object.]]></message>
                              <stack-trace><![CDATA[at NijnCoach_Test.View.GuiTest.run() in \\vmware-host\Shared Folders\Documenten\Health-Informatics-Social-Phobia\Code\NijnCoach_Test\View\GuiTest.cs:line 154
at NijnCoach_Test.View.GuiTest.setUp() in \\vmware-host\Shared Folders\Documenten\Health-Informatics-Social-Phobia\Code\NijnCoach_Test\View\GuiTest.cs:line 144
at NijnCoach_Test.View.TherapistGUI.TherapistGUITest.setUp() in \\vmware-host\Shared Folders\Documenten\Health-Informatics-Social-Phobia\Code\NijnCoach_Test\View\TherapistGUI\TherapistGUITest.cs:line 45
]]></stack-trace>
                            </failure>
                          </test-case>
                          <test-case name="NijnCoach_Test.View.TherapistGUI.TherapistGUITest.testForVerifyWhenRemoveClickedWithTwoOptionsInMC" executed="True" result="Error" success="False" time="0.000" asserts="0">
                            <failure>
                              <message><![CDATA[SetUp : System.NullReferenceException : Object reference not set to an instance of an object.]]></message>
                              <stack-trace><![CDATA[at NijnCoach_Test.View.GuiTest.run() in \\vmware-host\Shared Folders\Documenten\Health-Informatics-Social-Phobia\Code\NijnCoach_Test\View\GuiTest.cs:line 154
at NijnCoach_Test.View.GuiTest.setUp() in \\vmware-host\Shared Folders\Documenten\Health-Informatics-Social-Phobia\Code\NijnCoach_Test\View\GuiTest.cs:line 144
at NijnCoach_Test.View.TherapistGUI.TherapistGUITest.setUp() in \\vmware-host\Shared Folders\Documenten\Health-Informatics-Social-Phobia\Code\NijnCoach_Test\View\TherapistGUI\TherapistGUITest.cs:line 45
]]></stack-trace>
                            </failure>
                          </test-case>
                          <test-case name="NijnCoach_Test.View.TherapistGUI.TherapistGUITest.testForVisibleAddButtonInMC" executed="True" result="Error" success="False" time="0.000" asserts="0">
                            <failure>
                              <message><![CDATA[SetUp : System.NullReferenceException : Object reference not set to an instance of an object.]]></message>
                              <stack-trace><![CDATA[at NijnCoach_Test.View.GuiTest.run() in \\vmware-host\Shared Folders\Documenten\Health-Informatics-Social-Phobia\Code\NijnCoach_Test\View\GuiTest.cs:line 154
at NijnCoach_Test.View.GuiTest.setUp() in \\vmware-host\Shared Folders\Documenten\Health-Informatics-Social-Phobia\Code\NijnCoach_Test\View\GuiTest.cs:line 144
at NijnCoach_Test.View.TherapistGUI.TherapistGUITest.setUp() in \\vmware-host\Shared Folders\Documenten\Health-Informatics-Social-Phobia\Code\NijnCoach_Test\View\TherapistGUI\TherapistGUITest.cs:line 45
]]></stack-trace>
                            </failure>
                          </test-case>
                          <test-case name="NijnCoach_Test.View.TherapistGUI.TherapistGUITest.testForVisibleAudioFrag" executed="True" result="Error" success="False" time="0.001" asserts="0">
                            <failure>
                              <message><![CDATA[SetUp : System.NullReferenceException : Object reference not set to an instance of an object.]]></message>
                              <stack-trace><![CDATA[at NijnCoach_Test.View.GuiTest.run() in \\vmware-host\Shared Folders\Documenten\Health-Informatics-Social-Phobia\Code\NijnCoach_Test\View\GuiTest.cs:line 154
at NijnCoach_Test.View.GuiTest.setUp() in \\vmware-host\Shared Folders\Documenten\Health-Informatics-Social-Phobia\Code\NijnCoach_Test\View\GuiTest.cs:line 144
at NijnCoach_Test.View.TherapistGUI.TherapistGUITest.setUp() in \\vmware-host\Shared Folders\Documenten\Health-Informatics-Social-Phobia\Code\NijnCoach_Test\View\TherapistGUI\TherapistGUITest.cs:line 45
]]></stack-trace>
                            </failure>
                          </test-case>
                          <test-case name="NijnCoach_Test.View.TherapistGUI.TherapistGUITest.testForVisibleEmotionAnswerLabelInMC" executed="True" result="Error" success="False" time="0.000" asserts="0">
                            <failure>
                              <message><![CDATA[SetUp : System.NullReferenceException : Object reference not set to an instance of an object.]]></message>
                              <stack-trace><![CDATA[at NijnCoach_Test.View.GuiTest.run() in \\vmware-host\Shared Folders\Documenten\Health-Informatics-Social-Phobia\Code\NijnCoach_Test\View\GuiTest.cs:line 154
at NijnCoach_Test.View.GuiTest.setUp() in \\vmware-host\Shared Folders\Documenten\Health-Informatics-Social-Phobia\Code\NijnCoach_Test\View\GuiTest.cs:line 144
at NijnCoach_Test.View.TherapistGUI.TherapistGUITest.setUp() in \\vmware-host\Shared Folders\Documenten\Health-Informatics-Social-Phobia\Code\NijnCoach_Test\View\TherapistGUI\TherapistGUITest.cs:line 45
]]></stack-trace>
                            </failure>
                          </test-case>
                          <test-case name="NijnCoach_Test.View.TherapistGUI.TherapistGUITest.testForVisibleEmotionComboBoxInComment" executed="True" result="Error" success="False" time="0.000" asserts="0">
                            <failure>
                              <message><![CDATA[SetUp : System.NullReferenceException : Object reference not set to an instance of an object.]]></message>
                              <stack-trace><![CDATA[at NijnCoach_Test.View.GuiTest.run() in \\vmware-host\Shared Folders\Documenten\Health-Informatics-Social-Phobia\Code\NijnCoach_Test\View\GuiTest.cs:line 154
at NijnCoach_Test.View.GuiTest.setUp() in \\vmware-host\Shared Folders\Documenten\Health-Informatics-Social-Phobia\Code\NijnCoach_Test\View\GuiTest.cs:line 144
at NijnCoach_Test.View.TherapistGUI.TherapistGUITest.setUp() in \\vmware-host\Shared Folders\Documenten\Health-Informatics-Social-Phobia\Code\NijnCoach_Test\View\TherapistGUI\TherapistGUITest.cs:line 45
]]></stack-trace>
                            </failure>
                          </test-case>
                          <test-case name="NijnCoach_Test.View.TherapistGUI.TherapistGUITest.testForVisibleEmotionComboBoxInMC" executed="True" result="Error" success="False" time="0.000" asserts="0">
                            <failure>
                              <message><![CDATA[SetUp : System.NullReferenceException : Object reference not set to an instance of an object.]]></message>
                              <stack-trace><![CDATA[at NijnCoach_Test.View.GuiTest.run() in \\vmware-host\Shared Folders\Documenten\Health-Informatics-Social-Phobia\Code\NijnCoach_Test\View\GuiTest.cs:line 154
at NijnCoach_Test.View.GuiTest.setUp() in \\vmware-host\Shared Folders\Documenten\Health-Informatics-Social-Phobia\Code\NijnCoach_Test\View\GuiTest.cs:line 144
at NijnCoach_Test.View.TherapistGUI.TherapistGUITest.setUp() in \\vmware-host\Shared Folders\Documenten\Health-Informatics-Social-Phobia\Code\NijnCoach_Test\View\TherapistGUI\TherapistGUITest.cs:line 45
]]></stack-trace>
                            </failure>
                          </test-case>
                          <test-case name="NijnCoach_Test.View.TherapistGUI.TherapistGUITest.testForVisibleEmotionComboBoxinOpen" executed="True" result="Error" success="False" time="0.000" asserts="0">
                            <failure>
                              <message><![CDATA[SetUp : System.NullReferenceException : Object reference not set to an instance of an object.]]></message>
                              <stack-trace><![CDATA[at NijnCoach_Test.View.GuiTest.run() in \\vmware-host\Shared Folders\Documenten\Health-Informatics-Social-Phobia\Code\NijnCoach_Test\View\GuiTest.cs:line 154
at NijnCoach_Test.View.GuiTest.setUp() in \\vmware-host\Shared Folders\Documenten\Health-Informatics-Social-Phobia\Code\NijnCoach_Test\View\GuiTest.cs:line 144
at NijnCoach_Test.View.TherapistGUI.TherapistGUITest.setUp() in \\vmware-host\Shared Folders\Documenten\Health-Informatics-Social-Phobia\Code\NijnCoach_Test\View\TherapistGUI\TherapistGUITest.cs:line 45
]]></stack-trace>
                            </failure>
                          </test-case>
                          <test-case name="NijnCoach_Test.View.TherapistGUI.TherapistGUITest.testForVisibleQuestionLabelsInMC" executed="True" result="Error" success="False" time="0.000" asserts="0">
                            <failure>
                              <message><![CDATA[SetUp : System.NullReferenceException : Object reference not set to an instance of an object.]]></message>
                              <stack-trace><![CDATA[at NijnCoach_Test.View.GuiTest.run() in \\vmware-host\Shared Folders\Documenten\Health-Informatics-Social-Phobia\Code\NijnCoach_Test\View\GuiTest.cs:line 154
at NijnCoach_Test.View.GuiTest.setUp() in \\vmware-host\Shared Folders\Documenten\Health-Informatics-Social-Phobia\Code\NijnCoach_Test\View\GuiTest.cs:line 144
at NijnCoach_Test.View.TherapistGUI.TherapistGUITest.setUp() in \\vmware-host\Shared Folders\Documenten\Health-Informatics-Social-Phobia\Code\NijnCoach_Test\View\TherapistGUI\TherapistGUITest.cs:line 45
]]></stack-trace>
                            </failure>
                          </test-case>
                          <test-case name="NijnCoach_Test.View.TherapistGUI.TherapistGUITest.testForVisibleQuestionTextBoxesInMC" executed="True" result="Error" success="False" time="0.000" asserts="0">
                            <failure>
                              <message><![CDATA[SetUp : System.NullReferenceException : Object reference not set to an instance of an object.]]></message>
                              <stack-trace><![CDATA[at NijnCoach_Test.View.GuiTest.run() in \\vmware-host\Shared Folders\Documenten\Health-Informatics-Social-Phobia\Code\NijnCoach_Test\View\GuiTest.cs:line 154
at NijnCoach_Test.View.GuiTest.setUp() in \\vmware-host\Shared Folders\Documenten\Health-Informatics-Social-Phobia\Code\NijnCoach_Test\View\GuiTest.cs:line 144
at NijnCoach_Test.View.TherapistGUI.TherapistGUITest.setUp() in \\vmware-host\Shared Folders\Documenten\Health-Informatics-Social-Phobia\Code\NijnCoach_Test\View\TherapistGUI\TherapistGUITest.cs:line 45
]]></stack-trace>
                            </failure>
                          </test-case>
                          <test-case name="NijnCoach_Test.View.TherapistGUI.TherapistGUITest.testForVisibleRemoveButtonInMC" executed="True" result="Error" success="False" time="0.000" asserts="0">
                            <failure>
                              <message><![CDATA[SetUp : System.NullReferenceException : Object reference not set to an instance of an object.]]></message>
                              <stack-trace><![CDATA[at NijnCoach_Test.View.GuiTest.run() in \\vmware-host\Shared Folders\Documenten\Health-Informatics-Social-Phobia\Code\NijnCoach_Test\View\GuiTest.cs:line 154
at NijnCoach_Test.View.GuiTest.setUp() in \\vmware-host\Shared Folders\Documenten\Health-Informatics-Social-Phobia\Code\NijnCoach_Test\View\GuiTest.cs:line 144
at NijnCoach_Test.View.TherapistGUI.TherapistGUITest.setUp() in \\vmware-host\Shared Folders\Documenten\Health-Informatics-Social-Phobia\Code\NijnCoach_Test\View\TherapistGUI\TherapistGUITest.cs:line 45
]]></stack-trace>
                            </failure>
                          </test-case>
                        </results>
                      </test-suite>
                      <test-suite type="TestFixture" name="TherapistGUITestCommentViaOpenAndMC" executed="True" result="Failure" success="False" time="0.227" asserts="0">
                        <results>
                          <test-case name="NijnCoach_Test.View.TherapistGUI.TherapistGUITestCommentViaOpenAndMC.TherapistGUITest.testForCheckedMCradioButtonInMC" executed="True" result="Error" success="False" time="0.000" asserts="0">
                            <failure>
                              <message><![CDATA[SetUp : System.NullReferenceException : Object reference not set to an instance of an object.]]></message>
                              <stack-trace><![CDATA[at NijnCoach_Test.View.GuiTest.run() in \\vmware-host\Shared Folders\Documenten\Health-Informatics-Social-Phobia\Code\NijnCoach_Test\View\GuiTest.cs:line 154
at NijnCoach_Test.View.GuiTest.setUp() in \\vmware-host\Shared Folders\Documenten\Health-Informatics-Social-Phobia\Code\NijnCoach_Test\View\GuiTest.cs:line 144
at NijnCoach_Test.View.TherapistGUI.TherapistGUITest.setUp() in \\vmware-host\Shared Folders\Documenten\Health-Informatics-Social-Phobia\Code\NijnCoach_Test\View\TherapistGUI\TherapistGUITest.cs:line 45
]]></stack-trace>
                            </failure>
                          </test-case>
                          <test-case name="NijnCoach_Test.View.TherapistGUI.TherapistGUITestCommentViaOpenAndMC.TherapistGUITest.testForClearAudioButton" executed="True" result="Error" success="False" time="0.001" asserts="0">
                            <failure>
                              <message><![CDATA[SetUp : System.NullReferenceException : Object reference not set to an instance of an object.]]></message>
                              <stack-trace><![CDATA[at NijnCoach_Test.View.GuiTest.run() in \\vmware-host\Shared Folders\Documenten\Health-Informatics-Social-Phobia\Code\NijnCoach_Test\View\GuiTest.cs:line 154
at NijnCoach_Test.View.GuiTest.setUp() in \\vmware-host\Shared Folders\Documenten\Health-Informatics-Social-Phobia\Code\NijnCoach_Test\View\GuiTest.cs:line 144
at NijnCoach_Test.View.TherapistGUI.TherapistGUITest.setUp() in \\vmware-host\Shared Folders\Documenten\Health-Informatics-Social-Phobia\Code\NijnCoach_Test\View\TherapistGUI\TherapistGUITest.cs:line 45
]]></stack-trace>
                            </failure>
                          </test-case>
                          <test-case name="NijnCoach_Test.View.TherapistGUI.TherapistGUITestCommentViaOpenAndMC.TherapistGUITest.testForCorrectRadioButtonCheckedinComment" executed="True" result="Error" success="False" time="0.000" asserts="0">
                            <failure>
                              <message><![CDATA[SetUp : System.NullReferenceException : Object reference not set to an instance of an object.]]></message>
                              <stack-trace><![CDATA[at NijnCoach_Test.View.GuiTest.run() in \\vmware-host\Shared Folders\Documenten\Health-Informatics-Social-Phobia\Code\NijnCoach_Test\View\GuiTest.cs:line 154
at NijnCoach_Test.View.GuiTest.setUp() in \\vmware-host\Shared Folders\Documenten\Health-Informatics-Social-Phobia\Code\NijnCoach_Test\View\GuiTest.cs:line 144
at NijnCoach_Test.View.TherapistGUI.TherapistGUITest.setUp() in \\vmware-host\Shared Folders\Documenten\Health-Informatics-Social-Phobia\Code\NijnCoach_Test\View\TherapistGUI\TherapistGUITest.cs:line 45
]]></stack-trace>
                            </failure>
                          </test-case>
                          <test-case name="NijnCoach_Test.View.TherapistGUI.TherapistGUITestCommentViaOpenAndMC.TherapistGUITest.testForCorrectRadioButtonCheckedinOpen" executed="True" result="Error" success="False" time="0.000" asserts="0">
                            <failure>
                              <message><![CDATA[SetUp : System.NullReferenceException : Object reference not set to an instance of an object.]]></message>
                              <stack-trace><![CDATA[at NijnCoach_Test.View.GuiTest.run() in \\vmware-host\Shared Folders\Documenten\Health-Informatics-Social-Phobia\Code\NijnCoach_Test\View\GuiTest.cs:line 154
at NijnCoach_Test.View.GuiTest.setUp() in \\vmware-host\Shared Folders\Documenten\Health-Informatics-Social-Phobia\Code\NijnCoach_Test\View\GuiTest.cs:line 144
at NijnCoach_Test.View.TherapistGUI.TherapistGUITest.setUp() in \\vmware-host\Shared Folders\Documenten\Health-Informatics-Social-Phobia\Code\NijnCoach_Test\View\TherapistGUI\TherapistGUITest.cs:line 45
]]></stack-trace>
                            </failure>
                          </test-case>
                          <test-case name="NijnCoach_Test.View.TherapistGUI.TherapistGUITestCommentViaOpenAndMC.TherapistGUITest.testForEmptyQuestionBoxinComment" executed="True" result="Error" success="False" time="0.000" asserts="0">
                            <failure>
                              <message><![CDATA[SetUp : System.NullReferenceException : Object reference not set to an instance of an object.]]></message>
                              <stack-trace><![CDATA[at NijnCoach_Test.View.GuiTest.run() in \\vmware-host\Shared Folders\Documenten\Health-Informatics-Social-Phobia\Code\NijnCoach_Test\View\GuiTest.cs:line 154
at NijnCoach_Test.View.GuiTest.setUp() in \\vmware-host\Shared Folders\Documenten\Health-Informatics-Social-Phobia\Code\NijnCoach_Test\View\GuiTest.cs:line 144
at NijnCoach_Test.View.TherapistGUI.TherapistGUITest.setUp() in \\vmware-host\Shared Folders\Documenten\Health-Informatics-Social-Phobia\Code\NijnCoach_Test\View\TherapistGUI\TherapistGUITest.cs:line 45
]]></stack-trace>
                            </failure>
                          </test-case>
                          <test-case name="NijnCoach_Test.View.TherapistGUI.TherapistGUITestCommentViaOpenAndMC.TherapistGUITest.testForEmptyQuestionBoxinOpen" executed="True" result="Error" success="False" time="0.000" asserts="0">
                            <failure>
                              <message><![CDATA[SetUp : System.NullReferenceException : Object reference not set to an instance of an object.]]></message>
                              <stack-trace><![CDATA[at NijnCoach_Test.View.GuiTest.run() in \\vmware-host\Shared Folders\Documenten\Health-Informatics-Social-Phobia\Code\NijnCoach_Test\View\GuiTest.cs:line 154
at NijnCoach_Test.View.GuiTest.setUp() in \\vmware-host\Shared Folders\Documenten\Health-Informatics-Social-Phobia\Code\NijnCoach_Test\View\GuiTest.cs:line 144
at NijnCoach_Test.View.TherapistGUI.TherapistGUITest.setUp() in \\vmware-host\Shared Folders\Documenten\Health-Informatics-Social-Phobia\Code\NijnCoach_Test\View\TherapistGUI\TherapistGUITest.cs:line 45
]]></stack-trace>
                            </failure>
                          </test-case>
                          <test-case name="NijnCoach_Test.View.TherapistGUI.TherapistGUITestCommentViaOpenAndMC.TherapistGUITest.testForFinishQuestionWithoutQuestions" executed="False" result="Ignored">
                            <reason>
                              <message><![CDATA[]]></message>
                            </reason>
                          </test-case>
                          <test-case name="NijnCoach_Test.View.TherapistGUI.TherapistGUITestCommentViaOpenAndMC.TherapistGUITest.testForInvisibleAddButtoninComment" executed="True" result="Error" success="False" time="0.000" asserts="0">
                            <failure>
                              <message><![CDATA[SetUp : System.NullReferenceException : Object reference not set to an instance of an object.]]></message>
                              <stack-trace><![CDATA[at NijnCoach_Test.View.GuiTest.run() in \\vmware-host\Shared Folders\Documenten\Health-Informatics-Social-Phobia\Code\NijnCoach_Test\View\GuiTest.cs:line 154
at NijnCoach_Test.View.GuiTest.setUp() in \\vmware-host\Shared Folders\Documenten\Health-Informatics-Social-Phobia\Code\NijnCoach_Test\View\GuiTest.cs:line 144
at NijnCoach_Test.View.TherapistGUI.TherapistGUITest.setUp() in \\vmware-host\Shared Folders\Documenten\Health-Informatics-Social-Phobia\Code\NijnCoach_Test\View\TherapistGUI\TherapistGUITest.cs:line 45
]]></stack-trace>
                            </failure>
                          </test-case>
                          <test-case name="NijnCoach_Test.View.TherapistGUI.TherapistGUITestCommentViaOpenAndMC.TherapistGUITest.testForInvisibleAddButtoninOpen" executed="True" result="Error" success="False" time="0.000" asserts="0">
                            <failure>
                              <message><![CDATA[SetUp : System.NullReferenceException : Object reference not set to an instance of an object.]]></message>
                              <stack-trace><![CDATA[at NijnCoach_Test.View.GuiTest.run() in \\vmware-host\Shared Folders\Documenten\Health-Informatics-Social-Phobia\Code\NijnCoach_Test\View\GuiTest.cs:line 154
at NijnCoach_Test.View.GuiTest.setUp() in \\vmware-host\Shared Folders\Documenten\Health-Informatics-Social-Phobia\Code\NijnCoach_Test\View\GuiTest.cs:line 144
at NijnCoach_Test.View.TherapistGUI.TherapistGUITest.setUp() in \\vmware-host\Shared Folders\Documenten\Health-Informatics-Social-Phobia\Code\NijnCoach_Test\View\TherapistGUI\TherapistGUITest.cs:line 45
]]></stack-trace>
                            </failure>
                          </test-case>
                          <test-case name="NijnCoach_Test.View.TherapistGUI.TherapistGUITestCommentViaOpenAndMC.TherapistGUITest.testForInvisibleAnswerEmotionLabelinComment" executed="True" result="Error" success="False" time="0.000" asserts="0">
                            <failure>
                              <message><![CDATA[SetUp : System.NullReferenceException : Object reference not set to an instance of an object.]]></message>
                              <stack-trace><![CDATA[at NijnCoach_Test.View.GuiTest.run() in \\vmware-host\Shared Folders\Documenten\Health-Informatics-Social-Phobia\Code\NijnCoach_Test\View\GuiTest.cs:line 154
at NijnCoach_Test.View.GuiTest.setUp() in \\vmware-host\Shared Folders\Documenten\Health-Informatics-Social-Phobia\Code\NijnCoach_Test\View\GuiTest.cs:line 144
at NijnCoach_Test.View.TherapistGUI.TherapistGUITest.setUp() in \\vmware-host\Shared Folders\Documenten\Health-Informatics-Social-Phobia\Code\NijnCoach_Test\View\TherapistGUI\TherapistGUITest.cs:line 45
]]></stack-trace>
                            </failure>
                          </test-case>
                          <test-case name="NijnCoach_Test.View.TherapistGUI.TherapistGUITestCommentViaOpenAndMC.TherapistGUITest.testForInvisibleAnswerEmotionLabelinOpen" executed="True" result="Error" success="False" time="0.000" asserts="0">
                            <failure>
                              <message><![CDATA[SetUp : System.NullReferenceException : Object reference not set to an instance of an object.]]></message>
                              <stack-trace><![CDATA[at NijnCoach_Test.View.GuiTest.run() in \\vmware-host\Shared Folders\Documenten\Health-Informatics-Social-Phobia\Code\NijnCoach_Test\View\GuiTest.cs:line 154
at NijnCoach_Test.View.GuiTest.setUp() in \\vmware-host\Shared Folders\Documenten\Health-Informatics-Social-Phobia\Code\NijnCoach_Test\View\GuiTest.cs:line 144
at NijnCoach_Test.View.TherapistGUI.TherapistGUITest.setUp() in \\vmware-host\Shared Folders\Documenten\Health-Informatics-Social-Phobia\Code\NijnCoach_Test\View\TherapistGUI\TherapistGUITest.cs:line 45
]]></stack-trace>
                            </failure>
                          </test-case>
                          <test-case name="NijnCoach_Test.View.TherapistGUI.TherapistGUITestCommentViaOpenAndMC.TherapistGUITest.testForInvisibleEmotionComboBoxinComment" executed="True" result="Error" success="False" time="0.000" asserts="0">
                            <failure>
                              <message><![CDATA[SetUp : System.NullReferenceException : Object reference not set to an instance of an object.]]></message>
                              <stack-trace><![CDATA[at NijnCoach_Test.View.GuiTest.run() in \\vmware-host\Shared Folders\Documenten\Health-Informatics-Social-Phobia\Code\NijnCoach_Test\View\GuiTest.cs:line 154
at NijnCoach_Test.View.GuiTest.setUp() in \\vmware-host\Shared Folders\Documenten\Health-Informatics-Social-Phobia\Code\NijnCoach_Test\View\GuiTest.cs:line 144
at NijnCoach_Test.View.TherapistGUI.TherapistGUITest.setUp() in \\vmware-host\Shared Folders\Documenten\Health-Informatics-Social-Phobia\Code\NijnCoach_Test\View\TherapistGUI\TherapistGUITest.cs:line 45
]]></stack-trace>
                            </failure>
                          </test-case>
                          <test-case name="NijnCoach_Test.View.TherapistGUI.TherapistGUITestCommentViaOpenAndMC.TherapistGUITest.testForInVisibleEmotionComboBoxInMC" executed="True" result="Error" success="False" time="0.000" asserts="0">
                            <failure>
                              <message><![CDATA[SetUp : System.NullReferenceException : Object reference not set to an instance of an object.]]></message>
                              <stack-trace><![CDATA[at NijnCoach_Test.View.GuiTest.run() in \\vmware-host\Shared Folders\Documenten\Health-Informatics-Social-Phobia\Code\NijnCoach_Test\View\GuiTest.cs:line 154
at NijnCoach_Test.View.GuiTest.setUp() in \\vmware-host\Shared Folders\Documenten\Health-Informatics-Social-Phobia\Code\NijnCoach_Test\View\GuiTest.cs:line 144
at NijnCoach_Test.View.TherapistGUI.TherapistGUITest.setUp() in \\vmware-host\Shared Folders\Documenten\Health-Informatics-Social-Phobia\Code\NijnCoach_Test\View\TherapistGUI\TherapistGUITest.cs:line 45
]]></stack-trace>
                            </failure>
                          </test-case>
                          <test-case name="NijnCoach_Test.View.TherapistGUI.TherapistGUITestCommentViaOpenAndMC.TherapistGUITest.testForInvisibleEmotionComboBoxinOpen" executed="True" result="Error" success="False" time="0.000" asserts="0">
                            <failure>
                              <message><![CDATA[SetUp : System.NullReferenceException : Object reference not set to an instance of an object.]]></message>
                              <stack-trace><![CDATA[at NijnCoach_Test.View.GuiTest.run() in \\vmware-host\Shared Folders\Documenten\Health-Informatics-Social-Phobia\Code\NijnCoach_Test\View\GuiTest.cs:line 154
at NijnCoach_Test.View.GuiTest.setUp() in \\vmware-host\Shared Folders\Documenten\Health-Informatics-Social-Phobia\Code\NijnCoach_Test\View\GuiTest.cs:line 144
at NijnCoach_Test.View.TherapistGUI.TherapistGUITest.setUp() in \\vmware-host\Shared Folders\Documenten\Health-Informatics-Social-Phobia\Code\NijnCoach_Test\View\TherapistGUI\TherapistGUITest.cs:line 45
]]></stack-trace>
                            </failure>
                          </test-case>
                          <test-case name="NijnCoach_Test.View.TherapistGUI.TherapistGUITestCommentViaOpenAndMC.TherapistGUITest.testForInvisibleQuestionLabelsinComment" executed="True" result="Error" success="False" time="0.001" asserts="0">
                            <failure>
                              <message><![CDATA[SetUp : System.NullReferenceException : Object reference not set to an instance of an object.]]></message>
                              <stack-trace><![CDATA[at NijnCoach_Test.View.GuiTest.run() in \\vmware-host\Shared Folders\Documenten\Health-Informatics-Social-Phobia\Code\NijnCoach_Test\View\GuiTest.cs:line 154
at NijnCoach_Test.View.GuiTest.setUp() in \\vmware-host\Shared Folders\Documenten\Health-Informatics-Social-Phobia\Code\NijnCoach_Test\View\GuiTest.cs:line 144
at NijnCoach_Test.View.TherapistGUI.TherapistGUITest.setUp() in \\vmware-host\Shared Folders\Documenten\Health-Informatics-Social-Phobia\Code\NijnCoach_Test\View\TherapistGUI\TherapistGUITest.cs:line 45
]]></stack-trace>
                            </failure>
                          </test-case>
                          <test-case name="NijnCoach_Test.View.TherapistGUI.TherapistGUITestCommentViaOpenAndMC.TherapistGUITest.testForInVisibleQuestionLabelsInMC" executed="True" result="Error" success="False" time="0.000" asserts="0">
                            <failure>
                              <message><![CDATA[SetUp : System.NullReferenceException : Object reference not set to an instance of an object.]]></message>
                              <stack-trace><![CDATA[at NijnCoach_Test.View.GuiTest.run() in \\vmware-host\Shared Folders\Documenten\Health-Informatics-Social-Phobia\Code\NijnCoach_Test\View\GuiTest.cs:line 154
at NijnCoach_Test.View.GuiTest.setUp() in \\vmware-host\Shared Folders\Documenten\Health-Informatics-Social-Phobia\Code\NijnCoach_Test\View\GuiTest.cs:line 144
at NijnCoach_Test.View.TherapistGUI.TherapistGUITest.setUp() in \\vmware-host\Shared Folders\Documenten\Health-Informatics-Social-Phobia\Code\NijnCoach_Test\View\TherapistGUI\TherapistGUITest.cs:line 45
]]></stack-trace>
                            </failure>
                          </test-case>
                          <test-case name="NijnCoach_Test.View.TherapistGUI.TherapistGUITestCommentViaOpenAndMC.TherapistGUITest.testForInvisibleQuestionLabelsinOpen" executed="True" result="Error" success="False" time="0.000" asserts="0">
                            <failure>
                              <message><![CDATA[SetUp : System.NullReferenceException : Object reference not set to an instance of an object.]]></message>
                              <stack-trace><![CDATA[at NijnCoach_Test.View.GuiTest.run() in \\vmware-host\Shared Folders\Documenten\Health-Informatics-Social-Phobia\Code\NijnCoach_Test\View\GuiTest.cs:line 154
at NijnCoach_Test.View.GuiTest.setUp() in \\vmware-host\Shared Folders\Documenten\Health-Informatics-Social-Phobia\Code\NijnCoach_Test\View\GuiTest.cs:line 144
at NijnCoach_Test.View.TherapistGUI.TherapistGUITest.setUp() in \\vmware-host\Shared Folders\Documenten\Health-Informatics-Social-Phobia\Code\NijnCoach_Test\View\TherapistGUI\TherapistGUITest.cs:line 45
]]></stack-trace>
                            </failure>
                          </test-case>
                          <test-case name="NijnCoach_Test.View.TherapistGUI.TherapistGUITestCommentViaOpenAndMC.TherapistGUITest.testForInvisibleQuestionTextBoxesinComment" executed="True" result="Error" success="False" time="0.000" asserts="0">
                            <failure>
                              <message><![CDATA[SetUp : System.NullReferenceException : Object reference not set to an instance of an object.]]></message>
                              <stack-trace><![CDATA[at NijnCoach_Test.View.GuiTest.run() in \\vmware-host\Shared Folders\Documenten\Health-Informatics-Social-Phobia\Code\NijnCoach_Test\View\GuiTest.cs:line 154
at NijnCoach_Test.View.GuiTest.setUp() in \\vmware-host\Shared Folders\Documenten\Health-Informatics-Social-Phobia\Code\NijnCoach_Test\View\GuiTest.cs:line 144
at NijnCoach_Test.View.TherapistGUI.TherapistGUITest.setUp() in \\vmware-host\Shared Folders\Documenten\Health-Informatics-Social-Phobia\Code\NijnCoach_Test\View\TherapistGUI\TherapistGUITest.cs:line 45
]]></stack-trace>
                            </failure>
                          </test-case>
                          <test-case name="NijnCoach_Test.View.TherapistGUI.TherapistGUITestCommentViaOpenAndMC.TherapistGUITest.testForInVisibleQuestionTextBoxesInMC" executed="True" result="Error" success="False" time="0.000" asserts="0">
                            <failure>
                              <message><![CDATA[SetUp : System.NullReferenceException : Object reference not set to an instance of an object.]]></message>
                              <stack-trace><![CDATA[at NijnCoach_Test.View.GuiTest.run() in \\vmware-host\Shared Folders\Documenten\Health-Informatics-Social-Phobia\Code\NijnCoach_Test\View\GuiTest.cs:line 154
at NijnCoach_Test.View.GuiTest.setUp() in \\vmware-host\Shared Folders\Documenten\Health-Informatics-Social-Phobia\Code\NijnCoach_Test\View\GuiTest.cs:line 144
at NijnCoach_Test.View.TherapistGUI.TherapistGUITest.setUp() in \\vmware-host\Shared Folders\Documenten\Health-Informatics-Social-Phobia\Code\NijnCoach_Test\View\TherapistGUI\TherapistGUITest.cs:line 45
]]></stack-trace>
                            </failure>
                          </test-case>
                          <test-case name="NijnCoach_Test.View.TherapistGUI.TherapistGUITestCommentViaOpenAndMC.TherapistGUITest.testForInvisibleQuestionTextBoxesinOpen" executed="True" result="Error" success="False" time="0.000" asserts="0">
                            <failure>
                              <message><![CDATA[SetUp : System.NullReferenceException : Object reference not set to an instance of an object.]]></message>
                              <stack-trace><![CDATA[at NijnCoach_Test.View.GuiTest.run() in \\vmware-host\Shared Folders\Documenten\Health-Informatics-Social-Phobia\Code\NijnCoach_Test\View\GuiTest.cs:line 154
at NijnCoach_Test.View.GuiTest.setUp() in \\vmware-host\Shared Folders\Documenten\Health-Informatics-Social-Phobia\Code\NijnCoach_Test\View\GuiTest.cs:line 144
at NijnCoach_Test.View.TherapistGUI.TherapistGUITest.setUp() in \\vmware-host\Shared Folders\Documenten\Health-Informatics-Social-Phobia\Code\NijnCoach_Test\View\TherapistGUI\TherapistGUITest.cs:line 45
]]></stack-trace>
                            </failure>
                          </test-case>
                          <test-case name="NijnCoach_Test.View.TherapistGUI.TherapistGUITestCommentViaOpenAndMC.TherapistGUITest.testForInvisibleRemoveButtoninComment" executed="True" result="Error" success="False" time="0.000" asserts="0">
                            <failure>
                              <message><![CDATA[SetUp : System.NullReferenceException : Object reference not set to an instance of an object.]]></message>
                              <stack-trace><![CDATA[at NijnCoach_Test.View.GuiTest.run() in \\vmware-host\Shared Folders\Documenten\Health-Informatics-Social-Phobia\Code\NijnCoach_Test\View\GuiTest.cs:line 154
at NijnCoach_Test.View.GuiTest.setUp() in \\vmware-host\Shared Folders\Documenten\Health-Informatics-Social-Phobia\Code\NijnCoach_Test\View\GuiTest.cs:line 144
at NijnCoach_Test.View.TherapistGUI.TherapistGUITest.setUp() in \\vmware-host\Shared Folders\Documenten\Health-Informatics-Social-Phobia\Code\NijnCoach_Test\View\TherapistGUI\TherapistGUITest.cs:line 45
]]></stack-trace>
                            </failure>
                          </test-case>
                          <test-case name="NijnCoach_Test.View.TherapistGUI.TherapistGUITestCommentViaOpenAndMC.TherapistGUITest.testForInvisibleRemoveButtoninOpen" executed="True" result="Error" success="False" time="0.000" asserts="0">
                            <failure>
                              <message><![CDATA[SetUp : System.NullReferenceException : Object reference not set to an instance of an object.]]></message>
                              <stack-trace><![CDATA[at NijnCoach_Test.View.GuiTest.run() in \\vmware-host\Shared Folders\Documenten\Health-Informatics-Social-Phobia\Code\NijnCoach_Test\View\GuiTest.cs:line 154
at NijnCoach_Test.View.GuiTest.setUp() in \\vmware-host\Shared Folders\Documenten\Health-Informatics-Social-Phobia\Code\NijnCoach_Test\View\GuiTest.cs:line 144
at NijnCoach_Test.View.TherapistGUI.TherapistGUITest.setUp() in \\vmware-host\Shared Folders\Documenten\Health-Informatics-Social-Phobia\Code\NijnCoach_Test\View\TherapistGUI\TherapistGUITest.cs:line 45
]]></stack-trace>
                            </failure>
                          </test-case>
                          <test-case name="NijnCoach_Test.View.TherapistGUI.TherapistGUITestCommentViaOpenAndMC.TherapistGUITest.testForLabelQisCommentinComment" executed="True" result="Error" success="False" time="0.000" asserts="0">
                            <failure>
                              <message><![CDATA[SetUp : System.NullReferenceException : Object reference not set to an instance of an object.]]></message>
                              <stack-trace><![CDATA[at NijnCoach_Test.View.GuiTest.run() in \\vmware-host\Shared Folders\Documenten\Health-Informatics-Social-Phobia\Code\NijnCoach_Test\View\GuiTest.cs:line 154
at NijnCoach_Test.View.GuiTest.setUp() in \\vmware-host\Shared Folders\Documenten\Health-Informatics-Social-Phobia\Code\NijnCoach_Test\View\GuiTest.cs:line 144
at NijnCoach_Test.View.TherapistGUI.TherapistGUITest.setUp() in \\vmware-host\Shared Folders\Documenten\Health-Informatics-Social-Phobia\Code\NijnCoach_Test\View\TherapistGUI\TherapistGUITest.cs:line 45
]]></stack-trace>
                            </failure>
                          </test-case>
                          <test-case name="NijnCoach_Test.View.TherapistGUI.TherapistGUITestCommentViaOpenAndMC.TherapistGUITest.testForLabelQisQuestionInMC" executed="True" result="Error" success="False" time="0.001" asserts="0">
                            <failure>
                              <message><![CDATA[SetUp : System.NullReferenceException : Object reference not set to an instance of an object.]]></message>
                              <stack-trace><![CDATA[at NijnCoach_Test.View.GuiTest.run() in \\vmware-host\Shared Folders\Documenten\Health-Informatics-Social-Phobia\Code\NijnCoach_Test\View\GuiTest.cs:line 154
at NijnCoach_Test.View.GuiTest.setUp() in \\vmware-host\Shared Folders\Documenten\Health-Informatics-Social-Phobia\Code\NijnCoach_Test\View\GuiTest.cs:line 144
at NijnCoach_Test.View.TherapistGUI.TherapistGUITest.setUp() in \\vmware-host\Shared Folders\Documenten\Health-Informatics-Social-Phobia\Code\NijnCoach_Test\View\TherapistGUI\TherapistGUITest.cs:line 45
]]></stack-trace>
                            </failure>
                          </test-case>
                          <test-case name="NijnCoach_Test.View.TherapistGUI.TherapistGUITestCommentViaOpenAndMC.TherapistGUITest.testForLabelQisQuestioninOpen" executed="True" result="Error" success="False" time="0.001" asserts="0">
                            <failure>
                              <message><![CDATA[SetUp : System.NullReferenceException : Object reference not set to an instance of an object.]]></message>
                              <stack-trace><![CDATA[at NijnCoach_Test.View.GuiTest.run() in \\vmware-host\Shared Folders\Documenten\Health-Informatics-Social-Phobia\Code\NijnCoach_Test\View\GuiTest.cs:line 154
at NijnCoach_Test.View.GuiTest.setUp() in \\vmware-host\Shared Folders\Documenten\Health-Informatics-Social-Phobia\Code\NijnCoach_Test\View\GuiTest.cs:line 144
at NijnCoach_Test.View.TherapistGUI.TherapistGUITest.setUp() in \\vmware-host\Shared Folders\Documenten\Health-Informatics-Social-Phobia\Code\NijnCoach_Test\View\TherapistGUI\TherapistGUITest.cs:line 45
]]></stack-trace>
                            </failure>
                          </test-case>
                          <test-case name="NijnCoach_Test.View.TherapistGUI.TherapistGUITestCommentViaOpenAndMC.TherapistGUITest.testForNextButton" executed="True" result="Error" success="False" time="0.000" asserts="0">
                            <failure>
                              <message><![CDATA[SetUp : System.NullReferenceException : Object reference not set to an instance of an object.]]></message>
                              <stack-trace><![CDATA[at NijnCoach_Test.View.GuiTest.run() in \\vmware-host\Shared Folders\Documenten\Health-Informatics-Social-Phobia\Code\NijnCoach_Test\View\GuiTest.cs:line 154
at NijnCoach_Test.View.GuiTest.setUp() in \\vmware-host\Shared Folders\Documenten\Health-Informatics-Social-Phobia\Code\NijnCoach_Test\View\GuiTest.cs:line 144
at NijnCoach_Test.View.TherapistGUI.TherapistGUITest.setUp() in \\vmware-host\Shared Folders\Documenten\Health-Informatics-Social-Phobia\Code\NijnCoach_Test\View\TherapistGUI\TherapistGUITest.cs:line 45
]]></stack-trace>
                            </failure>
                          </test-case>
                          <test-case name="NijnCoach_Test.View.TherapistGUI.TherapistGUITestCommentViaOpenAndMC.TherapistGUITest.testForVerifyWhenAddClickedInMC" executed="True" result="Error" success="False" time="0.000" asserts="0">
                            <failure>
                              <message><![CDATA[SetUp : System.NullReferenceException : Object reference not set to an instance of an object.]]></message>
                              <stack-trace><![CDATA[at NijnCoach_Test.View.GuiTest.run() in \\vmware-host\Shared Folders\Documenten\Health-Informatics-Social-Phobia\Code\NijnCoach_Test\View\GuiTest.cs:line 154
at NijnCoach_Test.View.GuiTest.setUp() in \\vmware-host\Shared Folders\Documenten\Health-Informatics-Social-Phobia\Code\NijnCoach_Test\View\GuiTest.cs:line 144
at NijnCoach_Test.View.TherapistGUI.TherapistGUITest.setUp() in \\vmware-host\Shared Folders\Documenten\Health-Informatics-Social-Phobia\Code\NijnCoach_Test\View\TherapistGUI\TherapistGUITest.cs:line 45
]]></stack-trace>
                            </failure>
                          </test-case>
                          <test-case name="NijnCoach_Test.View.TherapistGUI.TherapistGUITestCommentViaOpenAndMC.TherapistGUITest.testForVerifyWhenRemoveClickedWithThreeOptionsInMC" executed="True" result="Error" success="False" time="0.000" asserts="0">
                            <failure>
                              <message><![CDATA[SetUp : System.NullReferenceException : Object reference not set to an instance of an object.]]></message>
                              <stack-trace><![CDATA[at NijnCoach_Test.View.GuiTest.run() in \\vmware-host\Shared Folders\Documenten\Health-Informatics-Social-Phobia\Code\NijnCoach_Test\View\GuiTest.cs:line 154
at NijnCoach_Test.View.GuiTest.setUp() in \\vmware-host\Shared Folders\Documenten\Health-Informatics-Social-Phobia\Code\NijnCoach_Test\View\GuiTest.cs:line 144
at NijnCoach_Test.View.TherapistGUI.TherapistGUITest.setUp() in \\vmware-host\Shared Folders\Documenten\Health-Informatics-Social-Phobia\Code\NijnCoach_Test\View\TherapistGUI\TherapistGUITest.cs:line 45
]]></stack-trace>
                            </failure>
                          </test-case>
                          <test-case name="NijnCoach_Test.View.TherapistGUI.TherapistGUITestCommentViaOpenAndMC.TherapistGUITest.testForVerifyWhenRemoveClickedWithTwoOptionsInMC" executed="True" result="Error" success="False" time="0.000" asserts="0">
                            <failure>
                              <message><![CDATA[SetUp : System.NullReferenceException : Object reference not set to an instance of an object.]]></message>
                              <stack-trace><![CDATA[at NijnCoach_Test.View.GuiTest.run() in \\vmware-host\Shared Folders\Documenten\Health-Informatics-Social-Phobia\Code\NijnCoach_Test\View\GuiTest.cs:line 154
at NijnCoach_Test.View.GuiTest.setUp() in \\vmware-host\Shared Folders\Documenten\Health-Informatics-Social-Phobia\Code\NijnCoach_Test\View\GuiTest.cs:line 144
at NijnCoach_Test.View.TherapistGUI.TherapistGUITest.setUp() in \\vmware-host\Shared Folders\Documenten\Health-Informatics-Social-Phobia\Code\NijnCoach_Test\View\TherapistGUI\TherapistGUITest.cs:line 45
]]></stack-trace>
                            </failure>
                          </test-case>
                          <test-case name="NijnCoach_Test.View.TherapistGUI.TherapistGUITestCommentViaOpenAndMC.TherapistGUITest.testForVisibleAddButtonInMC" executed="True" result="Error" success="False" time="0.000" asserts="0">
                            <failure>
                              <message><![CDATA[SetUp : System.NullReferenceException : Object reference not set to an instance of an object.]]></message>
                              <stack-trace><![CDATA[at NijnCoach_Test.View.GuiTest.run() in \\vmware-host\Shared Folders\Documenten\Health-Informatics-Social-Phobia\Code\NijnCoach_Test\View\GuiTest.cs:line 154
at NijnCoach_Test.View.GuiTest.setUp() in \\vmware-host\Shared Folders\Documenten\Health-Informatics-Social-Phobia\Code\NijnCoach_Test\View\GuiTest.cs:line 144
at NijnCoach_Test.View.TherapistGUI.TherapistGUITest.setUp() in \\vmware-host\Shared Folders\Documenten\Health-Informatics-Social-Phobia\Code\NijnCoach_Test\View\TherapistGUI\TherapistGUITest.cs:line 45
]]></stack-trace>
                            </failure>
                          </test-case>
                          <test-case name="NijnCoach_Test.View.TherapistGUI.TherapistGUITestCommentViaOpenAndMC.TherapistGUITest.testForVisibleAudioFrag" executed="True" result="Error" success="False" time="0.000" asserts="0">
                            <failure>
                              <message><![CDATA[SetUp : System.NullReferenceException : Object reference not set to an instance of an object.]]></message>
                              <stack-trace><![CDATA[at NijnCoach_Test.View.GuiTest.run() in \\vmware-host\Shared Folders\Documenten\Health-Informatics-Social-Phobia\Code\NijnCoach_Test\View\GuiTest.cs:line 154
at NijnCoach_Test.View.GuiTest.setUp() in \\vmware-host\Shared Folders\Documenten\Health-Informatics-Social-Phobia\Code\NijnCoach_Test\View\GuiTest.cs:line 144
at NijnCoach_Test.View.TherapistGUI.TherapistGUITest.setUp() in \\vmware-host\Shared Folders\Documenten\Health-Informatics-Social-Phobia\Code\NijnCoach_Test\View\TherapistGUI\TherapistGUITest.cs:line 45
]]></stack-trace>
                            </failure>
                          </test-case>
                          <test-case name="NijnCoach_Test.View.TherapistGUI.TherapistGUITestCommentViaOpenAndMC.TherapistGUITest.testForVisibleEmotionAnswerLabelInMC" executed="True" result="Error" success="False" time="0.001" asserts="0">
                            <failure>
                              <message><![CDATA[SetUp : System.NullReferenceException : Object reference not set to an instance of an object.]]></message>
                              <stack-trace><![CDATA[at NijnCoach_Test.View.GuiTest.run() in \\vmware-host\Shared Folders\Documenten\Health-Informatics-Social-Phobia\Code\NijnCoach_Test\View\GuiTest.cs:line 154
at NijnCoach_Test.View.GuiTest.setUp() in \\vmware-host\Shared Folders\Documenten\Health-Informatics-Social-Phobia\Code\NijnCoach_Test\View\GuiTest.cs:line 144
at NijnCoach_Test.View.TherapistGUI.TherapistGUITest.setUp() in \\vmware-host\Shared Folders\Documenten\Health-Informatics-Social-Phobia\Code\NijnCoach_Test\View\TherapistGUI\TherapistGUITest.cs:line 45
]]></stack-trace>
                            </failure>
                          </test-case>
                          <test-case name="NijnCoach_Test.View.TherapistGUI.TherapistGUITestCommentViaOpenAndMC.TherapistGUITest.testForVisibleEmotionComboBoxInComment" executed="True" result="Error" success="False" time="0.001" asserts="0">
                            <failure>
                              <message><![CDATA[SetUp : System.NullReferenceException : Object reference not set to an instance of an object.]]></message>
                              <stack-trace><![CDATA[at NijnCoach_Test.View.GuiTest.run() in \\vmware-host\Shared Folders\Documenten\Health-Informatics-Social-Phobia\Code\NijnCoach_Test\View\GuiTest.cs:line 154
at NijnCoach_Test.View.GuiTest.setUp() in \\vmware-host\Shared Folders\Documenten\Health-Informatics-Social-Phobia\Code\NijnCoach_Test\View\GuiTest.cs:line 144
at NijnCoach_Test.View.TherapistGUI.TherapistGUITest.setUp() in \\vmware-host\Shared Folders\Documenten\Health-Informatics-Social-Phobia\Code\NijnCoach_Test\View\TherapistGUI\TherapistGUITest.cs:line 45
]]></stack-trace>
                            </failure>
                          </test-case>
                          <test-case name="NijnCoach_Test.View.TherapistGUI.TherapistGUITestCommentViaOpenAndMC.TherapistGUITest.testForVisibleEmotionComboBoxInMC" executed="True" result="Error" success="False" time="0.000" asserts="0">
                            <failure>
                              <message><![CDATA[SetUp : System.NullReferenceException : Object reference not set to an instance of an object.]]></message>
                              <stack-trace><![CDATA[at NijnCoach_Test.View.GuiTest.run() in \\vmware-host\Shared Folders\Documenten\Health-Informatics-Social-Phobia\Code\NijnCoach_Test\View\GuiTest.cs:line 154
at NijnCoach_Test.View.GuiTest.setUp() in \\vmware-host\Shared Folders\Documenten\Health-Informatics-Social-Phobia\Code\NijnCoach_Test\View\GuiTest.cs:line 144
at NijnCoach_Test.View.TherapistGUI.TherapistGUITest.setUp() in \\vmware-host\Shared Folders\Documenten\Health-Informatics-Social-Phobia\Code\NijnCoach_Test\View\TherapistGUI\TherapistGUITest.cs:line 45
]]></stack-trace>
                            </failure>
                          </test-case>
                          <test-case name="NijnCoach_Test.View.TherapistGUI.TherapistGUITestCommentViaOpenAndMC.TherapistGUITest.testForVisibleEmotionComboBoxinOpen" executed="True" result="Error" success="False" time="0.000" asserts="0">
                            <failure>
                              <message><![CDATA[SetUp : System.NullReferenceException : Object reference not set to an instance of an object.]]></message>
                              <stack-trace><![CDATA[at NijnCoach_Test.View.GuiTest.run() in \\vmware-host\Shared Folders\Documenten\Health-Informatics-Social-Phobia\Code\NijnCoach_Test\View\GuiTest.cs:line 154
at NijnCoach_Test.View.GuiTest.setUp() in \\vmware-host\Shared Folders\Documenten\Health-Informatics-Social-Phobia\Code\NijnCoach_Test\View\GuiTest.cs:line 144
at NijnCoach_Test.View.TherapistGUI.TherapistGUITest.setUp() in \\vmware-host\Shared Folders\Documenten\Health-Informatics-Social-Phobia\Code\NijnCoach_Test\View\TherapistGUI\TherapistGUITest.cs:line 45
]]></stack-trace>
                            </failure>
                          </test-case>
                          <test-case name="NijnCoach_Test.View.TherapistGUI.TherapistGUITestCommentViaOpenAndMC.TherapistGUITest.testForVisibleQuestionLabelsInMC" executed="True" result="Error" success="False" time="0.000" asserts="0">
                            <failure>
                              <message><![CDATA[SetUp : System.NullReferenceException : Object reference not set to an instance of an object.]]></message>
                              <stack-trace><![CDATA[at NijnCoach_Test.View.GuiTest.run() in \\vmware-host\Shared Folders\Documenten\Health-Informatics-Social-Phobia\Code\NijnCoach_Test\View\GuiTest.cs:line 154
at NijnCoach_Test.View.GuiTest.setUp() in \\vmware-host\Shared Folders\Documenten\Health-Informatics-Social-Phobia\Code\NijnCoach_Test\View\GuiTest.cs:line 144
at NijnCoach_Test.View.TherapistGUI.TherapistGUITest.setUp() in \\vmware-host\Shared Folders\Documenten\Health-Informatics-Social-Phobia\Code\NijnCoach_Test\View\TherapistGUI\TherapistGUITest.cs:line 45
]]></stack-trace>
                            </failure>
                          </test-case>
                          <test-case name="NijnCoach_Test.View.TherapistGUI.TherapistGUITestCommentViaOpenAndMC.TherapistGUITest.testForVisibleQuestionTextBoxesInMC" executed="True" result="Error" success="False" time="0.000" asserts="0">
                            <failure>
                              <message><![CDATA[SetUp : System.NullReferenceException : Object reference not set to an instance of an object.]]></message>
                              <stack-trace><![CDATA[at NijnCoach_Test.View.GuiTest.run() in \\vmware-host\Shared Folders\Documenten\Health-Informatics-Social-Phobia\Code\NijnCoach_Test\View\GuiTest.cs:line 154
at NijnCoach_Test.View.GuiTest.setUp() in \\vmware-host\Shared Folders\Documenten\Health-Informatics-Social-Phobia\Code\NijnCoach_Test\View\GuiTest.cs:line 144
at NijnCoach_Test.View.TherapistGUI.TherapistGUITest.setUp() in \\vmware-host\Shared Folders\Documenten\Health-Informatics-Social-Phobia\Code\NijnCoach_Test\View\TherapistGUI\TherapistGUITest.cs:line 45
]]></stack-trace>
                            </failure>
                          </test-case>
                          <test-case name="NijnCoach_Test.View.TherapistGUI.TherapistGUITestCommentViaOpenAndMC.TherapistGUITest.testForVisibleRemoveButtonInMC" executed="True" result="Error" success="False" time="0.001" asserts="0">
                            <failure>
                              <message><![CDATA[SetUp : System.NullReferenceException : Object reference not set to an instance of an object.]]></message>
                              <stack-trace><![CDATA[at NijnCoach_Test.View.GuiTest.run() in \\vmware-host\Shared Folders\Documenten\Health-Informatics-Social-Phobia\Code\NijnCoach_Test\View\GuiTest.cs:line 154
at NijnCoach_Test.View.GuiTest.setUp() in \\vmware-host\Shared Folders\Documenten\Health-Informatics-Social-Phobia\Code\NijnCoach_Test\View\GuiTest.cs:line 144
at NijnCoach_Test.View.TherapistGUI.TherapistGUITest.setUp() in \\vmware-host\Shared Folders\Documenten\Health-Informatics-Social-Phobia\Code\NijnCoach_Test\View\TherapistGUI\TherapistGUITest.cs:line 45
]]></stack-trace>
                            </failure>
                          </test-case>
                        </results>
                      </test-suite>
                      <test-suite type="TestFixture" name="TherapistGUITestMCViaOpenAndComment" executed="True" result="Failure" success="False" time="0.226" asserts="0">
                        <results>
                          <test-case name="NijnCoach_Test.View.TherapistGUI.TherapistGUITestMCViaOpenAndComment.TherapistGUITest.testForCheckedMCradioButtonInMC" executed="True" result="Error" success="False" time="0.000" asserts="0">
                            <failure>
                              <message><![CDATA[SetUp : System.NullReferenceException : Object reference not set to an instance of an object.]]></message>
                              <stack-trace><![CDATA[at NijnCoach_Test.View.GuiTest.run() in \\vmware-host\Shared Folders\Documenten\Health-Informatics-Social-Phobia\Code\NijnCoach_Test\View\GuiTest.cs:line 154
at NijnCoach_Test.View.GuiTest.setUp() in \\vmware-host\Shared Folders\Documenten\Health-Informatics-Social-Phobia\Code\NijnCoach_Test\View\GuiTest.cs:line 144
at NijnCoach_Test.View.TherapistGUI.TherapistGUITest.setUp() in \\vmware-host\Shared Folders\Documenten\Health-Informatics-Social-Phobia\Code\NijnCoach_Test\View\TherapistGUI\TherapistGUITest.cs:line 45
]]></stack-trace>
                            </failure>
                          </test-case>
                          <test-case name="NijnCoach_Test.View.TherapistGUI.TherapistGUITestMCViaOpenAndComment.TherapistGUITest.testForClearAudioButton" executed="True" result="Error" success="False" time="0.000" asserts="0">
                            <failure>
                              <message><![CDATA[SetUp : System.NullReferenceException : Object reference not set to an instance of an object.]]></message>
                              <stack-trace><![CDATA[at NijnCoach_Test.View.GuiTest.run() in \\vmware-host\Shared Folders\Documenten\Health-Informatics-Social-Phobia\Code\NijnCoach_Test\View\GuiTest.cs:line 154
at NijnCoach_Test.View.GuiTest.setUp() in \\vmware-host\Shared Folders\Documenten\Health-Informatics-Social-Phobia\Code\NijnCoach_Test\View\GuiTest.cs:line 144
at NijnCoach_Test.View.TherapistGUI.TherapistGUITest.setUp() in \\vmware-host\Shared Folders\Documenten\Health-Informatics-Social-Phobia\Code\NijnCoach_Test\View\TherapistGUI\TherapistGUITest.cs:line 45
]]></stack-trace>
                            </failure>
                          </test-case>
                          <test-case name="NijnCoach_Test.View.TherapistGUI.TherapistGUITestMCViaOpenAndComment.TherapistGUITest.testForCorrectRadioButtonCheckedinComment" executed="True" result="Error" success="False" time="0.001" asserts="0">
                            <failure>
                              <message><![CDATA[SetUp : System.NullReferenceException : Object reference not set to an instance of an object.]]></message>
                              <stack-trace><![CDATA[at NijnCoach_Test.View.GuiTest.run() in \\vmware-host\Shared Folders\Documenten\Health-Informatics-Social-Phobia\Code\NijnCoach_Test\View\GuiTest.cs:line 154
at NijnCoach_Test.View.GuiTest.setUp() in \\vmware-host\Shared Folders\Documenten\Health-Informatics-Social-Phobia\Code\NijnCoach_Test\View\GuiTest.cs:line 144
at NijnCoach_Test.View.TherapistGUI.TherapistGUITest.setUp() in \\vmware-host\Shared Folders\Documenten\Health-Informatics-Social-Phobia\Code\NijnCoach_Test\View\TherapistGUI\TherapistGUITest.cs:line 45
]]></stack-trace>
                            </failure>
                          </test-case>
                          <test-case name="NijnCoach_Test.View.TherapistGUI.TherapistGUITestMCViaOpenAndComment.TherapistGUITest.testForCorrectRadioButtonCheckedinOpen" executed="True" result="Error" success="False" time="0.000" asserts="0">
                            <failure>
                              <message><![CDATA[SetUp : System.NullReferenceException : Object reference not set to an instance of an object.]]></message>
                              <stack-trace><![CDATA[at NijnCoach_Test.View.GuiTest.run() in \\vmware-host\Shared Folders\Documenten\Health-Informatics-Social-Phobia\Code\NijnCoach_Test\View\GuiTest.cs:line 154
at NijnCoach_Test.View.GuiTest.setUp() in \\vmware-host\Shared Folders\Documenten\Health-Informatics-Social-Phobia\Code\NijnCoach_Test\View\GuiTest.cs:line 144
at NijnCoach_Test.View.TherapistGUI.TherapistGUITest.setUp() in \\vmware-host\Shared Folders\Documenten\Health-Informatics-Social-Phobia\Code\NijnCoach_Test\View\TherapistGUI\TherapistGUITest.cs:line 45
]]></stack-trace>
                            </failure>
                          </test-case>
                          <test-case name="NijnCoach_Test.View.TherapistGUI.TherapistGUITestMCViaOpenAndComment.TherapistGUITest.testForEmptyQuestionBoxinComment" executed="True" result="Error" success="False" time="0.001" asserts="0">
                            <failure>
                              <message><![CDATA[SetUp : System.NullReferenceException : Object reference not set to an instance of an object.]]></message>
                              <stack-trace><![CDATA[at NijnCoach_Test.View.GuiTest.run() in \\vmware-host\Shared Folders\Documenten\Health-Informatics-Social-Phobia\Code\NijnCoach_Test\View\GuiTest.cs:line 154
at NijnCoach_Test.View.GuiTest.setUp() in \\vmware-host\Shared Folders\Documenten\Health-Informatics-Social-Phobia\Code\NijnCoach_Test\View\GuiTest.cs:line 144
at NijnCoach_Test.View.TherapistGUI.TherapistGUITest.setUp() in \\vmware-host\Shared Folders\Documenten\Health-Informatics-Social-Phobia\Code\NijnCoach_Test\View\TherapistGUI\TherapistGUITest.cs:line 45
]]></stack-trace>
                            </failure>
                          </test-case>
                          <test-case name="NijnCoach_Test.View.TherapistGUI.TherapistGUITestMCViaOpenAndComment.TherapistGUITest.testForEmptyQuestionBoxinOpen" executed="True" result="Error" success="False" time="0.001" asserts="0">
                            <failure>
                              <message><![CDATA[SetUp : System.NullReferenceException : Object reference not set to an instance of an object.]]></message>
                              <stack-trace><![CDATA[at NijnCoach_Test.View.GuiTest.run() in \\vmware-host\Shared Folders\Documenten\Health-Informatics-Social-Phobia\Code\NijnCoach_Test\View\GuiTest.cs:line 154
at NijnCoach_Test.View.GuiTest.setUp() in \\vmware-host\Shared Folders\Documenten\Health-Informatics-Social-Phobia\Code\NijnCoach_Test\View\GuiTest.cs:line 144
at NijnCoach_Test.View.TherapistGUI.TherapistGUITest.setUp() in \\vmware-host\Shared Folders\Documenten\Health-Informatics-Social-Phobia\Code\NijnCoach_Test\View\TherapistGUI\TherapistGUITest.cs:line 45
]]></stack-trace>
                            </failure>
                          </test-case>
                          <test-case name="NijnCoach_Test.View.TherapistGUI.TherapistGUITestMCViaOpenAndComment.TherapistGUITest.testForFinishQuestionWithoutQuestions" executed="False" result="Ignored">
                            <reason>
                              <message><![CDATA[]]></message>
                            </reason>
                          </test-case>
                          <test-case name="NijnCoach_Test.View.TherapistGUI.TherapistGUITestMCViaOpenAndComment.TherapistGUITest.testForInvisibleAddButtoninComment" executed="True" result="Error" success="False" time="0.001" asserts="0">
                            <failure>
                              <message><![CDATA[SetUp : System.NullReferenceException : Object reference not set to an instance of an object.]]></message>
                              <stack-trace><![CDATA[at NijnCoach_Test.View.GuiTest.run() in \\vmware-host\Shared Folders\Documenten\Health-Informatics-Social-Phobia\Code\NijnCoach_Test\View\GuiTest.cs:line 154
at NijnCoach_Test.View.GuiTest.setUp() in \\vmware-host\Shared Folders\Documenten\Health-Informatics-Social-Phobia\Code\NijnCoach_Test\View\GuiTest.cs:line 144
at NijnCoach_Test.View.TherapistGUI.TherapistGUITest.setUp() in \\vmware-host\Shared Folders\Documenten\Health-Informatics-Social-Phobia\Code\NijnCoach_Test\View\TherapistGUI\TherapistGUITest.cs:line 45
]]></stack-trace>
                            </failure>
                          </test-case>
                          <test-case name="NijnCoach_Test.View.TherapistGUI.TherapistGUITestMCViaOpenAndComment.TherapistGUITest.testForInvisibleAddButtoninOpen" executed="True" result="Error" success="False" time="0.000" asserts="0">
                            <failure>
                              <message><![CDATA[SetUp : System.NullReferenceException : Object reference not set to an instance of an object.]]></message>
                              <stack-trace><![CDATA[at NijnCoach_Test.View.GuiTest.run() in \\vmware-host\Shared Folders\Documenten\Health-Informatics-Social-Phobia\Code\NijnCoach_Test\View\GuiTest.cs:line 154
at NijnCoach_Test.View.GuiTest.setUp() in \\vmware-host\Shared Folders\Documenten\Health-Informatics-Social-Phobia\Code\NijnCoach_Test\View\GuiTest.cs:line 144
at NijnCoach_Test.View.TherapistGUI.TherapistGUITest.setUp() in \\vmware-host\Shared Folders\Documenten\Health-Informatics-Social-Phobia\Code\NijnCoach_Test\View\TherapistGUI\TherapistGUITest.cs:line 45
]]></stack-trace>
                            </failure>
                          </test-case>
                          <test-case name="NijnCoach_Test.View.TherapistGUI.TherapistGUITestMCViaOpenAndComment.TherapistGUITest.testForInvisibleAnswerEmotionLabelinComment" executed="True" result="Error" success="False" time="0.000" asserts="0">
                            <failure>
                              <message><![CDATA[SetUp : System.NullReferenceException : Object reference not set to an instance of an object.]]></message>
                              <stack-trace><![CDATA[at NijnCoach_Test.View.GuiTest.run() in \\vmware-host\Shared Folders\Documenten\Health-Informatics-Social-Phobia\Code\NijnCoach_Test\View\GuiTest.cs:line 154
at NijnCoach_Test.View.GuiTest.setUp() in \\vmware-host\Shared Folders\Documenten\Health-Informatics-Social-Phobia\Code\NijnCoach_Test\View\GuiTest.cs:line 144
at NijnCoach_Test.View.TherapistGUI.TherapistGUITest.setUp() in \\vmware-host\Shared Folders\Documenten\Health-Informatics-Social-Phobia\Code\NijnCoach_Test\View\TherapistGUI\TherapistGUITest.cs:line 45
]]></stack-trace>
                            </failure>
                          </test-case>
                          <test-case name="NijnCoach_Test.View.TherapistGUI.TherapistGUITestMCViaOpenAndComment.TherapistGUITest.testForInvisibleAnswerEmotionLabelinOpen" executed="True" result="Error" success="False" time="0.000" asserts="0">
                            <failure>
                              <message><![CDATA[SetUp : System.NullReferenceException : Object reference not set to an instance of an object.]]></message>
                              <stack-trace><![CDATA[at NijnCoach_Test.View.GuiTest.run() in \\vmware-host\Shared Folders\Documenten\Health-Informatics-Social-Phobia\Code\NijnCoach_Test\View\GuiTest.cs:line 154
at NijnCoach_Test.View.GuiTest.setUp() in \\vmware-host\Shared Folders\Documenten\Health-Informatics-Social-Phobia\Code\NijnCoach_Test\View\GuiTest.cs:line 144
at NijnCoach_Test.View.TherapistGUI.TherapistGUITest.setUp() in \\vmware-host\Shared Folders\Documenten\Health-Informatics-Social-Phobia\Code\NijnCoach_Test\View\TherapistGUI\TherapistGUITest.cs:line 45
]]></stack-trace>
                            </failure>
                          </test-case>
                          <test-case name="NijnCoach_Test.View.TherapistGUI.TherapistGUITestMCViaOpenAndComment.TherapistGUITest.testForInvisibleEmotionComboBoxinComment" executed="True" result="Error" success="False" time="0.000" asserts="0">
                            <failure>
                              <message><![CDATA[SetUp : System.NullReferenceException : Object reference not set to an instance of an object.]]></message>
                              <stack-trace><![CDATA[at NijnCoach_Test.View.GuiTest.run() in \\vmware-host\Shared Folders\Documenten\Health-Informatics-Social-Phobia\Code\NijnCoach_Test\View\GuiTest.cs:line 154
at NijnCoach_Test.View.GuiTest.setUp() in \\vmware-host\Shared Folders\Documenten\Health-Informatics-Social-Phobia\Code\NijnCoach_Test\View\GuiTest.cs:line 144
at NijnCoach_Test.View.TherapistGUI.TherapistGUITest.setUp() in \\vmware-host\Shared Folders\Documenten\Health-Informatics-Social-Phobia\Code\NijnCoach_Test\View\TherapistGUI\TherapistGUITest.cs:line 45
]]></stack-trace>
                            </failure>
                          </test-case>
                          <test-case name="NijnCoach_Test.View.TherapistGUI.TherapistGUITestMCViaOpenAndComment.TherapistGUITest.testForInVisibleEmotionComboBoxInMC" executed="True" result="Error" success="False" time="0.000" asserts="0">
                            <failure>
                              <message><![CDATA[SetUp : System.NullReferenceException : Object reference not set to an instance of an object.]]></message>
                              <stack-trace><![CDATA[at NijnCoach_Test.View.GuiTest.run() in \\vmware-host\Shared Folders\Documenten\Health-Informatics-Social-Phobia\Code\NijnCoach_Test\View\GuiTest.cs:line 154
at NijnCoach_Test.View.GuiTest.setUp() in \\vmware-host\Shared Folders\Documenten\Health-Informatics-Social-Phobia\Code\NijnCoach_Test\View\GuiTest.cs:line 144
at NijnCoach_Test.View.TherapistGUI.TherapistGUITest.setUp() in \\vmware-host\Shared Folders\Documenten\Health-Informatics-Social-Phobia\Code\NijnCoach_Test\View\TherapistGUI\TherapistGUITest.cs:line 45
]]></stack-trace>
                            </failure>
                          </test-case>
                          <test-case name="NijnCoach_Test.View.TherapistGUI.TherapistGUITestMCViaOpenAndComment.TherapistGUITest.testForInvisibleEmotionComboBoxinOpen" executed="True" result="Error" success="False" time="0.001" asserts="0">
                            <failure>
                              <message><![CDATA[SetUp : System.NullReferenceException : Object reference not set to an instance of an object.]]></message>
                              <stack-trace><![CDATA[at NijnCoach_Test.View.GuiTest.run() in \\vmware-host\Shared Folders\Documenten\Health-Informatics-Social-Phobia\Code\NijnCoach_Test\View\GuiTest.cs:line 154
at NijnCoach_Test.View.GuiTest.setUp() in \\vmware-host\Shared Folders\Documenten\Health-Informatics-Social-Phobia\Code\NijnCoach_Test\View\GuiTest.cs:line 144
at NijnCoach_Test.View.TherapistGUI.TherapistGUITest.setUp() in \\vmware-host\Shared Folders\Documenten\Health-Informatics-Social-Phobia\Code\NijnCoach_Test\View\TherapistGUI\TherapistGUITest.cs:line 45
]]></stack-trace>
                            </failure>
                          </test-case>
                          <test-case name="NijnCoach_Test.View.TherapistGUI.TherapistGUITestMCViaOpenAndComment.TherapistGUITest.testForInvisibleQuestionLabelsinComment" executed="True" result="Error" success="False" time="0.001" asserts="0">
                            <failure>
                              <message><![CDATA[SetUp : System.NullReferenceException : Object reference not set to an instance of an object.]]></message>
                              <stack-trace><![CDATA[at NijnCoach_Test.View.GuiTest.run() in \\vmware-host\Shared Folders\Documenten\Health-Informatics-Social-Phobia\Code\NijnCoach_Test\View\GuiTest.cs:line 154
at NijnCoach_Test.View.GuiTest.setUp() in \\vmware-host\Shared Folders\Documenten\Health-Informatics-Social-Phobia\Code\NijnCoach_Test\View\GuiTest.cs:line 144
at NijnCoach_Test.View.TherapistGUI.TherapistGUITest.setUp() in \\vmware-host\Shared Folders\Documenten\Health-Informatics-Social-Phobia\Code\NijnCoach_Test\View\TherapistGUI\TherapistGUITest.cs:line 45
]]></stack-trace>
                            </failure>
                          </test-case>
                          <test-case name="NijnCoach_Test.View.TherapistGUI.TherapistGUITestMCViaOpenAndComment.TherapistGUITest.testForInVisibleQuestionLabelsInMC" executed="True" result="Error" success="False" time="0.001" asserts="0">
                            <failure>
                              <message><![CDATA[SetUp : System.NullReferenceException : Object reference not set to an instance of an object.]]></message>
                              <stack-trace><![CDATA[at NijnCoach_Test.View.GuiTest.run() in \\vmware-host\Shared Folders\Documenten\Health-Informatics-Social-Phobia\Code\NijnCoach_Test\View\GuiTest.cs:line 154
at NijnCoach_Test.View.GuiTest.setUp() in \\vmware-host\Shared Folders\Documenten\Health-Informatics-Social-Phobia\Code\NijnCoach_Test\View\GuiTest.cs:line 144
at NijnCoach_Test.View.TherapistGUI.TherapistGUITest.setUp() in \\vmware-host\Shared Folders\Documenten\Health-Informatics-Social-Phobia\Code\NijnCoach_Test\View\TherapistGUI\TherapistGUITest.cs:line 45
]]></stack-trace>
                            </failure>
                          </test-case>
                          <test-case name="NijnCoach_Test.View.TherapistGUI.TherapistGUITestMCViaOpenAndComment.TherapistGUITest.testForInvisibleQuestionLabelsinOpen" executed="True" result="Error" success="False" time="0.001" asserts="0">
                            <failure>
                              <message><![CDATA[SetUp : System.NullReferenceException : Object reference not set to an instance of an object.]]></message>
                              <stack-trace><![CDATA[at NijnCoach_Test.View.GuiTest.run() in \\vmware-host\Shared Folders\Documenten\Health-Informatics-Social-Phobia\Code\NijnCoach_Test\View\GuiTest.cs:line 154
at NijnCoach_Test.View.GuiTest.setUp() in \\vmware-host\Shared Folders\Documenten\Health-Informatics-Social-Phobia\Code\NijnCoach_Test\View\GuiTest.cs:line 144
at NijnCoach_Test.View.TherapistGUI.TherapistGUITest.setUp() in \\vmware-host\Shared Folders\Documenten\Health-Informatics-Social-Phobia\Code\NijnCoach_Test\View\TherapistGUI\TherapistGUITest.cs:line 45
]]></stack-trace>
                            </failure>
                          </test-case>
                          <test-case name="NijnCoach_Test.View.TherapistGUI.TherapistGUITestMCViaOpenAndComment.TherapistGUITest.testForInvisibleQuestionTextBoxesinComment" executed="True" result="Error" success="False" time="0.001" asserts="0">
                            <failure>
                              <message><![CDATA[SetUp : System.NullReferenceException : Object reference not set to an instance of an object.]]></message>
                              <stack-trace><![CDATA[at NijnCoach_Test.View.GuiTest.run() in \\vmware-host\Shared Folders\Documenten\Health-Informatics-Social-Phobia\Code\NijnCoach_Test\View\GuiTest.cs:line 154
at NijnCoach_Test.View.GuiTest.setUp() in \\vmware-host\Shared Folders\Documenten\Health-Informatics-Social-Phobia\Code\NijnCoach_Test\View\GuiTest.cs:line 144
at NijnCoach_Test.View.TherapistGUI.TherapistGUITest.setUp() in \\vmware-host\Shared Folders\Documenten\Health-Informatics-Social-Phobia\Code\NijnCoach_Test\View\TherapistGUI\TherapistGUITest.cs:line 45
]]></stack-trace>
                            </failure>
                          </test-case>
                          <test-case name="NijnCoach_Test.View.TherapistGUI.TherapistGUITestMCViaOpenAndComment.TherapistGUITest.testForInVisibleQuestionTextBoxesInMC" executed="True" result="Error" success="False" time="0.000" asserts="0">
                            <failure>
                              <message><![CDATA[SetUp : System.NullReferenceException : Object reference not set to an instance of an object.]]></message>
                              <stack-trace><![CDATA[at NijnCoach_Test.View.GuiTest.run() in \\vmware-host\Shared Folders\Documenten\Health-Informatics-Social-Phobia\Code\NijnCoach_Test\View\GuiTest.cs:line 154
at NijnCoach_Test.View.GuiTest.setUp() in \\vmware-host\Shared Folders\Documenten\Health-Informatics-Social-Phobia\Code\NijnCoach_Test\View\GuiTest.cs:line 144
at NijnCoach_Test.View.TherapistGUI.TherapistGUITest.setUp() in \\vmware-host\Shared Folders\Documenten\Health-Informatics-Social-Phobia\Code\NijnCoach_Test\View\TherapistGUI\TherapistGUITest.cs:line 45
]]></stack-trace>
                            </failure>
                          </test-case>
                          <test-case name="NijnCoach_Test.View.TherapistGUI.TherapistGUITestMCViaOpenAndComment.TherapistGUITest.testForInvisibleQuestionTextBoxesinOpen" executed="True" result="Error" success="False" time="0.001" asserts="0">
                            <failure>
                              <message><![CDATA[SetUp : System.NullReferenceException : Object reference not set to an instance of an object.]]></message>
                              <stack-trace><![CDATA[at NijnCoach_Test.View.GuiTest.run() in \\vmware-host\Shared Folders\Documenten\Health-Informatics-Social-Phobia\Code\NijnCoach_Test\View\GuiTest.cs:line 154
at NijnCoach_Test.View.GuiTest.setUp() in \\vmware-host\Shared Folders\Documenten\Health-Informatics-Social-Phobia\Code\NijnCoach_Test\View\GuiTest.cs:line 144
at NijnCoach_Test.View.TherapistGUI.TherapistGUITest.setUp() in \\vmware-host\Shared Folders\Documenten\Health-Informatics-Social-Phobia\Code\NijnCoach_Test\View\TherapistGUI\TherapistGUITest.cs:line 45
]]></stack-trace>
                            </failure>
                          </test-case>
                          <test-case name="NijnCoach_Test.View.TherapistGUI.TherapistGUITestMCViaOpenAndComment.TherapistGUITest.testForInvisibleRemoveButtoninComment" executed="True" result="Error" success="False" time="0.000" asserts="0">
                            <failure>
                              <message><![CDATA[SetUp : System.NullReferenceException : Object reference not set to an instance of an object.]]></message>
                              <stack-trace><![CDATA[at NijnCoach_Test.View.GuiTest.run() in \\vmware-host\Shared Folders\Documenten\Health-Informatics-Social-Phobia\Code\NijnCoach_Test\View\GuiTest.cs:line 154
at NijnCoach_Test.View.GuiTest.setUp() in \\vmware-host\Shared Folders\Documenten\Health-Informatics-Social-Phobia\Code\NijnCoach_Test\View\GuiTest.cs:line 144
at NijnCoach_Test.View.TherapistGUI.TherapistGUITest.setUp() in \\vmware-host\Shared Folders\Documenten\Health-Informatics-Social-Phobia\Code\NijnCoach_Test\View\TherapistGUI\TherapistGUITest.cs:line 45
]]></stack-trace>
                            </failure>
                          </test-case>
                          <test-case name="NijnCoach_Test.View.TherapistGUI.TherapistGUITestMCViaOpenAndComment.TherapistGUITest.testForInvisibleRemoveButtoninOpen" executed="True" result="Error" success="False" time="0.001" asserts="0">
                            <failure>
                              <message><![CDATA[SetUp : System.NullReferenceException : Object reference not set to an instance of an object.]]></message>
                              <stack-trace><![CDATA[at NijnCoach_Test.View.GuiTest.run() in \\vmware-host\Shared Folders\Documenten\Health-Informatics-Social-Phobia\Code\NijnCoach_Test\View\GuiTest.cs:line 154
at NijnCoach_Test.View.GuiTest.setUp() in \\vmware-host\Shared Folders\Documenten\Health-Informatics-Social-Phobia\Code\NijnCoach_Test\View\GuiTest.cs:line 144
at NijnCoach_Test.View.TherapistGUI.TherapistGUITest.setUp() in \\vmware-host\Shared Folders\Documenten\Health-Informatics-Social-Phobia\Code\NijnCoach_Test\View\TherapistGUI\TherapistGUITest.cs:line 45
]]></stack-trace>
                            </failure>
                          </test-case>
                          <test-case name="NijnCoach_Test.View.TherapistGUI.TherapistGUITestMCViaOpenAndComment.TherapistGUITest.testForLabelQisCommentinComment" executed="True" result="Error" success="False" time="0.001" asserts="0">
                            <failure>
                              <message><![CDATA[SetUp : System.NullReferenceException : Object reference not set to an instance of an object.]]></message>
                              <stack-trace><![CDATA[at NijnCoach_Test.View.GuiTest.run() in \\vmware-host\Shared Folders\Documenten\Health-Informatics-Social-Phobia\Code\NijnCoach_Test\View\GuiTest.cs:line 154
at NijnCoach_Test.View.GuiTest.setUp() in \\vmware-host\Shared Folders\Documenten\Health-Informatics-Social-Phobia\Code\NijnCoach_Test\View\GuiTest.cs:line 144
at NijnCoach_Test.View.TherapistGUI.TherapistGUITest.setUp() in \\vmware-host\Shared Folders\Documenten\Health-Informatics-Social-Phobia\Code\NijnCoach_Test\View\TherapistGUI\TherapistGUITest.cs:line 45
]]></stack-trace>
                            </failure>
                          </test-case>
                          <test-case name="NijnCoach_Test.View.TherapistGUI.TherapistGUITestMCViaOpenAndComment.TherapistGUITest.testForLabelQisQuestionInMC" executed="True" result="Error" success="False" time="0.000" asserts="0">
                            <failure>
                              <message><![CDATA[SetUp : System.NullReferenceException : Object reference not set to an instance of an object.]]></message>
                              <stack-trace><![CDATA[at NijnCoach_Test.View.GuiTest.run() in \\vmware-host\Shared Folders\Documenten\Health-Informatics-Social-Phobia\Code\NijnCoach_Test\View\GuiTest.cs:line 154
at NijnCoach_Test.View.GuiTest.setUp() in \\vmware-host\Shared Folders\Documenten\Health-Informatics-Social-Phobia\Code\NijnCoach_Test\View\GuiTest.cs:line 144
at NijnCoach_Test.View.TherapistGUI.TherapistGUITest.setUp() in \\vmware-host\Shared Folders\Documenten\Health-Informatics-Social-Phobia\Code\NijnCoach_Test\View\TherapistGUI\TherapistGUITest.cs:line 45
]]></stack-trace>
                            </failure>
                          </test-case>
                          <test-case name="NijnCoach_Test.View.TherapistGUI.TherapistGUITestMCViaOpenAndComment.TherapistGUITest.testForLabelQisQuestioninOpen" executed="True" result="Error" success="False" time="0.001" asserts="0">
                            <failure>
                              <message><![CDATA[SetUp : System.NullReferenceException : Object reference not set to an instance of an object.]]></message>
                              <stack-trace><![CDATA[at NijnCoach_Test.View.GuiTest.run() in \\vmware-host\Shared Folders\Documenten\Health-Informatics-Social-Phobia\Code\NijnCoach_Test\View\GuiTest.cs:line 154
at NijnCoach_Test.View.GuiTest.setUp() in \\vmware-host\Shared Folders\Documenten\Health-Informatics-Social-Phobia\Code\NijnCoach_Test\View\GuiTest.cs:line 144
at NijnCoach_Test.View.TherapistGUI.TherapistGUITest.setUp() in \\vmware-host\Shared Folders\Documenten\Health-Informatics-Social-Phobia\Code\NijnCoach_Test\View\TherapistGUI\TherapistGUITest.cs:line 45
]]></stack-trace>
                            </failure>
                          </test-case>
                          <test-case name="NijnCoach_Test.View.TherapistGUI.TherapistGUITestMCViaOpenAndComment.TherapistGUITest.testForNextButton" executed="True" result="Error" success="False" time="0.000" asserts="0">
                            <failure>
                              <message><![CDATA[SetUp : System.NullReferenceException : Object reference not set to an instance of an object.]]></message>
                              <stack-trace><![CDATA[at NijnCoach_Test.View.GuiTest.run() in \\vmware-host\Shared Folders\Documenten\Health-Informatics-Social-Phobia\Code\NijnCoach_Test\View\GuiTest.cs:line 154
at NijnCoach_Test.View.GuiTest.setUp() in \\vmware-host\Shared Folders\Documenten\Health-Informatics-Social-Phobia\Code\NijnCoach_Test\View\GuiTest.cs:line 144
at NijnCoach_Test.View.TherapistGUI.TherapistGUITest.setUp() in \\vmware-host\Shared Folders\Documenten\Health-Informatics-Social-Phobia\Code\NijnCoach_Test\View\TherapistGUI\TherapistGUITest.cs:line 45
]]></stack-trace>
                            </failure>
                          </test-case>
                          <test-case name="NijnCoach_Test.View.TherapistGUI.TherapistGUITestMCViaOpenAndComment.TherapistGUITest.testForVerifyWhenAddClickedInMC" executed="True" result="Error" success="False" time="0.000" asserts="0">
                            <failure>
                              <message><![CDATA[SetUp : System.NullReferenceException : Object reference not set to an instance of an object.]]></message>
                              <stack-trace><![CDATA[at NijnCoach_Test.View.GuiTest.run() in \\vmware-host\Shared Folders\Documenten\Health-Informatics-Social-Phobia\Code\NijnCoach_Test\View\GuiTest.cs:line 154
at NijnCoach_Test.View.GuiTest.setUp() in \\vmware-host\Shared Folders\Documenten\Health-Informatics-Social-Phobia\Code\NijnCoach_Test\View\GuiTest.cs:line 144
at NijnCoach_Test.View.TherapistGUI.TherapistGUITest.setUp() in \\vmware-host\Shared Folders\Documenten\Health-Informatics-Social-Phobia\Code\NijnCoach_Test\View\TherapistGUI\TherapistGUITest.cs:line 45
]]></stack-trace>
                            </failure>
                          </test-case>
                          <test-case name="NijnCoach_Test.View.TherapistGUI.TherapistGUITestMCViaOpenAndComment.TherapistGUITest.testForVerifyWhenRemoveClickedWithThreeOptionsInMC" executed="True" result="Error" success="False" time="0.001" asserts="0">
                            <failure>
                              <message><![CDATA[SetUp : System.NullReferenceException : Object reference not set to an instance of an object.]]></message>
                              <stack-trace><![CDATA[at NijnCoach_Test.View.GuiTest.run() in \\vmware-host\Shared Folders\Documenten\Health-Informatics-Social-Phobia\Code\NijnCoach_Test\View\GuiTest.cs:line 154
at NijnCoach_Test.View.GuiTest.setUp() in \\vmware-host\Shared Folders\Documenten\Health-Informatics-Social-Phobia\Code\NijnCoach_Test\View\GuiTest.cs:line 144
at NijnCoach_Test.View.TherapistGUI.TherapistGUITest.setUp() in \\vmware-host\Shared Folders\Documenten\Health-Informatics-Social-Phobia\Code\NijnCoach_Test\View\TherapistGUI\TherapistGUITest.cs:line 45
]]></stack-trace>
                            </failure>
                          </test-case>
                          <test-case name="NijnCoach_Test.View.TherapistGUI.TherapistGUITestMCViaOpenAndComment.TherapistGUITest.testForVerifyWhenRemoveClickedWithTwoOptionsInMC" executed="True" result="Error" success="False" time="0.001" asserts="0">
                            <failure>
                              <message><![CDATA[SetUp : System.NullReferenceException : Object reference not set to an instance of an object.]]></message>
                              <stack-trace><![CDATA[at NijnCoach_Test.View.GuiTest.run() in \\vmware-host\Shared Folders\Documenten\Health-Informatics-Social-Phobia\Code\NijnCoach_Test\View\GuiTest.cs:line 154
at NijnCoach_Test.View.GuiTest.setUp() in \\vmware-host\Shared Folders\Documenten\Health-Informatics-Social-Phobia\Code\NijnCoach_Test\View\GuiTest.cs:line 144
at NijnCoach_Test.View.TherapistGUI.TherapistGUITest.setUp() in \\vmware-host\Shared Folders\Documenten\Health-Informatics-Social-Phobia\Code\NijnCoach_Test\View\TherapistGUI\TherapistGUITest.cs:line 45
]]></stack-trace>
                            </failure>
                          </test-case>
                          <test-case name="NijnCoach_Test.View.TherapistGUI.TherapistGUITestMCViaOpenAndComment.TherapistGUITest.testForVisibleAddButtonInMC" executed="True" result="Error" success="False" time="0.000" asserts="0">
                            <failure>
                              <message><![CDATA[SetUp : System.NullReferenceException : Object reference not set to an instance of an object.]]></message>
                              <stack-trace><![CDATA[at NijnCoach_Test.View.GuiTest.run() in \\vmware-host\Shared Folders\Documenten\Health-Informatics-Social-Phobia\Code\NijnCoach_Test\View\GuiTest.cs:line 154
at NijnCoach_Test.View.GuiTest.setUp() in \\vmware-host\Shared Folders\Documenten\Health-Informatics-Social-Phobia\Code\NijnCoach_Test\View\GuiTest.cs:line 144
at NijnCoach_Test.View.TherapistGUI.TherapistGUITest.setUp() in \\vmware-host\Shared Folders\Documenten\Health-Informatics-Social-Phobia\Code\NijnCoach_Test\View\TherapistGUI\TherapistGUITest.cs:line 45
]]></stack-trace>
                            </failure>
                          </test-case>
                          <test-case name="NijnCoach_Test.View.TherapistGUI.TherapistGUITestMCViaOpenAndComment.TherapistGUITest.testForVisibleAudioFrag" executed="True" result="Error" success="False" time="0.001" asserts="0">
                            <failure>
                              <message><![CDATA[SetUp : System.NullReferenceException : Object reference not set to an instance of an object.]]></message>
                              <stack-trace><![CDATA[at NijnCoach_Test.View.GuiTest.run() in \\vmware-host\Shared Folders\Documenten\Health-Informatics-Social-Phobia\Code\NijnCoach_Test\View\GuiTest.cs:line 154
at NijnCoach_Test.View.GuiTest.setUp() in \\vmware-host\Shared Folders\Documenten\Health-Informatics-Social-Phobia\Code\NijnCoach_Test\View\GuiTest.cs:line 144
at NijnCoach_Test.View.TherapistGUI.TherapistGUITest.setUp() in \\vmware-host\Shared Folders\Documenten\Health-Informatics-Social-Phobia\Code\NijnCoach_Test\View\TherapistGUI\TherapistGUITest.cs:line 45
]]></stack-trace>
                            </failure>
                          </test-case>
                          <test-case name="NijnCoach_Test.View.TherapistGUI.TherapistGUITestMCViaOpenAndComment.TherapistGUITest.testForVisibleEmotionAnswerLabelInMC" executed="True" result="Error" success="False" time="0.001" asserts="0">
                            <failure>
                              <message><![CDATA[SetUp : System.NullReferenceException : Object reference not set to an instance of an object.]]></message>
                              <stack-trace><![CDATA[at NijnCoach_Test.View.GuiTest.run() in \\vmware-host\Shared Folders\Documenten\Health-Informatics-Social-Phobia\Code\NijnCoach_Test\View\GuiTest.cs:line 154
at NijnCoach_Test.View.GuiTest.setUp() in \\vmware-host\Shared Folders\Documenten\Health-Informatics-Social-Phobia\Code\NijnCoach_Test\View\GuiTest.cs:line 144
at NijnCoach_Test.View.TherapistGUI.TherapistGUITest.setUp() in \\vmware-host\Shared Folders\Documenten\Health-Informatics-Social-Phobia\Code\NijnCoach_Test\View\TherapistGUI\TherapistGUITest.cs:line 45
]]></stack-trace>
                            </failure>
                          </test-case>
                          <test-case name="NijnCoach_Test.View.TherapistGUI.TherapistGUITestMCViaOpenAndComment.TherapistGUITest.testForVisibleEmotionComboBoxInComment" executed="True" result="Error" success="False" time="0.001" asserts="0">
                            <failure>
                              <message><![CDATA[SetUp : System.NullReferenceException : Object reference not set to an instance of an object.]]></message>
                              <stack-trace><![CDATA[at NijnCoach_Test.View.GuiTest.run() in \\vmware-host\Shared Folders\Documenten\Health-Informatics-Social-Phobia\Code\NijnCoach_Test\View\GuiTest.cs:line 154
at NijnCoach_Test.View.GuiTest.setUp() in \\vmware-host\Shared Folders\Documenten\Health-Informatics-Social-Phobia\Code\NijnCoach_Test\View\GuiTest.cs:line 144
at NijnCoach_Test.View.TherapistGUI.TherapistGUITest.setUp() in \\vmware-host\Shared Folders\Documenten\Health-Informatics-Social-Phobia\Code\NijnCoach_Test\View\TherapistGUI\TherapistGUITest.cs:line 45
]]></stack-trace>
                            </failure>
                          </test-case>
                          <test-case name="NijnCoach_Test.View.TherapistGUI.TherapistGUITestMCViaOpenAndComment.TherapistGUITest.testForVisibleEmotionComboBoxInMC" executed="True" result="Error" success="False" time="0.001" asserts="0">
                            <failure>
                              <message><![CDATA[SetUp : System.NullReferenceException : Object reference not set to an instance of an object.]]></message>
                              <stack-trace><![CDATA[at NijnCoach_Test.View.GuiTest.run() in \\vmware-host\Shared Folders\Documenten\Health-Informatics-Social-Phobia\Code\NijnCoach_Test\View\GuiTest.cs:line 154
at NijnCoach_Test.View.GuiTest.setUp() in \\vmware-host\Shared Folders\Documenten\Health-Informatics-Social-Phobia\Code\NijnCoach_Test\View\GuiTest.cs:line 144
at NijnCoach_Test.View.TherapistGUI.TherapistGUITest.setUp() in \\vmware-host\Shared Folders\Documenten\Health-Informatics-Social-Phobia\Code\NijnCoach_Test\View\TherapistGUI\TherapistGUITest.cs:line 45
]]></stack-trace>
                            </failure>
                          </test-case>
                          <test-case name="NijnCoach_Test.View.TherapistGUI.TherapistGUITestMCViaOpenAndComment.TherapistGUITest.testForVisibleEmotionComboBoxinOpen" executed="True" result="Error" success="False" time="0.001" asserts="0">
                            <failure>
                              <message><![CDATA[SetUp : System.NullReferenceException : Object reference not set to an instance of an object.]]></message>
                              <stack-trace><![CDATA[at NijnCoach_Test.View.GuiTest.run() in \\vmware-host\Shared Folders\Documenten\Health-Informatics-Social-Phobia\Code\NijnCoach_Test\View\GuiTest.cs:line 154
at NijnCoach_Test.View.GuiTest.setUp() in \\vmware-host\Shared Folders\Documenten\Health-Informatics-Social-Phobia\Code\NijnCoach_Test\View\GuiTest.cs:line 144
at NijnCoach_Test.View.TherapistGUI.TherapistGUITest.setUp() in \\vmware-host\Shared Folders\Documenten\Health-Informatics-Social-Phobia\Code\NijnCoach_Test\View\TherapistGUI\TherapistGUITest.cs:line 45
]]></stack-trace>
                            </failure>
                          </test-case>
                          <test-case name="NijnCoach_Test.View.TherapistGUI.TherapistGUITestMCViaOpenAndComment.TherapistGUITest.testForVisibleQuestionLabelsInMC" executed="True" result="Error" success="False" time="0.000" asserts="0">
                            <failure>
                              <message><![CDATA[SetUp : System.NullReferenceException : Object reference not set to an instance of an object.]]></message>
                              <stack-trace><![CDATA[at NijnCoach_Test.View.GuiTest.run() in \\vmware-host\Shared Folders\Documenten\Health-Informatics-Social-Phobia\Code\NijnCoach_Test\View\GuiTest.cs:line 154
at NijnCoach_Test.View.GuiTest.setUp() in \\vmware-host\Shared Folders\Documenten\Health-Informatics-Social-Phobia\Code\NijnCoach_Test\View\GuiTest.cs:line 144
at NijnCoach_Test.View.TherapistGUI.TherapistGUITest.setUp() in \\vmware-host\Shared Folders\Documenten\Health-Informatics-Social-Phobia\Code\NijnCoach_Test\View\TherapistGUI\TherapistGUITest.cs:line 45
]]></stack-trace>
                            </failure>
                          </test-case>
                          <test-case name="NijnCoach_Test.View.TherapistGUI.TherapistGUITestMCViaOpenAndComment.TherapistGUITest.testForVisibleQuestionTextBoxesInMC" executed="True" result="Error" success="False" time="0.000" asserts="0">
                            <failure>
                              <message><![CDATA[SetUp : System.NullReferenceException : Object reference not set to an instance of an object.]]></message>
                              <stack-trace><![CDATA[at NijnCoach_Test.View.GuiTest.run() in \\vmware-host\Shared Folders\Documenten\Health-Informatics-Social-Phobia\Code\NijnCoach_Test\View\GuiTest.cs:line 154
at NijnCoach_Test.View.GuiTest.setUp() in \\vmware-host\Shared Folders\Documenten\Health-Informatics-Social-Phobia\Code\NijnCoach_Test\View\GuiTest.cs:line 144
at NijnCoach_Test.View.TherapistGUI.TherapistGUITest.setUp() in \\vmware-host\Shared Folders\Documenten\Health-Informatics-Social-Phobia\Code\NijnCoach_Test\View\TherapistGUI\TherapistGUITest.cs:line 45
]]></stack-trace>
                            </failure>
                          </test-case>
                          <test-case name="NijnCoach_Test.View.TherapistGUI.TherapistGUITestMCViaOpenAndComment.TherapistGUITest.testForVisibleRemoveButtonInMC" executed="True" result="Error" success="False" time="0.000" asserts="0">
                            <failure>
                              <message><![CDATA[SetUp : System.NullReferenceException : Object reference not set to an instance of an object.]]></message>
                              <stack-trace><![CDATA[at NijnCoach_Test.View.GuiTest.run() in \\vmware-host\Shared Folders\Documenten\Health-Informatics-Social-Phobia\Code\NijnCoach_Test\View\GuiTest.cs:line 154
at NijnCoach_Test.View.GuiTest.setUp() in \\vmware-host\Shared Folders\Documenten\Health-Informatics-Social-Phobia\Code\NijnCoach_Test\View\GuiTest.cs:line 144
at NijnCoach_Test.View.TherapistGUI.TherapistGUITest.setUp() in \\vmware-host\Shared Folders\Documenten\Health-Informatics-Social-Phobia\Code\NijnCoach_Test\View\TherapistGUI\TherapistGUITest.cs:line 45
]]></stack-trace>
                            </failure>
                          </test-case>
                        </results>
                      </test-suite>
                      <test-suite type="TestFixture" name="TherapistGUITestOpenViaCommentAndMC" executed="True" result="Failure" success="False" time="0.231" asserts="0">
                        <results>
                          <test-case name="NijnCoach_Test.View.TherapistGUI.TherapistGUITestOpenViaCommentAndMC.TherapistGUITest.testForCheckedMCradioButtonInMC" executed="True" result="Error" success="False" time="0.000" asserts="0">
                            <failure>
                              <message><![CDATA[SetUp : System.NullReferenceException : Object reference not set to an instance of an object.]]></message>
                              <stack-trace><![CDATA[at NijnCoach_Test.View.GuiTest.run() in \\vmware-host\Shared Folders\Documenten\Health-Informatics-Social-Phobia\Code\NijnCoach_Test\View\GuiTest.cs:line 154
at NijnCoach_Test.View.GuiTest.setUp() in \\vmware-host\Shared Folders\Documenten\Health-Informatics-Social-Phobia\Code\NijnCoach_Test\View\GuiTest.cs:line 144
at NijnCoach_Test.View.TherapistGUI.TherapistGUITest.setUp() in \\vmware-host\Shared Folders\Documenten\Health-Informatics-Social-Phobia\Code\NijnCoach_Test\View\TherapistGUI\TherapistGUITest.cs:line 45
]]></stack-trace>
                            </failure>
                          </test-case>
                          <test-case name="NijnCoach_Test.View.TherapistGUI.TherapistGUITestOpenViaCommentAndMC.TherapistGUITest.testForClearAudioButton" executed="True" result="Error" success="False" time="0.000" asserts="0">
                            <failure>
                              <message><![CDATA[SetUp : System.NullReferenceException : Object reference not set to an instance of an object.]]></message>
                              <stack-trace><![CDATA[at NijnCoach_Test.View.GuiTest.run() in \\vmware-host\Shared Folders\Documenten\Health-Informatics-Social-Phobia\Code\NijnCoach_Test\View\GuiTest.cs:line 154
at NijnCoach_Test.View.GuiTest.setUp() in \\vmware-host\Shared Folders\Documenten\Health-Informatics-Social-Phobia\Code\NijnCoach_Test\View\GuiTest.cs:line 144
at NijnCoach_Test.View.TherapistGUI.TherapistGUITest.setUp() in \\vmware-host\Shared Folders\Documenten\Health-Informatics-Social-Phobia\Code\NijnCoach_Test\View\TherapistGUI\TherapistGUITest.cs:line 45
]]></stack-trace>
                            </failure>
                          </test-case>
                          <test-case name="NijnCoach_Test.View.TherapistGUI.TherapistGUITestOpenViaCommentAndMC.TherapistGUITest.testForCorrectRadioButtonCheckedinComment" executed="True" result="Error" success="False" time="0.001" asserts="0">
                            <failure>
                              <message><![CDATA[SetUp : System.NullReferenceException : Object reference not set to an instance of an object.]]></message>
                              <stack-trace><![CDATA[at NijnCoach_Test.View.GuiTest.run() in \\vmware-host\Shared Folders\Documenten\Health-Informatics-Social-Phobia\Code\NijnCoach_Test\View\GuiTest.cs:line 154
at NijnCoach_Test.View.GuiTest.setUp() in \\vmware-host\Shared Folders\Documenten\Health-Informatics-Social-Phobia\Code\NijnCoach_Test\View\GuiTest.cs:line 144
at NijnCoach_Test.View.TherapistGUI.TherapistGUITest.setUp() in \\vmware-host\Shared Folders\Documenten\Health-Informatics-Social-Phobia\Code\NijnCoach_Test\View\TherapistGUI\TherapistGUITest.cs:line 45
]]></stack-trace>
                            </failure>
                          </test-case>
                          <test-case name="NijnCoach_Test.View.TherapistGUI.TherapistGUITestOpenViaCommentAndMC.TherapistGUITest.testForCorrectRadioButtonCheckedinOpen" executed="True" result="Error" success="False" time="0.000" asserts="0">
                            <failure>
                              <message><![CDATA[SetUp : System.NullReferenceException : Object reference not set to an instance of an object.]]></message>
                              <stack-trace><![CDATA[at NijnCoach_Test.View.GuiTest.run() in \\vmware-host\Shared Folders\Documenten\Health-Informatics-Social-Phobia\Code\NijnCoach_Test\View\GuiTest.cs:line 154
at NijnCoach_Test.View.GuiTest.setUp() in \\vmware-host\Shared Folders\Documenten\Health-Informatics-Social-Phobia\Code\NijnCoach_Test\View\GuiTest.cs:line 144
at NijnCoach_Test.View.TherapistGUI.TherapistGUITest.setUp() in \\vmware-host\Shared Folders\Documenten\Health-Informatics-Social-Phobia\Code\NijnCoach_Test\View\TherapistGUI\TherapistGUITest.cs:line 45
]]></stack-trace>
                            </failure>
                          </test-case>
                          <test-case name="NijnCoach_Test.View.TherapistGUI.TherapistGUITestOpenViaCommentAndMC.TherapistGUITest.testForEmptyQuestionBoxinComment" executed="True" result="Error" success="False" time="0.000" asserts="0">
                            <failure>
                              <message><![CDATA[SetUp : System.NullReferenceException : Object reference not set to an instance of an object.]]></message>
                              <stack-trace><![CDATA[at NijnCoach_Test.View.GuiTest.run() in \\vmware-host\Shared Folders\Documenten\Health-Informatics-Social-Phobia\Code\NijnCoach_Test\View\GuiTest.cs:line 154
at NijnCoach_Test.View.GuiTest.setUp() in \\vmware-host\Shared Folders\Documenten\Health-Informatics-Social-Phobia\Code\NijnCoach_Test\View\GuiTest.cs:line 144
at NijnCoach_Test.View.TherapistGUI.TherapistGUITest.setUp() in \\vmware-host\Shared Folders\Documenten\Health-Informatics-Social-Phobia\Code\NijnCoach_Test\View\TherapistGUI\TherapistGUITest.cs:line 45
]]></stack-trace>
                            </failure>
                          </test-case>
                          <test-case name="NijnCoach_Test.View.TherapistGUI.TherapistGUITestOpenViaCommentAndMC.TherapistGUITest.testForEmptyQuestionBoxinOpen" executed="True" result="Error" success="False" time="0.000" asserts="0">
                            <failure>
                              <message><![CDATA[SetUp : System.NullReferenceException : Object reference not set to an instance of an object.]]></message>
                              <stack-trace><![CDATA[at NijnCoach_Test.View.GuiTest.run() in \\vmware-host\Shared Folders\Documenten\Health-Informatics-Social-Phobia\Code\NijnCoach_Test\View\GuiTest.cs:line 154
at NijnCoach_Test.View.GuiTest.setUp() in \\vmware-host\Shared Folders\Documenten\Health-Informatics-Social-Phobia\Code\NijnCoach_Test\View\GuiTest.cs:line 144
at NijnCoach_Test.View.TherapistGUI.TherapistGUITest.setUp() in \\vmware-host\Shared Folders\Documenten\Health-Informatics-Social-Phobia\Code\NijnCoach_Test\View\TherapistGUI\TherapistGUITest.cs:line 45
]]></stack-trace>
                            </failure>
                          </test-case>
                          <test-case name="NijnCoach_Test.View.TherapistGUI.TherapistGUITestOpenViaCommentAndMC.TherapistGUITest.testForFinishQuestionWithoutQuestions" executed="False" result="Ignored">
                            <reason>
                              <message><![CDATA[]]></message>
                            </reason>
                          </test-case>
                          <test-case name="NijnCoach_Test.View.TherapistGUI.TherapistGUITestOpenViaCommentAndMC.TherapistGUITest.testForInvisibleAddButtoninComment" executed="True" result="Error" success="False" time="0.000" asserts="0">
                            <failure>
                              <message><![CDATA[SetUp : System.NullReferenceException : Object reference not set to an instance of an object.]]></message>
                              <stack-trace><![CDATA[at NijnCoach_Test.View.GuiTest.run() in \\vmware-host\Shared Folders\Documenten\Health-Informatics-Social-Phobia\Code\NijnCoach_Test\View\GuiTest.cs:line 154
at NijnCoach_Test.View.GuiTest.setUp() in \\vmware-host\Shared Folders\Documenten\Health-Informatics-Social-Phobia\Code\NijnCoach_Test\View\GuiTest.cs:line 144
at NijnCoach_Test.View.TherapistGUI.TherapistGUITest.setUp() in \\vmware-host\Shared Folders\Documenten\Health-Informatics-Social-Phobia\Code\NijnCoach_Test\View\TherapistGUI\TherapistGUITest.cs:line 45
]]></stack-trace>
                            </failure>
                          </test-case>
                          <test-case name="NijnCoach_Test.View.TherapistGUI.TherapistGUITestOpenViaCommentAndMC.TherapistGUITest.testForInvisibleAddButtoninOpen" executed="True" result="Error" success="False" time="0.000" asserts="0">
                            <failure>
                              <message><![CDATA[SetUp : System.NullReferenceException : Object reference not set to an instance of an object.]]></message>
                              <stack-trace><![CDATA[at NijnCoach_Test.View.GuiTest.run() in \\vmware-host\Shared Folders\Documenten\Health-Informatics-Social-Phobia\Code\NijnCoach_Test\View\GuiTest.cs:line 154
at NijnCoach_Test.View.GuiTest.setUp() in \\vmware-host\Shared Folders\Documenten\Health-Informatics-Social-Phobia\Code\NijnCoach_Test\View\GuiTest.cs:line 144
at NijnCoach_Test.View.TherapistGUI.TherapistGUITest.setUp() in \\vmware-host\Shared Folders\Documenten\Health-Informatics-Social-Phobia\Code\NijnCoach_Test\View\TherapistGUI\TherapistGUITest.cs:line 45
]]></stack-trace>
                            </failure>
                          </test-case>
                          <test-case name="NijnCoach_Test.View.TherapistGUI.TherapistGUITestOpenViaCommentAndMC.TherapistGUITest.testForInvisibleAnswerEmotionLabelinComment" executed="True" result="Error" success="False" time="0.000" asserts="0">
                            <failure>
                              <message><![CDATA[SetUp : System.NullReferenceException : Object reference not set to an instance of an object.]]></message>
                              <stack-trace><![CDATA[at NijnCoach_Test.View.GuiTest.run() in \\vmware-host\Shared Folders\Documenten\Health-Informatics-Social-Phobia\Code\NijnCoach_Test\View\GuiTest.cs:line 154
at NijnCoach_Test.View.GuiTest.setUp() in \\vmware-host\Shared Folders\Documenten\Health-Informatics-Social-Phobia\Code\NijnCoach_Test\View\GuiTest.cs:line 144
at NijnCoach_Test.View.TherapistGUI.TherapistGUITest.setUp() in \\vmware-host\Shared Folders\Documenten\Health-Informatics-Social-Phobia\Code\NijnCoach_Test\View\TherapistGUI\TherapistGUITest.cs:line 45
]]></stack-trace>
                            </failure>
                          </test-case>
                          <test-case name="NijnCoach_Test.View.TherapistGUI.TherapistGUITestOpenViaCommentAndMC.TherapistGUITest.testForInvisibleAnswerEmotionLabelinOpen" executed="True" result="Error" success="False" time="0.000" asserts="0">
                            <failure>
                              <message><![CDATA[SetUp : System.NullReferenceException : Object reference not set to an instance of an object.]]></message>
                              <stack-trace><![CDATA[at NijnCoach_Test.View.GuiTest.run() in \\vmware-host\Shared Folders\Documenten\Health-Informatics-Social-Phobia\Code\NijnCoach_Test\View\GuiTest.cs:line 154
at NijnCoach_Test.View.GuiTest.setUp() in \\vmware-host\Shared Folders\Documenten\Health-Informatics-Social-Phobia\Code\NijnCoach_Test\View\GuiTest.cs:line 144
at NijnCoach_Test.View.TherapistGUI.TherapistGUITest.setUp() in \\vmware-host\Shared Folders\Documenten\Health-Informatics-Social-Phobia\Code\NijnCoach_Test\View\TherapistGUI\TherapistGUITest.cs:line 45
]]></stack-trace>
                            </failure>
                          </test-case>
                          <test-case name="NijnCoach_Test.View.TherapistGUI.TherapistGUITestOpenViaCommentAndMC.TherapistGUITest.testForInvisibleEmotionComboBoxinComment" executed="True" result="Error" success="False" time="0.000" asserts="0">
                            <failure>
                              <message><![CDATA[SetUp : System.NullReferenceException : Object reference not set to an instance of an object.]]></message>
                              <stack-trace><![CDATA[at NijnCoach_Test.View.GuiTest.run() in \\vmware-host\Shared Folders\Documenten\Health-Informatics-Social-Phobia\Code\NijnCoach_Test\View\GuiTest.cs:line 154
at NijnCoach_Test.View.GuiTest.setUp() in \\vmware-host\Shared Folders\Documenten\Health-Informatics-Social-Phobia\Code\NijnCoach_Test\View\GuiTest.cs:line 144
at NijnCoach_Test.View.TherapistGUI.TherapistGUITest.setUp() in \\vmware-host\Shared Folders\Documenten\Health-Informatics-Social-Phobia\Code\NijnCoach_Test\View\TherapistGUI\TherapistGUITest.cs:line 45
]]></stack-trace>
                            </failure>
                          </test-case>
                          <test-case name="NijnCoach_Test.View.TherapistGUI.TherapistGUITestOpenViaCommentAndMC.TherapistGUITest.testForInVisibleEmotionComboBoxInMC" executed="True" result="Error" success="False" time="0.000" asserts="0">
                            <failure>
                              <message><![CDATA[SetUp : System.NullReferenceException : Object reference not set to an instance of an object.]]></message>
                              <stack-trace><![CDATA[at NijnCoach_Test.View.GuiTest.run() in \\vmware-host\Shared Folders\Documenten\Health-Informatics-Social-Phobia\Code\NijnCoach_Test\View\GuiTest.cs:line 154
at NijnCoach_Test.View.GuiTest.setUp() in \\vmware-host\Shared Folders\Documenten\Health-Informatics-Social-Phobia\Code\NijnCoach_Test\View\GuiTest.cs:line 144
at NijnCoach_Test.View.TherapistGUI.TherapistGUITest.setUp() in \\vmware-host\Shared Folders\Documenten\Health-Informatics-Social-Phobia\Code\NijnCoach_Test\View\TherapistGUI\TherapistGUITest.cs:line 45
]]></stack-trace>
                            </failure>
                          </test-case>
                          <test-case name="NijnCoach_Test.View.TherapistGUI.TherapistGUITestOpenViaCommentAndMC.TherapistGUITest.testForInvisibleEmotionComboBoxinOpen" executed="True" result="Error" success="False" time="0.001" asserts="0">
                            <failure>
                              <message><![CDATA[SetUp : System.NullReferenceException : Object reference not set to an instance of an object.]]></message>
                              <stack-trace><![CDATA[at NijnCoach_Test.View.GuiTest.run() in \\vmware-host\Shared Folders\Documenten\Health-Informatics-Social-Phobia\Code\NijnCoach_Test\View\GuiTest.cs:line 154
at NijnCoach_Test.View.GuiTest.setUp() in \\vmware-host\Shared Folders\Documenten\Health-Informatics-Social-Phobia\Code\NijnCoach_Test\View\GuiTest.cs:line 144
at NijnCoach_Test.View.TherapistGUI.TherapistGUITest.setUp() in \\vmware-host\Shared Folders\Documenten\Health-Informatics-Social-Phobia\Code\NijnCoach_Test\View\TherapistGUI\TherapistGUITest.cs:line 45
]]></stack-trace>
                            </failure>
                          </test-case>
                          <test-case name="NijnCoach_Test.View.TherapistGUI.TherapistGUITestOpenViaCommentAndMC.TherapistGUITest.testForInvisibleQuestionLabelsinComment" executed="True" result="Error" success="False" time="0.000" asserts="0">
                            <failure>
                              <message><![CDATA[SetUp : System.NullReferenceException : Object reference not set to an instance of an object.]]></message>
                              <stack-trace><![CDATA[at NijnCoach_Test.View.GuiTest.run() in \\vmware-host\Shared Folders\Documenten\Health-Informatics-Social-Phobia\Code\NijnCoach_Test\View\GuiTest.cs:line 154
at NijnCoach_Test.View.GuiTest.setUp() in \\vmware-host\Shared Folders\Documenten\Health-Informatics-Social-Phobia\Code\NijnCoach_Test\View\GuiTest.cs:line 144
at NijnCoach_Test.View.TherapistGUI.TherapistGUITest.setUp() in \\vmware-host\Shared Folders\Documenten\Health-Informatics-Social-Phobia\Code\NijnCoach_Test\View\TherapistGUI\TherapistGUITest.cs:line 45
]]></stack-trace>
                            </failure>
                          </test-case>
                          <test-case name="NijnCoach_Test.View.TherapistGUI.TherapistGUITestOpenViaCommentAndMC.TherapistGUITest.testForInVisibleQuestionLabelsInMC" executed="True" result="Error" success="False" time="0.000" asserts="0">
                            <failure>
                              <message><![CDATA[SetUp : System.NullReferenceException : Object reference not set to an instance of an object.]]></message>
                              <stack-trace><![CDATA[at NijnCoach_Test.View.GuiTest.run() in \\vmware-host\Shared Folders\Documenten\Health-Informatics-Social-Phobia\Code\NijnCoach_Test\View\GuiTest.cs:line 154
at NijnCoach_Test.View.GuiTest.setUp() in \\vmware-host\Shared Folders\Documenten\Health-Informatics-Social-Phobia\Code\NijnCoach_Test\View\GuiTest.cs:line 144
at NijnCoach_Test.View.TherapistGUI.TherapistGUITest.setUp() in \\vmware-host\Shared Folders\Documenten\Health-Informatics-Social-Phobia\Code\NijnCoach_Test\View\TherapistGUI\TherapistGUITest.cs:line 45
]]></stack-trace>
                            </failure>
                          </test-case>
                          <test-case name="NijnCoach_Test.View.TherapistGUI.TherapistGUITestOpenViaCommentAndMC.TherapistGUITest.testForInvisibleQuestionLabelsinOpen" executed="True" result="Error" success="False" time="0.000" asserts="0">
                            <failure>
                              <message><![CDATA[SetUp : System.NullReferenceException : Object reference not set to an instance of an object.]]></message>
                              <stack-trace><![CDATA[at NijnCoach_Test.View.GuiTest.run() in \\vmware-host\Shared Folders\Documenten\Health-Informatics-Social-Phobia\Code\NijnCoach_Test\View\GuiTest.cs:line 154
at NijnCoach_Test.View.GuiTest.setUp() in \\vmware-host\Shared Folders\Documenten\Health-Informatics-Social-Phobia\Code\NijnCoach_Test\View\GuiTest.cs:line 144
at NijnCoach_Test.View.TherapistGUI.TherapistGUITest.setUp() in \\vmware-host\Shared Folders\Documenten\Health-Informatics-Social-Phobia\Code\NijnCoach_Test\View\TherapistGUI\TherapistGUITest.cs:line 45
]]></stack-trace>
                            </failure>
                          </test-case>
                          <test-case name="NijnCoach_Test.View.TherapistGUI.TherapistGUITestOpenViaCommentAndMC.TherapistGUITest.testForInvisibleQuestionTextBoxesinComment" executed="True" result="Error" success="False" time="0.000" asserts="0">
                            <failure>
                              <message><![CDATA[SetUp : System.NullReferenceException : Object reference not set to an instance of an object.]]></message>
                              <stack-trace><![CDATA[at NijnCoach_Test.View.GuiTest.run() in \\vmware-host\Shared Folders\Documenten\Health-Informatics-Social-Phobia\Code\NijnCoach_Test\View\GuiTest.cs:line 154
at NijnCoach_Test.View.GuiTest.setUp() in \\vmware-host\Shared Folders\Documenten\Health-Informatics-Social-Phobia\Code\NijnCoach_Test\View\GuiTest.cs:line 144
at NijnCoach_Test.View.TherapistGUI.TherapistGUITest.setUp() in \\vmware-host\Shared Folders\Documenten\Health-Informatics-Social-Phobia\Code\NijnCoach_Test\View\TherapistGUI\TherapistGUITest.cs:line 45
]]></stack-trace>
                            </failure>
                          </test-case>
                          <test-case name="NijnCoach_Test.View.TherapistGUI.TherapistGUITestOpenViaCommentAndMC.TherapistGUITest.testForInVisibleQuestionTextBoxesInMC" executed="True" result="Error" success="False" time="0.000" asserts="0">
                            <failure>
                              <message><![CDATA[SetUp : System.NullReferenceException : Object reference not set to an instance of an object.]]></message>
                              <stack-trace><![CDATA[at NijnCoach_Test.View.GuiTest.run() in \\vmware-host\Shared Folders\Documenten\Health-Informatics-Social-Phobia\Code\NijnCoach_Test\View\GuiTest.cs:line 154
at NijnCoach_Test.View.GuiTest.setUp() in \\vmware-host\Shared Folders\Documenten\Health-Informatics-Social-Phobia\Code\NijnCoach_Test\View\GuiTest.cs:line 144
at NijnCoach_Test.View.TherapistGUI.TherapistGUITest.setUp() in \\vmware-host\Shared Folders\Documenten\Health-Informatics-Social-Phobia\Code\NijnCoach_Test\View\TherapistGUI\TherapistGUITest.cs:line 45
]]></stack-trace>
                            </failure>
                          </test-case>
                          <test-case name="NijnCoach_Test.View.TherapistGUI.TherapistGUITestOpenViaCommentAndMC.TherapistGUITest.testForInvisibleQuestionTextBoxesinOpen" executed="True" result="Error" success="False" time="0.000" asserts="0">
                            <failure>
                              <message><![CDATA[SetUp : System.NullReferenceException : Object reference not set to an instance of an object.]]></message>
                              <stack-trace><![CDATA[at NijnCoach_Test.View.GuiTest.run() in \\vmware-host\Shared Folders\Documenten\Health-Informatics-Social-Phobia\Code\NijnCoach_Test\View\GuiTest.cs:line 154
at NijnCoach_Test.View.GuiTest.setUp() in \\vmware-host\Shared Folders\Documenten\Health-Informatics-Social-Phobia\Code\NijnCoach_Test\View\GuiTest.cs:line 144
at NijnCoach_Test.View.TherapistGUI.TherapistGUITest.setUp() in \\vmware-host\Shared Folders\Documenten\Health-Informatics-Social-Phobia\Code\NijnCoach_Test\View\TherapistGUI\TherapistGUITest.cs:line 45
]]></stack-trace>
                            </failure>
                          </test-case>
                          <test-case name="NijnCoach_Test.View.TherapistGUI.TherapistGUITestOpenViaCommentAndMC.TherapistGUITest.testForInvisibleRemoveButtoninComment" executed="True" result="Error" success="False" time="0.000" asserts="0">
                            <failure>
                              <message><![CDATA[SetUp : System.NullReferenceException : Object reference not set to an instance of an object.]]></message>
                              <stack-trace><![CDATA[at NijnCoach_Test.View.GuiTest.run() in \\vmware-host\Shared Folders\Documenten\Health-Informatics-Social-Phobia\Code\NijnCoach_Test\View\GuiTest.cs:line 154
at NijnCoach_Test.View.GuiTest.setUp() in \\vmware-host\Shared Folders\Documenten\Health-Informatics-Social-Phobia\Code\NijnCoach_Test\View\GuiTest.cs:line 144
at NijnCoach_Test.View.TherapistGUI.TherapistGUITest.setUp() in \\vmware-host\Shared Folders\Documenten\Health-Informatics-Social-Phobia\Code\NijnCoach_Test\View\TherapistGUI\TherapistGUITest.cs:line 45
]]></stack-trace>
                            </failure>
                          </test-case>
                          <test-case name="NijnCoach_Test.View.TherapistGUI.TherapistGUITestOpenViaCommentAndMC.TherapistGUITest.testForInvisibleRemoveButtoninOpen" executed="True" result="Error" success="False" time="0.001" asserts="0">
                            <failure>
                              <message><![CDATA[SetUp : System.NullReferenceException : Object reference not set to an instance of an object.]]></message>
                              <stack-trace><![CDATA[at NijnCoach_Test.View.GuiTest.run() in \\vmware-host\Shared Folders\Documenten\Health-Informatics-Social-Phobia\Code\NijnCoach_Test\View\GuiTest.cs:line 154
at NijnCoach_Test.View.GuiTest.setUp() in \\vmware-host\Shared Folders\Documenten\Health-Informatics-Social-Phobia\Code\NijnCoach_Test\View\GuiTest.cs:line 144
at NijnCoach_Test.View.TherapistGUI.TherapistGUITest.setUp() in \\vmware-host\Shared Folders\Documenten\Health-Informatics-Social-Phobia\Code\NijnCoach_Test\View\TherapistGUI\TherapistGUITest.cs:line 45
]]></stack-trace>
                            </failure>
                          </test-case>
                          <test-case name="NijnCoach_Test.View.TherapistGUI.TherapistGUITestOpenViaCommentAndMC.TherapistGUITest.testForLabelQisCommentinComment" executed="True" result="Error" success="False" time="0.001" asserts="0">
                            <failure>
                              <message><![CDATA[SetUp : System.NullReferenceException : Object reference not set to an instance of an object.]]></message>
                              <stack-trace><![CDATA[at NijnCoach_Test.View.GuiTest.run() in \\vmware-host\Shared Folders\Documenten\Health-Informatics-Social-Phobia\Code\NijnCoach_Test\View\GuiTest.cs:line 154
at NijnCoach_Test.View.GuiTest.setUp() in \\vmware-host\Shared Folders\Documenten\Health-Informatics-Social-Phobia\Code\NijnCoach_Test\View\GuiTest.cs:line 144
at NijnCoach_Test.View.TherapistGUI.TherapistGUITest.setUp() in \\vmware-host\Shared Folders\Documenten\Health-Informatics-Social-Phobia\Code\NijnCoach_Test\View\TherapistGUI\TherapistGUITest.cs:line 45
]]></stack-trace>
                            </failure>
                          </test-case>
                          <test-case name="NijnCoach_Test.View.TherapistGUI.TherapistGUITestOpenViaCommentAndMC.TherapistGUITest.testForLabelQisQuestionInMC" executed="True" result="Error" success="False" time="0.000" asserts="0">
                            <failure>
                              <message><![CDATA[SetUp : System.NullReferenceException : Object reference not set to an instance of an object.]]></message>
                              <stack-trace><![CDATA[at NijnCoach_Test.View.GuiTest.run() in \\vmware-host\Shared Folders\Documenten\Health-Informatics-Social-Phobia\Code\NijnCoach_Test\View\GuiTest.cs:line 154
at NijnCoach_Test.View.GuiTest.setUp() in \\vmware-host\Shared Folders\Documenten\Health-Informatics-Social-Phobia\Code\NijnCoach_Test\View\GuiTest.cs:line 144
at NijnCoach_Test.View.TherapistGUI.TherapistGUITest.setUp() in \\vmware-host\Shared Folders\Documenten\Health-Informatics-Social-Phobia\Code\NijnCoach_Test\View\TherapistGUI\TherapistGUITest.cs:line 45
]]></stack-trace>
                            </failure>
                          </test-case>
                          <test-case name="NijnCoach_Test.View.TherapistGUI.TherapistGUITestOpenViaCommentAndMC.TherapistGUITest.testForLabelQisQuestioninOpen" executed="True" result="Error" success="False" time="0.001" asserts="0">
                            <failure>
                              <message><![CDATA[SetUp : System.NullReferenceException : Object reference not set to an instance of an object.]]></message>
                              <stack-trace><![CDATA[at NijnCoach_Test.View.GuiTest.run() in \\vmware-host\Shared Folders\Documenten\Health-Informatics-Social-Phobia\Code\NijnCoach_Test\View\GuiTest.cs:line 154
at NijnCoach_Test.View.GuiTest.setUp() in \\vmware-host\Shared Folders\Documenten\Health-Informatics-Social-Phobia\Code\NijnCoach_Test\View\GuiTest.cs:line 144
at NijnCoach_Test.View.TherapistGUI.TherapistGUITest.setUp() in \\vmware-host\Shared Folders\Documenten\Health-Informatics-Social-Phobia\Code\NijnCoach_Test\View\TherapistGUI\TherapistGUITest.cs:line 45
]]></stack-trace>
                            </failure>
                          </test-case>
                          <test-case name="NijnCoach_Test.View.TherapistGUI.TherapistGUITestOpenViaCommentAndMC.TherapistGUITest.testForNextButton" executed="True" result="Error" success="False" time="0.000" asserts="0">
                            <failure>
                              <message><![CDATA[SetUp : System.NullReferenceException : Object reference not set to an instance of an object.]]></message>
                              <stack-trace><![CDATA[at NijnCoach_Test.View.GuiTest.run() in \\vmware-host\Shared Folders\Documenten\Health-Informatics-Social-Phobia\Code\NijnCoach_Test\View\GuiTest.cs:line 154
at NijnCoach_Test.View.GuiTest.setUp() in \\vmware-host\Shared Folders\Documenten\Health-Informatics-Social-Phobia\Code\NijnCoach_Test\View\GuiTest.cs:line 144
at NijnCoach_Test.View.TherapistGUI.TherapistGUITest.setUp() in \\vmware-host\Shared Folders\Documenten\Health-Informatics-Social-Phobia\Code\NijnCoach_Test\View\TherapistGUI\TherapistGUITest.cs:line 45
]]></stack-trace>
                            </failure>
                          </test-case>
                          <test-case name="NijnCoach_Test.View.TherapistGUI.TherapistGUITestOpenViaCommentAndMC.TherapistGUITest.testForVerifyWhenAddClickedInMC" executed="True" result="Error" success="False" time="0.000" asserts="0">
                            <failure>
                              <message><![CDATA[SetUp : System.NullReferenceException : Object reference not set to an instance of an object.]]></message>
                              <stack-trace><![CDATA[at NijnCoach_Test.View.GuiTest.run() in \\vmware-host\Shared Folders\Documenten\Health-Informatics-Social-Phobia\Code\NijnCoach_Test\View\GuiTest.cs:line 154
at NijnCoach_Test.View.GuiTest.setUp() in \\vmware-host\Shared Folders\Documenten\Health-Informatics-Social-Phobia\Code\NijnCoach_Test\View\GuiTest.cs:line 144
at NijnCoach_Test.View.TherapistGUI.TherapistGUITest.setUp() in \\vmware-host\Shared Folders\Documenten\Health-Informatics-Social-Phobia\Code\NijnCoach_Test\View\TherapistGUI\TherapistGUITest.cs:line 45
]]></stack-trace>
                            </failure>
                          </test-case>
                          <test-case name="NijnCoach_Test.View.TherapistGUI.TherapistGUITestOpenViaCommentAndMC.TherapistGUITest.testForVerifyWhenRemoveClickedWithThreeOptionsInMC" executed="True" result="Error" success="False" time="0.000" asserts="0">
                            <failure>
                              <message><![CDATA[SetUp : System.NullReferenceException : Object reference not set to an instance of an object.]]></message>
                              <stack-trace><![CDATA[at NijnCoach_Test.View.GuiTest.run() in \\vmware-host\Shared Folders\Documenten\Health-Informatics-Social-Phobia\Code\NijnCoach_Test\View\GuiTest.cs:line 154
at NijnCoach_Test.View.GuiTest.setUp() in \\vmware-host\Shared Folders\Documenten\Health-Informatics-Social-Phobia\Code\NijnCoach_Test\View\GuiTest.cs:line 144
at NijnCoach_Test.View.TherapistGUI.TherapistGUITest.setUp() in \\vmware-host\Shared Folders\Documenten\Health-Informatics-Social-Phobia\Code\NijnCoach_Test\View\TherapistGUI\TherapistGUITest.cs:line 45
]]></stack-trace>
                            </failure>
                          </test-case>
                          <test-case name="NijnCoach_Test.View.TherapistGUI.TherapistGUITestOpenViaCommentAndMC.TherapistGUITest.testForVerifyWhenRemoveClickedWithTwoOptionsInMC" executed="True" result="Error" success="False" time="0.001" asserts="0">
                            <failure>
                              <message><![CDATA[SetUp : System.NullReferenceException : Object reference not set to an instance of an object.]]></message>
                              <stack-trace><![CDATA[at NijnCoach_Test.View.GuiTest.run() in \\vmware-host\Shared Folders\Documenten\Health-Informatics-Social-Phobia\Code\NijnCoach_Test\View\GuiTest.cs:line 154
at NijnCoach_Test.View.GuiTest.setUp() in \\vmware-host\Shared Folders\Documenten\Health-Informatics-Social-Phobia\Code\NijnCoach_Test\View\GuiTest.cs:line 144
at NijnCoach_Test.View.TherapistGUI.TherapistGUITest.setUp() in \\vmware-host\Shared Folders\Documenten\Health-Informatics-Social-Phobia\Code\NijnCoach_Test\View\TherapistGUI\TherapistGUITest.cs:line 45
]]></stack-trace>
                            </failure>
                          </test-case>
                          <test-case name="NijnCoach_Test.View.TherapistGUI.TherapistGUITestOpenViaCommentAndMC.TherapistGUITest.testForVisibleAddButtonInMC" executed="True" result="Error" success="False" time="0.000" asserts="0">
                            <failure>
                              <message><![CDATA[SetUp : System.NullReferenceException : Object reference not set to an instance of an object.]]></message>
                              <stack-trace><![CDATA[at NijnCoach_Test.View.GuiTest.run() in \\vmware-host\Shared Folders\Documenten\Health-Informatics-Social-Phobia\Code\NijnCoach_Test\View\GuiTest.cs:line 154
at NijnCoach_Test.View.GuiTest.setUp() in \\vmware-host\Shared Folders\Documenten\Health-Informatics-Social-Phobia\Code\NijnCoach_Test\View\GuiTest.cs:line 144
at NijnCoach_Test.View.TherapistGUI.TherapistGUITest.setUp() in \\vmware-host\Shared Folders\Documenten\Health-Informatics-Social-Phobia\Code\NijnCoach_Test\View\TherapistGUI\TherapistGUITest.cs:line 45
]]></stack-trace>
                            </failure>
                          </test-case>
                          <test-case name="NijnCoach_Test.View.TherapistGUI.TherapistGUITestOpenViaCommentAndMC.TherapistGUITest.testForVisibleAudioFrag" executed="True" result="Error" success="False" time="0.000" asserts="0">
                            <failure>
                              <message><![CDATA[SetUp : System.NullReferenceException : Object reference not set to an instance of an object.]]></message>
                              <stack-trace><![CDATA[at NijnCoach_Test.View.GuiTest.run() in \\vmware-host\Shared Folders\Documenten\Health-Informatics-Social-Phobia\Code\NijnCoach_Test\View\GuiTest.cs:line 154
at NijnCoach_Test.View.GuiTest.setUp() in \\vmware-host\Shared Folders\Documenten\Health-Informatics-Social-Phobia\Code\NijnCoach_Test\View\GuiTest.cs:line 144
at NijnCoach_Test.View.TherapistGUI.TherapistGUITest.setUp() in \\vmware-host\Shared Folders\Documenten\Health-Informatics-Social-Phobia\Code\NijnCoach_Test\View\TherapistGUI\TherapistGUITest.cs:line 45
]]></stack-trace>
                            </failure>
                          </test-case>
                          <test-case name="NijnCoach_Test.View.TherapistGUI.TherapistGUITestOpenViaCommentAndMC.TherapistGUITest.testForVisibleEmotionAnswerLabelInMC" executed="True" result="Error" success="False" time="0.000" asserts="0">
                            <failure>
                              <message><![CDATA[SetUp : System.NullReferenceException : Object reference not set to an instance of an object.]]></message>
                              <stack-trace><![CDATA[at NijnCoach_Test.View.GuiTest.run() in \\vmware-host\Shared Folders\Documenten\Health-Informatics-Social-Phobia\Code\NijnCoach_Test\View\GuiTest.cs:line 154
at NijnCoach_Test.View.GuiTest.setUp() in \\vmware-host\Shared Folders\Documenten\Health-Informatics-Social-Phobia\Code\NijnCoach_Test\View\GuiTest.cs:line 144
at NijnCoach_Test.View.TherapistGUI.TherapistGUITest.setUp() in \\vmware-host\Shared Folders\Documenten\Health-Informatics-Social-Phobia\Code\NijnCoach_Test\View\TherapistGUI\TherapistGUITest.cs:line 45
]]></stack-trace>
                            </failure>
                          </test-case>
                          <test-case name="NijnCoach_Test.View.TherapistGUI.TherapistGUITestOpenViaCommentAndMC.TherapistGUITest.testForVisibleEmotionComboBoxInComment" executed="True" result="Error" success="False" time="0.001" asserts="0">
                            <failure>
                              <message><![CDATA[SetUp : System.NullReferenceException : Object reference not set to an instance of an object.]]></message>
                              <stack-trace><![CDATA[at NijnCoach_Test.View.GuiTest.run() in \\vmware-host\Shared Folders\Documenten\Health-Informatics-Social-Phobia\Code\NijnCoach_Test\View\GuiTest.cs:line 154
at NijnCoach_Test.View.GuiTest.setUp() in \\vmware-host\Shared Folders\Documenten\Health-Informatics-Social-Phobia\Code\NijnCoach_Test\View\GuiTest.cs:line 144
at NijnCoach_Test.View.TherapistGUI.TherapistGUITest.setUp() in \\vmware-host\Shared Folders\Documenten\Health-Informatics-Social-Phobia\Code\NijnCoach_Test\View\TherapistGUI\TherapistGUITest.cs:line 45
]]></stack-trace>
                            </failure>
                          </test-case>
                          <test-case name="NijnCoach_Test.View.TherapistGUI.TherapistGUITestOpenViaCommentAndMC.TherapistGUITest.testForVisibleEmotionComboBoxInMC" executed="True" result="Error" success="False" time="0.000" asserts="0">
                            <failure>
                              <message><![CDATA[SetUp : System.NullReferenceException : Object reference not set to an instance of an object.]]></message>
                              <stack-trace><![CDATA[at NijnCoach_Test.View.GuiTest.run() in \\vmware-host\Shared Folders\Documenten\Health-Informatics-Social-Phobia\Code\NijnCoach_Test\View\GuiTest.cs:line 154
at NijnCoach_Test.View.GuiTest.setUp() in \\vmware-host\Shared Folders\Documenten\Health-Informatics-Social-Phobia\Code\NijnCoach_Test\View\GuiTest.cs:line 144
at NijnCoach_Test.View.TherapistGUI.TherapistGUITest.setUp() in \\vmware-host\Shared Folders\Documenten\Health-Informatics-Social-Phobia\Code\NijnCoach_Test\View\TherapistGUI\TherapistGUITest.cs:line 45
]]></stack-trace>
                            </failure>
                          </test-case>
                          <test-case name="NijnCoach_Test.View.TherapistGUI.TherapistGUITestOpenViaCommentAndMC.TherapistGUITest.testForVisibleEmotionComboBoxinOpen" executed="True" result="Error" success="False" time="0.000" asserts="0">
                            <failure>
                              <message><![CDATA[SetUp : System.NullReferenceException : Object reference not set to an instance of an object.]]></message>
                              <stack-trace><![CDATA[at NijnCoach_Test.View.GuiTest.run() in \\vmware-host\Shared Folders\Documenten\Health-Informatics-Social-Phobia\Code\NijnCoach_Test\View\GuiTest.cs:line 154
at NijnCoach_Test.View.GuiTest.setUp() in \\vmware-host\Shared Folders\Documenten\Health-Informatics-Social-Phobia\Code\NijnCoach_Test\View\GuiTest.cs:line 144
at NijnCoach_Test.View.TherapistGUI.TherapistGUITest.setUp() in \\vmware-host\Shared Folders\Documenten\Health-Informatics-Social-Phobia\Code\NijnCoach_Test\View\TherapistGUI\TherapistGUITest.cs:line 45
]]></stack-trace>
                            </failure>
                          </test-case>
                          <test-case name="NijnCoach_Test.View.TherapistGUI.TherapistGUITestOpenViaCommentAndMC.TherapistGUITest.testForVisibleQuestionLabelsInMC" executed="True" result="Error" success="False" time="0.000" asserts="0">
                            <failure>
                              <message><![CDATA[SetUp : System.NullReferenceException : Object reference not set to an instance of an object.]]></message>
                              <stack-trace><![CDATA[at NijnCoach_Test.View.GuiTest.run() in \\vmware-host\Shared Folders\Documenten\Health-Informatics-Social-Phobia\Code\NijnCoach_Test\View\GuiTest.cs:line 154
at NijnCoach_Test.View.GuiTest.setUp() in \\vmware-host\Shared Folders\Documenten\Health-Informatics-Social-Phobia\Code\NijnCoach_Test\View\GuiTest.cs:line 144
at NijnCoach_Test.View.TherapistGUI.TherapistGUITest.setUp() in \\vmware-host\Shared Folders\Documenten\Health-Informatics-Social-Phobia\Code\NijnCoach_Test\View\TherapistGUI\TherapistGUITest.cs:line 45
]]></stack-trace>
                            </failure>
                          </test-case>
                          <test-case name="NijnCoach_Test.View.TherapistGUI.TherapistGUITestOpenViaCommentAndMC.TherapistGUITest.testForVisibleQuestionTextBoxesInMC" executed="True" result="Error" success="False" time="0.000" asserts="0">
                            <failure>
                              <message><![CDATA[SetUp : System.NullReferenceException : Object reference not set to an instance of an object.]]></message>
                              <stack-trace><![CDATA[at NijnCoach_Test.View.GuiTest.run() in \\vmware-host\Shared Folders\Documenten\Health-Informatics-Social-Phobia\Code\NijnCoach_Test\View\GuiTest.cs:line 154
at NijnCoach_Test.View.GuiTest.setUp() in \\vmware-host\Shared Folders\Documenten\Health-Informatics-Social-Phobia\Code\NijnCoach_Test\View\GuiTest.cs:line 144
at NijnCoach_Test.View.TherapistGUI.TherapistGUITest.setUp() in \\vmware-host\Shared Folders\Documenten\Health-Informatics-Social-Phobia\Code\NijnCoach_Test\View\TherapistGUI\TherapistGUITest.cs:line 45
]]></stack-trace>
                            </failure>
                          </test-case>
                          <test-case name="NijnCoach_Test.View.TherapistGUI.TherapistGUITestOpenViaCommentAndMC.TherapistGUITest.testForVisibleRemoveButtonInMC" executed="True" result="Error" success="False" time="0.001" asserts="0">
                            <failure>
                              <message><![CDATA[SetUp : System.NullReferenceException : Object reference not set to an instance of an object.]]></message>
                              <stack-trace><![CDATA[at NijnCoach_Test.View.GuiTest.run() in \\vmware-host\Shared Folders\Documenten\Health-Informatics-Social-Phobia\Code\NijnCoach_Test\View\GuiTest.cs:line 154
at NijnCoach_Test.View.GuiTest.setUp() in \\vmware-host\Shared Folders\Documenten\Health-Informatics-Social-Phobia\Code\NijnCoach_Test\View\GuiTest.cs:line 144
at NijnCoach_Test.View.TherapistGUI.TherapistGUITest.setUp() in \\vmware-host\Shared Folders\Documenten\Health-Informatics-Social-Phobia\Code\NijnCoach_Test\View\TherapistGUI\TherapistGUITest.cs:line 45
]]></stack-trace>
                            </failure>
                          </test-case>
                        </results>
                      </test-suite>
                    </results>
                  </test-suite>
                </results>
              </test-suite>
            </results>
          </test-suite>
        </results>
      </test-suite>
    </results>
  </test-suite>
</test-results>